time : 18-04-05 12:03:12 message: {"type":["validation.required"],"user_id":["validation.required"],"to_user_id":["validation.required"],"message":["validation.required"]}
time : 18-04-05 12:04:18 message: {"type":["validation.required"],"user_id":["validation.required"],"to_user_id":["validation.required"],"message":["validation.required"]}
time : 18-04-05 12:06:33 message: {"type":["validation.in"]}
time : 18-04-05 12:06:35 message: {"type":["validation.in"]}
time : 18-04-05 12:06:50 message: {"type":["validation.in"]}
time : 18-04-05 12:07:09 message: {"type":["validation.in"]}
time : 18-04-05 12:09:53 message: {"type":["validation.in"]}
time : 18-04-05 12:09:54 message: {"type":["validation.in"]}
time : 18-04-05 12:10:51 message: {"type":["validation.in"]}
time : 18-04-05 12:10:52 message: {"type":["validation.in"]}
time : 18-04-05 20:26:05 message: {"user_id":["validation.required"]}
time : 18-04-05 20:26:10 message: {"user_id":["validation.required"]}
time : 18-04-05 20:26:11 message: {"user_id":["validation.required"]}
time : 18-04-05 20:27:24 message: {"user_id":["validation.required"]}
time : 18-04-05 20:27:30 message: {"user_id":["validation.email"]}
time : 18-04-05 20:27:31 message: {"user_id":["validation.email"]}
time : 18-04-05 21:06:21 message: {"user_id":["validation.required"]}
time : 18-04-07 11:41:26 message: PDOException: SQLSTATE[HY000]: General error: 1366 Incorrect integer value: '' for column 'to_user_id' at row 1 in /Users/apple/Code/Swoole_Chat/swoole_chat_framework/vendor/illuminate/database/Connection.php:458
Stack trace:
#0 /Users/apple/Code/Swoole_Chat/swoole_chat_framework/vendor/illuminate/database/Connection.php(458): PDOStatement->execute()
#1 /Users/apple/Code/Swoole_Chat/swoole_chat_framework/vendor/illuminate/database/Connection.php(657): Illuminate\Database\Connection->Illuminate\Database\{closure}('insert into `ch...', Array)
#2 /Users/apple/Code/Swoole_Chat/swoole_chat_framework/vendor/illuminate/database/Connection.php(624): Illuminate\Database\Connection->runQueryCallback('insert into `ch...', Array, Object(Closure))
#3 /Users/apple/Code/Swoole_Chat/swoole_chat_framework/vendor/illuminate/database/Connection.php(459): Illuminate\Database\Connection->run('insert into `ch...', Array, Object(Closure))
#4 /Users/apple/Code/Swoole_Chat/swoole_chat_framework/vendor/illuminate/database/Connection.php(411): Illuminate\Database\Connection->statement('insert into `ch...', Array)
#5 /Users/apple/Code/Swoole_Chat/swoole_chat_framework/vendor/illuminate/database/Query/Processors/Processor.php(32): Illuminate\Database\Connection->insert('insert into `ch...', Array)
#6 /Users/apple/Code/Swoole_Chat/swoole_chat_framework/vendor/illuminate/database/Query/Builder.php(2135): Illuminate\Database\Query\Processors\Processor->processInsertGetId(Object(Illuminate\Database\Query\Builder), 'insert into `ch...', Array, 'id')
#7 /Users/apple/Code/Swoole_Chat/swoole_chat_framework/vendor/illuminate/database/Eloquent/Builder.php(1270): Illuminate\Database\Query\Builder->insertGetId(Array, 'id')
#8 /Users/apple/Code/Swoole_Chat/swoole_chat_framework/vendor/illuminate/database/Eloquent/Model.php(708): Illuminate\Database\Eloquent\Builder->__call('insertGetId', Array)
#9 /Users/apple/Code/Swoole_Chat/swoole_chat_framework/vendor/illuminate/database/Eloquent/Model.php(673): Illuminate\Database\Eloquent\Model->insertAndSetId(Object(Illuminate\Database\Eloquent\Builder), Array)
#10 /Users/apple/Code/Swoole_Chat/swoole_chat_framework/vendor/illuminate/database/Eloquent/Model.php(536): Illuminate\Database\Eloquent\Model->performInsert(Object(Illuminate\Database\Eloquent\Builder))
#11 /Users/apple/Code/Swoole_Chat/swoole_chat_framework/vendor/illuminate/database/Eloquent/Builder.php(753): Illuminate\Database\Eloquent\Model->save()
#12 /Users/apple/Code/Swoole_Chat/swoole_chat_framework/vendor/illuminate/support/helpers.php(1035): Illuminate\Database\Eloquent\Builder->Illuminate\Database\Eloquent\{closure}(Object(App\Base\UserCenter\UserChat))
#13 /Users/apple/Code/Swoole_Chat/swoole_chat_framework/vendor/illuminate/database/Eloquent/Builder.php(754): tap(Object(App\Base\UserCenter\UserChat), Object(Closure))
#14 /Users/apple/Code/Swoole_Chat/swoole_chat_framework/vendor/illuminate/database/Eloquent/Model.php(1417): Illuminate\Database\Eloquent\Builder->create(Array)
#15 /Users/apple/Code/Swoole_Chat/swoole_chat_framework/vendor/illuminate/database/Eloquent/Model.php(1434): Illuminate\Database\Eloquent\Model->__call('create', Array)
#16 /Users/apple/Code/Swoole_Chat/swoole_chat_framework/App/Logic/UserCenter/UserChatLogic.php(20): Illuminate\Database\Eloquent\Model::__callStatic('create', Array)
#17 [internal function]: App\Logic\UserCenter\UserChatLogic->insert(Array)
#18 /Users/apple/Code/Swoole_Chat/swoole_chat_framework/App/Vendor/Invoker/Invoker.php(15): ReflectionMethod->invokeArgs(Object(App\Logic\UserCenter\UserChatLogic), Array)
#19 /Users/apple/Code/Swoole_Chat/swoole_chat_framework/App/Repository/UserCenter/Instances/UserChatRepository.php(14): App\Vendor\Invoker\Invoker::execute(Array, Array)
#20 /Users/apple/Code/Swoole_Chat/swoole_chat_framework/App/Bll/WebSocket/Register.php(111): App\Repository\UserCenter\Instances\UserChatRepository->insert(Array)
#21 /Users/apple/Code/Swoole_Chat/swoole_chat_framework/App/Bll/WebSocket/Register.php(35): App\Bll\WebSocket\Register->sendPrivateMessage(Object(Core\Component\Socket\Common\Command), Object(Core\Component\Socket\Client\TcpClient))
#22 [internal function]: App\Bll\WebSocket\Register->App\Bll\WebSocket\{closure}(Object(Core\Component\Socket\Common\Command), Object(Core\Component\Socket\Client\TcpClient))
#23 /Users/apple/Code/Swoole_Chat/swoole_chat_framework/Core/Component/Socket/Dispatcher.php(70): call_user_func_array(Object(Closure), Array)
#24 /Users/apple/Code/Swoole_Chat/swoole_chat_framework/Core/Component/Socket/Dispatcher.php(59): Core\Component\Socket\Dispatcher->run(Object(Core\Component\Socket\Client\TcpClient), '{"action":"PRIV...')
#25 /Users/apple/Code/Swoole_Chat/swoole_chat_framework/Conf/Event.php(51): Core\Component\Socket\Dispatcher->dispatchWEBSOCK(Object(Swoole\WebSocket\Frame))
#26 {main}

Next Illuminate\Database\QueryException: SQLSTATE[HY000]: General error: 1366 Incorrect integer value: '' for column 'to_user_id' at row 1 (SQL: insert into `chat_content` (`user_id`, `to_user_id`, `action`, `chat_content`, `updated_at`, `created_at`) values (81, , PRIVATE, adsfa, 2018-04-07 11:41:26, 2018-04-07 11:41:26)) in /Users/apple/Code/Swoole_Chat/swoole_chat_framework/vendor/illuminate/database/Connection.php:664
Stack trace:
#0 /Users/apple/Code/Swoole_Chat/swoole_chat_framework/vendor/illuminate/database/Connection.php(624): Illuminate\Database\Connection->runQueryCallback('insert into `ch...', Array, Object(Closure))
#1 /Users/apple/Code/Swoole_Chat/swoole_chat_framework/vendor/illuminate/database/Connection.php(459): Illuminate\Database\Connection->run('insert into `ch...', Array, Object(Closure))
#2 /Users/apple/Code/Swoole_Chat/swoole_chat_framework/vendor/illuminate/database/Connection.php(411): Illuminate\Database\Connection->statement('insert into `ch...', Array)
#3 /Users/apple/Code/Swoole_Chat/swoole_chat_framework/vendor/illuminate/database/Query/Processors/Processor.php(32): Illuminate\Database\Connection->insert('insert into `ch...', Array)
#4 /Users/apple/Code/Swoole_Chat/swoole_chat_framework/vendor/illuminate/database/Query/Builder.php(2135): Illuminate\Database\Query\Processors\Processor->processInsertGetId(Object(Illuminate\Database\Query\Builder), 'insert into `ch...', Array, 'id')
#5 /Users/apple/Code/Swoole_Chat/swoole_chat_framework/vendor/illuminate/database/Eloquent/Builder.php(1270): Illuminate\Database\Query\Builder->insertGetId(Array, 'id')
#6 /Users/apple/Code/Swoole_Chat/swoole_chat_framework/vendor/illuminate/database/Eloquent/Model.php(708): Illuminate\Database\Eloquent\Builder->__call('insertGetId', Array)
#7 /Users/apple/Code/Swoole_Chat/swoole_chat_framework/vendor/illuminate/database/Eloquent/Model.php(673): Illuminate\Database\Eloquent\Model->insertAndSetId(Object(Illuminate\Database\Eloquent\Builder), Array)
#8 /Users/apple/Code/Swoole_Chat/swoole_chat_framework/vendor/illuminate/database/Eloquent/Model.php(536): Illuminate\Database\Eloquent\Model->performInsert(Object(Illuminate\Database\Eloquent\Builder))
#9 /Users/apple/Code/Swoole_Chat/swoole_chat_framework/vendor/illuminate/database/Eloquent/Builder.php(753): Illuminate\Database\Eloquent\Model->save()
#10 /Users/apple/Code/Swoole_Chat/swoole_chat_framework/vendor/illuminate/support/helpers.php(1035): Illuminate\Database\Eloquent\Builder->Illuminate\Database\Eloquent\{closure}(Object(App\Base\UserCenter\UserChat))
#11 /Users/apple/Code/Swoole_Chat/swoole_chat_framework/vendor/illuminate/database/Eloquent/Builder.php(754): tap(Object(App\Base\UserCenter\UserChat), Object(Closure))
#12 /Users/apple/Code/Swoole_Chat/swoole_chat_framework/vendor/illuminate/database/Eloquent/Model.php(1417): Illuminate\Database\Eloquent\Builder->create(Array)
#13 /Users/apple/Code/Swoole_Chat/swoole_chat_framework/vendor/illuminate/database/Eloquent/Model.php(1434): Illuminate\Database\Eloquent\Model->__call('create', Array)
#14 /Users/apple/Code/Swoole_Chat/swoole_chat_framework/App/Logic/UserCenter/UserChatLogic.php(20): Illuminate\Database\Eloquent\Model::__callStatic('create', Array)
#15 [internal function]: App\Logic\UserCenter\UserChatLogic->insert(Array)
#16 /Users/apple/Code/Swoole_Chat/swoole_chat_framework/App/Vendor/Invoker/Invoker.php(15): ReflectionMethod->invokeArgs(Object(App\Logic\UserCenter\UserChatLogic), Array)
#17 /Users/apple/Code/Swoole_Chat/swoole_chat_framework/App/Repository/UserCenter/Instances/UserChatRepository.php(14): App\Vendor\Invoker\Invoker::execute(Array, Array)
#18 /Users/apple/Code/Swoole_Chat/swoole_chat_framework/App/Bll/WebSocket/Register.php(111): App\Repository\UserCenter\Instances\UserChatRepository->insert(Array)
#19 /Users/apple/Code/Swoole_Chat/swoole_chat_framework/App/Bll/WebSocket/Register.php(35): App\Bll\WebSocket\Register->sendPrivateMessage(Object(Core\Component\Socket\Common\Command), Object(Core\Component\Socket\Client\TcpClient))
#20 [internal function]: App\Bll\WebSocket\Register->App\Bll\WebSocket\{closure}(Object(Core\Component\Socket\Common\Command), Object(Core\Component\Socket\Client\TcpClient))
#21 /Users/apple/Code/Swoole_Chat/swoole_chat_framework/Core/Component/Socket/Dispatcher.php(70): call_user_func_array(Object(Closure), Array)
#22 /Users/apple/Code/Swoole_Chat/swoole_chat_framework/Core/Component/Socket/Dispatcher.php(59): Core\Component\Socket\Dispatcher->run(Object(Core\Component\Socket\Client\TcpClient), '{"action":"PRIV...')
#23 /Users/apple/Code/Swoole_Chat/swoole_chat_framework/Conf/Event.php(51): Core\Component\Socket\Dispatcher->dispatchWEBSOCK(Object(Swoole\WebSocket\Frame))
#24 {main}
time : 18-04-07 12:12:16 message: PDOException: SQLSTATE[HY000]: General error: 1366 Incorrect integer value: '' for column 'to_user_id' at row 1 in /Users/apple/Code/Swoole_Chat/swoole_chat_framework/vendor/illuminate/database/Connection.php:458
Stack trace:
#0 /Users/apple/Code/Swoole_Chat/swoole_chat_framework/vendor/illuminate/database/Connection.php(458): PDOStatement->execute()
#1 /Users/apple/Code/Swoole_Chat/swoole_chat_framework/vendor/illuminate/database/Connection.php(657): Illuminate\Database\Connection->Illuminate\Database\{closure}('insert into `ch...', Array)
#2 /Users/apple/Code/Swoole_Chat/swoole_chat_framework/vendor/illuminate/database/Connection.php(624): Illuminate\Database\Connection->runQueryCallback('insert into `ch...', Array, Object(Closure))
#3 /Users/apple/Code/Swoole_Chat/swoole_chat_framework/vendor/illuminate/database/Connection.php(459): Illuminate\Database\Connection->run('insert into `ch...', Array, Object(Closure))
#4 /Users/apple/Code/Swoole_Chat/swoole_chat_framework/vendor/illuminate/database/Connection.php(411): Illuminate\Database\Connection->statement('insert into `ch...', Array)
#5 /Users/apple/Code/Swoole_Chat/swoole_chat_framework/vendor/illuminate/database/Query/Processors/Processor.php(32): Illuminate\Database\Connection->insert('insert into `ch...', Array)
#6 /Users/apple/Code/Swoole_Chat/swoole_chat_framework/vendor/illuminate/database/Query/Builder.php(2135): Illuminate\Database\Query\Processors\Processor->processInsertGetId(Object(Illuminate\Database\Query\Builder), 'insert into `ch...', Array, 'id')
#7 /Users/apple/Code/Swoole_Chat/swoole_chat_framework/vendor/illuminate/database/Eloquent/Builder.php(1270): Illuminate\Database\Query\Builder->insertGetId(Array, 'id')
#8 /Users/apple/Code/Swoole_Chat/swoole_chat_framework/vendor/illuminate/database/Eloquent/Model.php(708): Illuminate\Database\Eloquent\Builder->__call('insertGetId', Array)
#9 /Users/apple/Code/Swoole_Chat/swoole_chat_framework/vendor/illuminate/database/Eloquent/Model.php(673): Illuminate\Database\Eloquent\Model->insertAndSetId(Object(Illuminate\Database\Eloquent\Builder), Array)
#10 /Users/apple/Code/Swoole_Chat/swoole_chat_framework/vendor/illuminate/database/Eloquent/Model.php(536): Illuminate\Database\Eloquent\Model->performInsert(Object(Illuminate\Database\Eloquent\Builder))
#11 /Users/apple/Code/Swoole_Chat/swoole_chat_framework/vendor/illuminate/database/Eloquent/Builder.php(753): Illuminate\Database\Eloquent\Model->save()
#12 /Users/apple/Code/Swoole_Chat/swoole_chat_framework/vendor/illuminate/support/helpers.php(1035): Illuminate\Database\Eloquent\Builder->Illuminate\Database\Eloquent\{closure}(Object(App\Base\UserCenter\UserChat))
#13 /Users/apple/Code/Swoole_Chat/swoole_chat_framework/vendor/illuminate/database/Eloquent/Builder.php(754): tap(Object(App\Base\UserCenter\UserChat), Object(Closure))
#14 /Users/apple/Code/Swoole_Chat/swoole_chat_framework/vendor/illuminate/database/Eloquent/Model.php(1417): Illuminate\Database\Eloquent\Builder->create(Array)
#15 /Users/apple/Code/Swoole_Chat/swoole_chat_framework/vendor/illuminate/database/Eloquent/Model.php(1434): Illuminate\Database\Eloquent\Model->__call('create', Array)
#16 /Users/apple/Code/Swoole_Chat/swoole_chat_framework/App/Logic/UserCenter/UserChatLogic.php(20): Illuminate\Database\Eloquent\Model::__callStatic('create', Array)
#17 [internal function]: App\Logic\UserCenter\UserChatLogic->insert(Array)
#18 /Users/apple/Code/Swoole_Chat/swoole_chat_framework/App/Vendor/Invoker/Invoker.php(15): ReflectionMethod->invokeArgs(Object(App\Logic\UserCenter\UserChatLogic), Array)
#19 /Users/apple/Code/Swoole_Chat/swoole_chat_framework/App/Repository/UserCenter/Instances/UserChatRepository.php(14): App\Vendor\Invoker\Invoker::execute(Array, Array)
#20 /Users/apple/Code/Swoole_Chat/swoole_chat_framework/App/Bll/WebSocket/Register.php(111): App\Repository\UserCenter\Instances\UserChatRepository->insert(Array)
#21 /Users/apple/Code/Swoole_Chat/swoole_chat_framework/App/Bll/WebSocket/Register.php(35): App\Bll\WebSocket\Register->sendPrivateMessage(Object(Core\Component\Socket\Common\Command), Object(Core\Component\Socket\Client\TcpClient))
#22 [internal function]: App\Bll\WebSocket\Register->App\Bll\WebSocket\{closure}(Object(Core\Component\Socket\Common\Command), Object(Core\Component\Socket\Client\TcpClient))
#23 /Users/apple/Code/Swoole_Chat/swoole_chat_framework/Core/Component/Socket/Dispatcher.php(70): call_user_func_array(Object(Closure), Array)
#24 /Users/apple/Code/Swoole_Chat/swoole_chat_framework/Core/Component/Socket/Dispatcher.php(59): Core\Component\Socket\Dispatcher->run(Object(Core\Component\Socket\Client\TcpClient), '{"action":"PRIV...')
#25 /Users/apple/Code/Swoole_Chat/swoole_chat_framework/Conf/Event.php(51): Core\Component\Socket\Dispatcher->dispatchWEBSOCK(Object(Swoole\WebSocket\Frame))
#26 {main}

Next Illuminate\Database\QueryException: SQLSTATE[HY000]: General error: 1366 Incorrect integer value: '' for column 'to_user_id' at row 1 (SQL: insert into `chat_content` (`user_id`, `to_user_id`, `action`, `chat_content`, `updated_at`, `created_at`) values (80, , PRIVATE, asdasd, 2018-04-07 12:12:16, 2018-04-07 12:12:16)) in /Users/apple/Code/Swoole_Chat/swoole_chat_framework/vendor/illuminate/database/Connection.php:664
Stack trace:
#0 /Users/apple/Code/Swoole_Chat/swoole_chat_framework/vendor/illuminate/database/Connection.php(624): Illuminate\Database\Connection->runQueryCallback('insert into `ch...', Array, Object(Closure))
#1 /Users/apple/Code/Swoole_Chat/swoole_chat_framework/vendor/illuminate/database/Connection.php(459): Illuminate\Database\Connection->run('insert into `ch...', Array, Object(Closure))
#2 /Users/apple/Code/Swoole_Chat/swoole_chat_framework/vendor/illuminate/database/Connection.php(411): Illuminate\Database\Connection->statement('insert into `ch...', Array)
#3 /Users/apple/Code/Swoole_Chat/swoole_chat_framework/vendor/illuminate/database/Query/Processors/Processor.php(32): Illuminate\Database\Connection->insert('insert into `ch...', Array)
#4 /Users/apple/Code/Swoole_Chat/swoole_chat_framework/vendor/illuminate/database/Query/Builder.php(2135): Illuminate\Database\Query\Processors\Processor->processInsertGetId(Object(Illuminate\Database\Query\Builder), 'insert into `ch...', Array, 'id')
#5 /Users/apple/Code/Swoole_Chat/swoole_chat_framework/vendor/illuminate/database/Eloquent/Builder.php(1270): Illuminate\Database\Query\Builder->insertGetId(Array, 'id')
#6 /Users/apple/Code/Swoole_Chat/swoole_chat_framework/vendor/illuminate/database/Eloquent/Model.php(708): Illuminate\Database\Eloquent\Builder->__call('insertGetId', Array)
#7 /Users/apple/Code/Swoole_Chat/swoole_chat_framework/vendor/illuminate/database/Eloquent/Model.php(673): Illuminate\Database\Eloquent\Model->insertAndSetId(Object(Illuminate\Database\Eloquent\Builder), Array)
#8 /Users/apple/Code/Swoole_Chat/swoole_chat_framework/vendor/illuminate/database/Eloquent/Model.php(536): Illuminate\Database\Eloquent\Model->performInsert(Object(Illuminate\Database\Eloquent\Builder))
#9 /Users/apple/Code/Swoole_Chat/swoole_chat_framework/vendor/illuminate/database/Eloquent/Builder.php(753): Illuminate\Database\Eloquent\Model->save()
#10 /Users/apple/Code/Swoole_Chat/swoole_chat_framework/vendor/illuminate/support/helpers.php(1035): Illuminate\Database\Eloquent\Builder->Illuminate\Database\Eloquent\{closure}(Object(App\Base\UserCenter\UserChat))
#11 /Users/apple/Code/Swoole_Chat/swoole_chat_framework/vendor/illuminate/database/Eloquent/Builder.php(754): tap(Object(App\Base\UserCenter\UserChat), Object(Closure))
#12 /Users/apple/Code/Swoole_Chat/swoole_chat_framework/vendor/illuminate/database/Eloquent/Model.php(1417): Illuminate\Database\Eloquent\Builder->create(Array)
#13 /Users/apple/Code/Swoole_Chat/swoole_chat_framework/vendor/illuminate/database/Eloquent/Model.php(1434): Illuminate\Database\Eloquent\Model->__call('create', Array)
#14 /Users/apple/Code/Swoole_Chat/swoole_chat_framework/App/Logic/UserCenter/UserChatLogic.php(20): Illuminate\Database\Eloquent\Model::__callStatic('create', Array)
#15 [internal function]: App\Logic\UserCenter\UserChatLogic->insert(Array)
#16 /Users/apple/Code/Swoole_Chat/swoole_chat_framework/App/Vendor/Invoker/Invoker.php(15): ReflectionMethod->invokeArgs(Object(App\Logic\UserCenter\UserChatLogic), Array)
#17 /Users/apple/Code/Swoole_Chat/swoole_chat_framework/App/Repository/UserCenter/Instances/UserChatRepository.php(14): App\Vendor\Invoker\Invoker::execute(Array, Array)
#18 /Users/apple/Code/Swoole_Chat/swoole_chat_framework/App/Bll/WebSocket/Register.php(111): App\Repository\UserCenter\Instances\UserChatRepository->insert(Array)
#19 /Users/apple/Code/Swoole_Chat/swoole_chat_framework/App/Bll/WebSocket/Register.php(35): App\Bll\WebSocket\Register->sendPrivateMessage(Object(Core\Component\Socket\Common\Command), Object(Core\Component\Socket\Client\TcpClient))
#20 [internal function]: App\Bll\WebSocket\Register->App\Bll\WebSocket\{closure}(Object(Core\Component\Socket\Common\Command), Object(Core\Component\Socket\Client\TcpClient))
#21 /Users/apple/Code/Swoole_Chat/swoole_chat_framework/Core/Component/Socket/Dispatcher.php(70): call_user_func_array(Object(Closure), Array)
#22 /Users/apple/Code/Swoole_Chat/swoole_chat_framework/Core/Component/Socket/Dispatcher.php(59): Core\Component\Socket\Dispatcher->run(Object(Core\Component\Socket\Client\TcpClient), '{"action":"PRIV...')
#23 /Users/apple/Code/Swoole_Chat/swoole_chat_framework/Conf/Event.php(51): Core\Component\Socket\Dispatcher->dispatchWEBSOCK(Object(Swoole\WebSocket\Frame))
#24 {main}
time : 18-04-07 12:19:02 message: PDOException: SQLSTATE[HY000]: General error: 1366 Incorrect integer value: '' for column 'to_user_id' at row 1 in /Users/apple/Code/Swoole_Chat/swoole_chat_framework/vendor/illuminate/database/Connection.php:458
Stack trace:
#0 /Users/apple/Code/Swoole_Chat/swoole_chat_framework/vendor/illuminate/database/Connection.php(458): PDOStatement->execute()
#1 /Users/apple/Code/Swoole_Chat/swoole_chat_framework/vendor/illuminate/database/Connection.php(657): Illuminate\Database\Connection->Illuminate\Database\{closure}('insert into `ch...', Array)
#2 /Users/apple/Code/Swoole_Chat/swoole_chat_framework/vendor/illuminate/database/Connection.php(624): Illuminate\Database\Connection->runQueryCallback('insert into `ch...', Array, Object(Closure))
#3 /Users/apple/Code/Swoole_Chat/swoole_chat_framework/vendor/illuminate/database/Connection.php(459): Illuminate\Database\Connection->run('insert into `ch...', Array, Object(Closure))
#4 /Users/apple/Code/Swoole_Chat/swoole_chat_framework/vendor/illuminate/database/Connection.php(411): Illuminate\Database\Connection->statement('insert into `ch...', Array)
#5 /Users/apple/Code/Swoole_Chat/swoole_chat_framework/vendor/illuminate/database/Query/Processors/Processor.php(32): Illuminate\Database\Connection->insert('insert into `ch...', Array)
#6 /Users/apple/Code/Swoole_Chat/swoole_chat_framework/vendor/illuminate/database/Query/Builder.php(2135): Illuminate\Database\Query\Processors\Processor->processInsertGetId(Object(Illuminate\Database\Query\Builder), 'insert into `ch...', Array, 'id')
#7 /Users/apple/Code/Swoole_Chat/swoole_chat_framework/vendor/illuminate/database/Eloquent/Builder.php(1270): Illuminate\Database\Query\Builder->insertGetId(Array, 'id')
#8 /Users/apple/Code/Swoole_Chat/swoole_chat_framework/vendor/illuminate/database/Eloquent/Model.php(708): Illuminate\Database\Eloquent\Builder->__call('insertGetId', Array)
#9 /Users/apple/Code/Swoole_Chat/swoole_chat_framework/vendor/illuminate/database/Eloquent/Model.php(673): Illuminate\Database\Eloquent\Model->insertAndSetId(Object(Illuminate\Database\Eloquent\Builder), Array)
#10 /Users/apple/Code/Swoole_Chat/swoole_chat_framework/vendor/illuminate/database/Eloquent/Model.php(536): Illuminate\Database\Eloquent\Model->performInsert(Object(Illuminate\Database\Eloquent\Builder))
#11 /Users/apple/Code/Swoole_Chat/swoole_chat_framework/vendor/illuminate/database/Eloquent/Builder.php(753): Illuminate\Database\Eloquent\Model->save()
#12 /Users/apple/Code/Swoole_Chat/swoole_chat_framework/vendor/illuminate/support/helpers.php(1035): Illuminate\Database\Eloquent\Builder->Illuminate\Database\Eloquent\{closure}(Object(App\Base\UserCenter\UserChat))
#13 /Users/apple/Code/Swoole_Chat/swoole_chat_framework/vendor/illuminate/database/Eloquent/Builder.php(754): tap(Object(App\Base\UserCenter\UserChat), Object(Closure))
#14 /Users/apple/Code/Swoole_Chat/swoole_chat_framework/vendor/illuminate/database/Eloquent/Model.php(1417): Illuminate\Database\Eloquent\Builder->create(Array)
#15 /Users/apple/Code/Swoole_Chat/swoole_chat_framework/vendor/illuminate/database/Eloquent/Model.php(1434): Illuminate\Database\Eloquent\Model->__call('create', Array)
#16 /Users/apple/Code/Swoole_Chat/swoole_chat_framework/App/Logic/UserCenter/UserChatLogic.php(20): Illuminate\Database\Eloquent\Model::__callStatic('create', Array)
#17 [internal function]: App\Logic\UserCenter\UserChatLogic->insert(Array)
#18 /Users/apple/Code/Swoole_Chat/swoole_chat_framework/App/Vendor/Invoker/Invoker.php(15): ReflectionMethod->invokeArgs(Object(App\Logic\UserCenter\UserChatLogic), Array)
#19 /Users/apple/Code/Swoole_Chat/swoole_chat_framework/App/Repository/UserCenter/Instances/UserChatRepository.php(14): App\Vendor\Invoker\Invoker::execute(Array, Array)
#20 /Users/apple/Code/Swoole_Chat/swoole_chat_framework/App/Bll/WebSocket/Register.php(111): App\Repository\UserCenter\Instances\UserChatRepository->insert(Array)
#21 /Users/apple/Code/Swoole_Chat/swoole_chat_framework/App/Bll/WebSocket/Register.php(35): App\Bll\WebSocket\Register->sendPrivateMessage(Object(Core\Component\Socket\Common\Command), Object(Core\Component\Socket\Client\TcpClient))
#22 [internal function]: App\Bll\WebSocket\Register->App\Bll\WebSocket\{closure}(Object(Core\Component\Socket\Common\Command), Object(Core\Component\Socket\Client\TcpClient))
#23 /Users/apple/Code/Swoole_Chat/swoole_chat_framework/Core/Component/Socket/Dispatcher.php(70): call_user_func_array(Object(Closure), Array)
#24 /Users/apple/Code/Swoole_Chat/swoole_chat_framework/Core/Component/Socket/Dispatcher.php(59): Core\Component\Socket\Dispatcher->run(Object(Core\Component\Socket\Client\TcpClient), '{"action":"PRIV...')
#25 /Users/apple/Code/Swoole_Chat/swoole_chat_framework/Conf/Event.php(51): Core\Component\Socket\Dispatcher->dispatchWEBSOCK(Object(Swoole\WebSocket\Frame))
#26 {main}

Next Illuminate\Database\QueryException: SQLSTATE[HY000]: General error: 1366 Incorrect integer value: '' for column 'to_user_id' at row 1 (SQL: insert into `chat_content` (`user_id`, `to_user_id`, `action`, `chat_content`, `updated_at`, `created_at`) values (81, , PRIVATE, asdad, 2018-04-07 12:19:02, 2018-04-07 12:19:02)) in /Users/apple/Code/Swoole_Chat/swoole_chat_framework/vendor/illuminate/database/Connection.php:664
Stack trace:
#0 /Users/apple/Code/Swoole_Chat/swoole_chat_framework/vendor/illuminate/database/Connection.php(624): Illuminate\Database\Connection->runQueryCallback('insert into `ch...', Array, Object(Closure))
#1 /Users/apple/Code/Swoole_Chat/swoole_chat_framework/vendor/illuminate/database/Connection.php(459): Illuminate\Database\Connection->run('insert into `ch...', Array, Object(Closure))
#2 /Users/apple/Code/Swoole_Chat/swoole_chat_framework/vendor/illuminate/database/Connection.php(411): Illuminate\Database\Connection->statement('insert into `ch...', Array)
#3 /Users/apple/Code/Swoole_Chat/swoole_chat_framework/vendor/illuminate/database/Query/Processors/Processor.php(32): Illuminate\Database\Connection->insert('insert into `ch...', Array)
#4 /Users/apple/Code/Swoole_Chat/swoole_chat_framework/vendor/illuminate/database/Query/Builder.php(2135): Illuminate\Database\Query\Processors\Processor->processInsertGetId(Object(Illuminate\Database\Query\Builder), 'insert into `ch...', Array, 'id')
#5 /Users/apple/Code/Swoole_Chat/swoole_chat_framework/vendor/illuminate/database/Eloquent/Builder.php(1270): Illuminate\Database\Query\Builder->insertGetId(Array, 'id')
#6 /Users/apple/Code/Swoole_Chat/swoole_chat_framework/vendor/illuminate/database/Eloquent/Model.php(708): Illuminate\Database\Eloquent\Builder->__call('insertGetId', Array)
#7 /Users/apple/Code/Swoole_Chat/swoole_chat_framework/vendor/illuminate/database/Eloquent/Model.php(673): Illuminate\Database\Eloquent\Model->insertAndSetId(Object(Illuminate\Database\Eloquent\Builder), Array)
#8 /Users/apple/Code/Swoole_Chat/swoole_chat_framework/vendor/illuminate/database/Eloquent/Model.php(536): Illuminate\Database\Eloquent\Model->performInsert(Object(Illuminate\Database\Eloquent\Builder))
#9 /Users/apple/Code/Swoole_Chat/swoole_chat_framework/vendor/illuminate/database/Eloquent/Builder.php(753): Illuminate\Database\Eloquent\Model->save()
#10 /Users/apple/Code/Swoole_Chat/swoole_chat_framework/vendor/illuminate/support/helpers.php(1035): Illuminate\Database\Eloquent\Builder->Illuminate\Database\Eloquent\{closure}(Object(App\Base\UserCenter\UserChat))
#11 /Users/apple/Code/Swoole_Chat/swoole_chat_framework/vendor/illuminate/database/Eloquent/Builder.php(754): tap(Object(App\Base\UserCenter\UserChat), Object(Closure))
#12 /Users/apple/Code/Swoole_Chat/swoole_chat_framework/vendor/illuminate/database/Eloquent/Model.php(1417): Illuminate\Database\Eloquent\Builder->create(Array)
#13 /Users/apple/Code/Swoole_Chat/swoole_chat_framework/vendor/illuminate/database/Eloquent/Model.php(1434): Illuminate\Database\Eloquent\Model->__call('create', Array)
#14 /Users/apple/Code/Swoole_Chat/swoole_chat_framework/App/Logic/UserCenter/UserChatLogic.php(20): Illuminate\Database\Eloquent\Model::__callStatic('create', Array)
#15 [internal function]: App\Logic\UserCenter\UserChatLogic->insert(Array)
#16 /Users/apple/Code/Swoole_Chat/swoole_chat_framework/App/Vendor/Invoker/Invoker.php(15): ReflectionMethod->invokeArgs(Object(App\Logic\UserCenter\UserChatLogic), Array)
#17 /Users/apple/Code/Swoole_Chat/swoole_chat_framework/App/Repository/UserCenter/Instances/UserChatRepository.php(14): App\Vendor\Invoker\Invoker::execute(Array, Array)
#18 /Users/apple/Code/Swoole_Chat/swoole_chat_framework/App/Bll/WebSocket/Register.php(111): App\Repository\UserCenter\Instances\UserChatRepository->insert(Array)
#19 /Users/apple/Code/Swoole_Chat/swoole_chat_framework/App/Bll/WebSocket/Register.php(35): App\Bll\WebSocket\Register->sendPrivateMessage(Object(Core\Component\Socket\Common\Command), Object(Core\Component\Socket\Client\TcpClient))
#20 [internal function]: App\Bll\WebSocket\Register->App\Bll\WebSocket\{closure}(Object(Core\Component\Socket\Common\Command), Object(Core\Component\Socket\Client\TcpClient))
#21 /Users/apple/Code/Swoole_Chat/swoole_chat_framework/Core/Component/Socket/Dispatcher.php(70): call_user_func_array(Object(Closure), Array)
#22 /Users/apple/Code/Swoole_Chat/swoole_chat_framework/Core/Component/Socket/Dispatcher.php(59): Core\Component\Socket\Dispatcher->run(Object(Core\Component\Socket\Client\TcpClient), '{"action":"PRIV...')
#23 /Users/apple/Code/Swoole_Chat/swoole_chat_framework/Conf/Event.php(51): Core\Component\Socket\Dispatcher->dispatchWEBSOCK(Object(Swoole\WebSocket\Frame))
#24 {main}
time : 18-04-07 16:22:48 message: PDOException: SQLSTATE[23000]: Integrity constraint violation: 1062 Duplicate entry '13915216159' for key 'phone' in /Users/apple/Code/Swoole_Chat/swoole_chat_framework/vendor/illuminate/database/Connection.php:458
Stack trace:
#0 /Users/apple/Code/Swoole_Chat/swoole_chat_framework/vendor/illuminate/database/Connection.php(458): PDOStatement->execute()
#1 /Users/apple/Code/Swoole_Chat/swoole_chat_framework/vendor/illuminate/database/Connection.php(657): Illuminate\Database\Connection->Illuminate\Database\{closure}('insert into `us...', Array)
#2 /Users/apple/Code/Swoole_Chat/swoole_chat_framework/vendor/illuminate/database/Connection.php(624): Illuminate\Database\Connection->runQueryCallback('insert into `us...', Array, Object(Closure))
#3 /Users/apple/Code/Swoole_Chat/swoole_chat_framework/vendor/illuminate/database/Connection.php(459): Illuminate\Database\Connection->run('insert into `us...', Array, Object(Closure))
#4 /Users/apple/Code/Swoole_Chat/swoole_chat_framework/vendor/illuminate/database/Connection.php(411): Illuminate\Database\Connection->statement('insert into `us...', Array)
#5 /Users/apple/Code/Swoole_Chat/swoole_chat_framework/vendor/illuminate/database/Query/Processors/Processor.php(32): Illuminate\Database\Connection->insert('insert into `us...', Array)
#6 /Users/apple/Code/Swoole_Chat/swoole_chat_framework/vendor/illuminate/database/Query/Builder.php(2135): Illuminate\Database\Query\Processors\Processor->processInsertGetId(Object(Illuminate\Database\Query\Builder), 'insert into `us...', Array, 'id')
#7 /Users/apple/Code/Swoole_Chat/swoole_chat_framework/vendor/illuminate/database/Eloquent/Builder.php(1270): Illuminate\Database\Query\Builder->insertGetId(Array, 'id')
#8 /Users/apple/Code/Swoole_Chat/swoole_chat_framework/vendor/illuminate/database/Eloquent/Model.php(708): Illuminate\Database\Eloquent\Builder->__call('insertGetId', Array)
#9 /Users/apple/Code/Swoole_Chat/swoole_chat_framework/vendor/illuminate/database/Eloquent/Model.php(673): Illuminate\Database\Eloquent\Model->insertAndSetId(Object(Illuminate\Database\Eloquent\Builder), Array)
#10 /Users/apple/Code/Swoole_Chat/swoole_chat_framework/vendor/illuminate/database/Eloquent/Model.php(536): Illuminate\Database\Eloquent\Model->performInsert(Object(Illuminate\Database\Eloquent\Builder))
#11 /Users/apple/Code/Swoole_Chat/swoole_chat_framework/vendor/illuminate/database/Eloquent/Builder.php(753): Illuminate\Database\Eloquent\Model->save()
#12 /Users/apple/Code/Swoole_Chat/swoole_chat_framework/vendor/illuminate/support/helpers.php(1035): Illuminate\Database\Eloquent\Builder->Illuminate\Database\Eloquent\{closure}(Object(App\Base\UserCenter\User))
#13 /Users/apple/Code/Swoole_Chat/swoole_chat_framework/vendor/illuminate/database/Eloquent/Builder.php(754): tap(Object(App\Base\UserCenter\User), Object(Closure))
#14 /Users/apple/Code/Swoole_Chat/swoole_chat_framework/vendor/illuminate/database/Eloquent/Model.php(1417): Illuminate\Database\Eloquent\Builder->create(Array)
#15 /Users/apple/Code/Swoole_Chat/swoole_chat_framework/vendor/illuminate/database/Eloquent/Model.php(1434): Illuminate\Database\Eloquent\Model->__call('create', Array)
#16 /Users/apple/Code/Swoole_Chat/swoole_chat_framework/App/Logic/UserCenter/UserLogic.php(24): Illuminate\Database\Eloquent\Model::__callStatic('create', Array)
#17 [internal function]: App\Logic\UserCenter\UserLogic->insert(Array)
#18 /Users/apple/Code/Swoole_Chat/swoole_chat_framework/App/Vendor/Invoker/Invoker.php(15): ReflectionMethod->invokeArgs(Object(App\Logic\UserCenter\UserLogic), Array)
#19 /Users/apple/Code/Swoole_Chat/swoole_chat_framework/App/Repository/UserCenter/Instances/UserRepository.php(19): App\Vendor\Invoker\Invoker::execute(Array, Array)
#20 /Users/apple/Code/Swoole_Chat/swoole_chat_framework/App/Bll/UserCenter/UserCenterController.php(104): App\Repository\UserCenter\Instances\UserRepository->insert(Array)
#21 /Users/apple/Code/Swoole_Chat/swoole_chat_framework/Core/AbstractInterface/AbstractREST.php(42): App\Bll\UserCenter\UserCenterController->POSTRegister()
#22 /Users/apple/Code/Swoole_Chat/swoole_chat_framework/Core/Http/Dispatcher.php(137): Core\AbstractInterface\AbstractREST->__call('POSTRegister', NULL)
#23 /Users/apple/Code/Swoole_Chat/swoole_chat_framework/Core/Swoole/Server.php(96): Core\Http\Dispatcher->dispatch()
#24 {main}

Next Illuminate\Database\QueryException: SQLSTATE[23000]: Integrity constraint violation: 1062 Duplicate entry '13915216159' for key 'phone' (SQL: insert into `users` (`email`, `password`, `phone`, `name`, `updated_at`, `created_at`) values (15861621206@163.com, $2y$10$fxSdVRFOuJSb70g.n4nXyeWglrNk4yuhzpXwqOANppIXf5wxWjF6u, 13915216159, Tom, 2018-04-07 16:22:48, 2018-04-07 16:22:48)) in /Users/apple/Code/Swoole_Chat/swoole_chat_framework/vendor/illuminate/database/Connection.php:664
Stack trace:
#0 /Users/apple/Code/Swoole_Chat/swoole_chat_framework/vendor/illuminate/database/Connection.php(624): Illuminate\Database\Connection->runQueryCallback('insert into `us...', Array, Object(Closure))
#1 /Users/apple/Code/Swoole_Chat/swoole_chat_framework/vendor/illuminate/database/Connection.php(459): Illuminate\Database\Connection->run('insert into `us...', Array, Object(Closure))
#2 /Users/apple/Code/Swoole_Chat/swoole_chat_framework/vendor/illuminate/database/Connection.php(411): Illuminate\Database\Connection->statement('insert into `us...', Array)
#3 /Users/apple/Code/Swoole_Chat/swoole_chat_framework/vendor/illuminate/database/Query/Processors/Processor.php(32): Illuminate\Database\Connection->insert('insert into `us...', Array)
#4 /Users/apple/Code/Swoole_Chat/swoole_chat_framework/vendor/illuminate/database/Query/Builder.php(2135): Illuminate\Database\Query\Processors\Processor->processInsertGetId(Object(Illuminate\Database\Query\Builder), 'insert into `us...', Array, 'id')
#5 /Users/apple/Code/Swoole_Chat/swoole_chat_framework/vendor/illuminate/database/Eloquent/Builder.php(1270): Illuminate\Database\Query\Builder->insertGetId(Array, 'id')
#6 /Users/apple/Code/Swoole_Chat/swoole_chat_framework/vendor/illuminate/database/Eloquent/Model.php(708): Illuminate\Database\Eloquent\Builder->__call('insertGetId', Array)
#7 /Users/apple/Code/Swoole_Chat/swoole_chat_framework/vendor/illuminate/database/Eloquent/Model.php(673): Illuminate\Database\Eloquent\Model->insertAndSetId(Object(Illuminate\Database\Eloquent\Builder), Array)
#8 /Users/apple/Code/Swoole_Chat/swoole_chat_framework/vendor/illuminate/database/Eloquent/Model.php(536): Illuminate\Database\Eloquent\Model->performInsert(Object(Illuminate\Database\Eloquent\Builder))
#9 /Users/apple/Code/Swoole_Chat/swoole_chat_framework/vendor/illuminate/database/Eloquent/Builder.php(753): Illuminate\Database\Eloquent\Model->save()
#10 /Users/apple/Code/Swoole_Chat/swoole_chat_framework/vendor/illuminate/support/helpers.php(1035): Illuminate\Database\Eloquent\Builder->Illuminate\Database\Eloquent\{closure}(Object(App\Base\UserCenter\User))
#11 /Users/apple/Code/Swoole_Chat/swoole_chat_framework/vendor/illuminate/database/Eloquent/Builder.php(754): tap(Object(App\Base\UserCenter\User), Object(Closure))
#12 /Users/apple/Code/Swoole_Chat/swoole_chat_framework/vendor/illuminate/database/Eloquent/Model.php(1417): Illuminate\Database\Eloquent\Builder->create(Array)
#13 /Users/apple/Code/Swoole_Chat/swoole_chat_framework/vendor/illuminate/database/Eloquent/Model.php(1434): Illuminate\Database\Eloquent\Model->__call('create', Array)
#14 /Users/apple/Code/Swoole_Chat/swoole_chat_framework/App/Logic/UserCenter/UserLogic.php(24): Illuminate\Database\Eloquent\Model::__callStatic('create', Array)
#15 [internal function]: App\Logic\UserCenter\UserLogic->insert(Array)
#16 /Users/apple/Code/Swoole_Chat/swoole_chat_framework/App/Vendor/Invoker/Invoker.php(15): ReflectionMethod->invokeArgs(Object(App\Logic\UserCenter\UserLogic), Array)
#17 /Users/apple/Code/Swoole_Chat/swoole_chat_framework/App/Repository/UserCenter/Instances/UserRepository.php(19): App\Vendor\Invoker\Invoker::execute(Array, Array)
#18 /Users/apple/Code/Swoole_Chat/swoole_chat_framework/App/Bll/UserCenter/UserCenterController.php(104): App\Repository\UserCenter\Instances\UserRepository->insert(Array)
#19 /Users/apple/Code/Swoole_Chat/swoole_chat_framework/Core/AbstractInterface/AbstractREST.php(42): App\Bll\UserCenter\UserCenterController->POSTRegister()
#20 /Users/apple/Code/Swoole_Chat/swoole_chat_framework/Core/Http/Dispatcher.php(137): Core\AbstractInterface\AbstractREST->__call('POSTRegister', NULL)
#21 /Users/apple/Code/Swoole_Chat/swoole_chat_framework/Core/Swoole/Server.php(96): Core\Http\Dispatcher->dispatch()
#22 {main}
time : 18-04-07 16:22:57 message: PDOException: SQLSTATE[23000]: Integrity constraint violation: 1062 Duplicate entry '13915216159' for key 'phone' in /Users/apple/Code/Swoole_Chat/swoole_chat_framework/vendor/illuminate/database/Connection.php:458
Stack trace:
#0 /Users/apple/Code/Swoole_Chat/swoole_chat_framework/vendor/illuminate/database/Connection.php(458): PDOStatement->execute()
#1 /Users/apple/Code/Swoole_Chat/swoole_chat_framework/vendor/illuminate/database/Connection.php(657): Illuminate\Database\Connection->Illuminate\Database\{closure}('insert into `us...', Array)
#2 /Users/apple/Code/Swoole_Chat/swoole_chat_framework/vendor/illuminate/database/Connection.php(624): Illuminate\Database\Connection->runQueryCallback('insert into `us...', Array, Object(Closure))
#3 /Users/apple/Code/Swoole_Chat/swoole_chat_framework/vendor/illuminate/database/Connection.php(459): Illuminate\Database\Connection->run('insert into `us...', Array, Object(Closure))
#4 /Users/apple/Code/Swoole_Chat/swoole_chat_framework/vendor/illuminate/database/Connection.php(411): Illuminate\Database\Connection->statement('insert into `us...', Array)
#5 /Users/apple/Code/Swoole_Chat/swoole_chat_framework/vendor/illuminate/database/Query/Processors/Processor.php(32): Illuminate\Database\Connection->insert('insert into `us...', Array)
#6 /Users/apple/Code/Swoole_Chat/swoole_chat_framework/vendor/illuminate/database/Query/Builder.php(2135): Illuminate\Database\Query\Processors\Processor->processInsertGetId(Object(Illuminate\Database\Query\Builder), 'insert into `us...', Array, 'id')
#7 /Users/apple/Code/Swoole_Chat/swoole_chat_framework/vendor/illuminate/database/Eloquent/Builder.php(1270): Illuminate\Database\Query\Builder->insertGetId(Array, 'id')
#8 /Users/apple/Code/Swoole_Chat/swoole_chat_framework/vendor/illuminate/database/Eloquent/Model.php(708): Illuminate\Database\Eloquent\Builder->__call('insertGetId', Array)
#9 /Users/apple/Code/Swoole_Chat/swoole_chat_framework/vendor/illuminate/database/Eloquent/Model.php(673): Illuminate\Database\Eloquent\Model->insertAndSetId(Object(Illuminate\Database\Eloquent\Builder), Array)
#10 /Users/apple/Code/Swoole_Chat/swoole_chat_framework/vendor/illuminate/database/Eloquent/Model.php(536): Illuminate\Database\Eloquent\Model->performInsert(Object(Illuminate\Database\Eloquent\Builder))
#11 /Users/apple/Code/Swoole_Chat/swoole_chat_framework/vendor/illuminate/database/Eloquent/Builder.php(753): Illuminate\Database\Eloquent\Model->save()
#12 /Users/apple/Code/Swoole_Chat/swoole_chat_framework/vendor/illuminate/support/helpers.php(1035): Illuminate\Database\Eloquent\Builder->Illuminate\Database\Eloquent\{closure}(Object(App\Base\UserCenter\User))
#13 /Users/apple/Code/Swoole_Chat/swoole_chat_framework/vendor/illuminate/database/Eloquent/Builder.php(754): tap(Object(App\Base\UserCenter\User), Object(Closure))
#14 /Users/apple/Code/Swoole_Chat/swoole_chat_framework/vendor/illuminate/database/Eloquent/Model.php(1417): Illuminate\Database\Eloquent\Builder->create(Array)
#15 /Users/apple/Code/Swoole_Chat/swoole_chat_framework/vendor/illuminate/database/Eloquent/Model.php(1434): Illuminate\Database\Eloquent\Model->__call('create', Array)
#16 /Users/apple/Code/Swoole_Chat/swoole_chat_framework/App/Logic/UserCenter/UserLogic.php(24): Illuminate\Database\Eloquent\Model::__callStatic('create', Array)
#17 [internal function]: App\Logic\UserCenter\UserLogic->insert(Array)
#18 /Users/apple/Code/Swoole_Chat/swoole_chat_framework/App/Vendor/Invoker/Invoker.php(15): ReflectionMethod->invokeArgs(Object(App\Logic\UserCenter\UserLogic), Array)
#19 /Users/apple/Code/Swoole_Chat/swoole_chat_framework/App/Repository/UserCenter/Instances/UserRepository.php(19): App\Vendor\Invoker\Invoker::execute(Array, Array)
#20 /Users/apple/Code/Swoole_Chat/swoole_chat_framework/App/Bll/UserCenter/UserCenterController.php(104): App\Repository\UserCenter\Instances\UserRepository->insert(Array)
#21 /Users/apple/Code/Swoole_Chat/swoole_chat_framework/Core/AbstractInterface/AbstractREST.php(42): App\Bll\UserCenter\UserCenterController->POSTRegister()
#22 /Users/apple/Code/Swoole_Chat/swoole_chat_framework/Core/Http/Dispatcher.php(137): Core\AbstractInterface\AbstractREST->__call('POSTRegister', NULL)
#23 /Users/apple/Code/Swoole_Chat/swoole_chat_framework/Core/Swoole/Server.php(96): Core\Http\Dispatcher->dispatch()
#24 {main}

Next Illuminate\Database\QueryException: SQLSTATE[23000]: Integrity constraint violation: 1062 Duplicate entry '13915216159' for key 'phone' (SQL: insert into `users` (`email`, `password`, `phone`, `name`, `updated_at`, `created_at`) values (15861621206@163.com, $2y$10$jZTLYr5JeE9pdwolXptKoO6lW.Pyz4twXLpX6uK.8CiFXDFQRY4fi, 13915216159, Tom, 2018-04-07 16:22:57, 2018-04-07 16:22:57)) in /Users/apple/Code/Swoole_Chat/swoole_chat_framework/vendor/illuminate/database/Connection.php:664
Stack trace:
#0 /Users/apple/Code/Swoole_Chat/swoole_chat_framework/vendor/illuminate/database/Connection.php(624): Illuminate\Database\Connection->runQueryCallback('insert into `us...', Array, Object(Closure))
#1 /Users/apple/Code/Swoole_Chat/swoole_chat_framework/vendor/illuminate/database/Connection.php(459): Illuminate\Database\Connection->run('insert into `us...', Array, Object(Closure))
#2 /Users/apple/Code/Swoole_Chat/swoole_chat_framework/vendor/illuminate/database/Connection.php(411): Illuminate\Database\Connection->statement('insert into `us...', Array)
#3 /Users/apple/Code/Swoole_Chat/swoole_chat_framework/vendor/illuminate/database/Query/Processors/Processor.php(32): Illuminate\Database\Connection->insert('insert into `us...', Array)
#4 /Users/apple/Code/Swoole_Chat/swoole_chat_framework/vendor/illuminate/database/Query/Builder.php(2135): Illuminate\Database\Query\Processors\Processor->processInsertGetId(Object(Illuminate\Database\Query\Builder), 'insert into `us...', Array, 'id')
#5 /Users/apple/Code/Swoole_Chat/swoole_chat_framework/vendor/illuminate/database/Eloquent/Builder.php(1270): Illuminate\Database\Query\Builder->insertGetId(Array, 'id')
#6 /Users/apple/Code/Swoole_Chat/swoole_chat_framework/vendor/illuminate/database/Eloquent/Model.php(708): Illuminate\Database\Eloquent\Builder->__call('insertGetId', Array)
#7 /Users/apple/Code/Swoole_Chat/swoole_chat_framework/vendor/illuminate/database/Eloquent/Model.php(673): Illuminate\Database\Eloquent\Model->insertAndSetId(Object(Illuminate\Database\Eloquent\Builder), Array)
#8 /Users/apple/Code/Swoole_Chat/swoole_chat_framework/vendor/illuminate/database/Eloquent/Model.php(536): Illuminate\Database\Eloquent\Model->performInsert(Object(Illuminate\Database\Eloquent\Builder))
#9 /Users/apple/Code/Swoole_Chat/swoole_chat_framework/vendor/illuminate/database/Eloquent/Builder.php(753): Illuminate\Database\Eloquent\Model->save()
#10 /Users/apple/Code/Swoole_Chat/swoole_chat_framework/vendor/illuminate/support/helpers.php(1035): Illuminate\Database\Eloquent\Builder->Illuminate\Database\Eloquent\{closure}(Object(App\Base\UserCenter\User))
#11 /Users/apple/Code/Swoole_Chat/swoole_chat_framework/vendor/illuminate/database/Eloquent/Builder.php(754): tap(Object(App\Base\UserCenter\User), Object(Closure))
#12 /Users/apple/Code/Swoole_Chat/swoole_chat_framework/vendor/illuminate/database/Eloquent/Model.php(1417): Illuminate\Database\Eloquent\Builder->create(Array)
#13 /Users/apple/Code/Swoole_Chat/swoole_chat_framework/vendor/illuminate/database/Eloquent/Model.php(1434): Illuminate\Database\Eloquent\Model->__call('create', Array)
#14 /Users/apple/Code/Swoole_Chat/swoole_chat_framework/App/Logic/UserCenter/UserLogic.php(24): Illuminate\Database\Eloquent\Model::__callStatic('create', Array)
#15 [internal function]: App\Logic\UserCenter\UserLogic->insert(Array)
#16 /Users/apple/Code/Swoole_Chat/swoole_chat_framework/App/Vendor/Invoker/Invoker.php(15): ReflectionMethod->invokeArgs(Object(App\Logic\UserCenter\UserLogic), Array)
#17 /Users/apple/Code/Swoole_Chat/swoole_chat_framework/App/Repository/UserCenter/Instances/UserRepository.php(19): App\Vendor\Invoker\Invoker::execute(Array, Array)
#18 /Users/apple/Code/Swoole_Chat/swoole_chat_framework/App/Bll/UserCenter/UserCenterController.php(104): App\Repository\UserCenter\Instances\UserRepository->insert(Array)
#19 /Users/apple/Code/Swoole_Chat/swoole_chat_framework/Core/AbstractInterface/AbstractREST.php(42): App\Bll\UserCenter\UserCenterController->POSTRegister()
#20 /Users/apple/Code/Swoole_Chat/swoole_chat_framework/Core/Http/Dispatcher.php(137): Core\AbstractInterface\AbstractREST->__call('POSTRegister', NULL)
#21 /Users/apple/Code/Swoole_Chat/swoole_chat_framework/Core/Swoole/Server.php(96): Core\Http\Dispatcher->dispatch()
#22 {main}
time : 18-04-07 16:24:00 message: PDOException: SQLSTATE[23000]: Integrity constraint violation: 1062 Duplicate entry '13915216159' for key 'phone' in /Users/apple/Code/Swoole_Chat/swoole_chat_framework/vendor/illuminate/database/Connection.php:458
Stack trace:
#0 /Users/apple/Code/Swoole_Chat/swoole_chat_framework/vendor/illuminate/database/Connection.php(458): PDOStatement->execute()
#1 /Users/apple/Code/Swoole_Chat/swoole_chat_framework/vendor/illuminate/database/Connection.php(657): Illuminate\Database\Connection->Illuminate\Database\{closure}('insert into `us...', Array)
#2 /Users/apple/Code/Swoole_Chat/swoole_chat_framework/vendor/illuminate/database/Connection.php(624): Illuminate\Database\Connection->runQueryCallback('insert into `us...', Array, Object(Closure))
#3 /Users/apple/Code/Swoole_Chat/swoole_chat_framework/vendor/illuminate/database/Connection.php(459): Illuminate\Database\Connection->run('insert into `us...', Array, Object(Closure))
#4 /Users/apple/Code/Swoole_Chat/swoole_chat_framework/vendor/illuminate/database/Connection.php(411): Illuminate\Database\Connection->statement('insert into `us...', Array)
#5 /Users/apple/Code/Swoole_Chat/swoole_chat_framework/vendor/illuminate/database/Query/Processors/Processor.php(32): Illuminate\Database\Connection->insert('insert into `us...', Array)
#6 /Users/apple/Code/Swoole_Chat/swoole_chat_framework/vendor/illuminate/database/Query/Builder.php(2135): Illuminate\Database\Query\Processors\Processor->processInsertGetId(Object(Illuminate\Database\Query\Builder), 'insert into `us...', Array, 'id')
#7 /Users/apple/Code/Swoole_Chat/swoole_chat_framework/vendor/illuminate/database/Eloquent/Builder.php(1270): Illuminate\Database\Query\Builder->insertGetId(Array, 'id')
#8 /Users/apple/Code/Swoole_Chat/swoole_chat_framework/vendor/illuminate/database/Eloquent/Model.php(708): Illuminate\Database\Eloquent\Builder->__call('insertGetId', Array)
#9 /Users/apple/Code/Swoole_Chat/swoole_chat_framework/vendor/illuminate/database/Eloquent/Model.php(673): Illuminate\Database\Eloquent\Model->insertAndSetId(Object(Illuminate\Database\Eloquent\Builder), Array)
#10 /Users/apple/Code/Swoole_Chat/swoole_chat_framework/vendor/illuminate/database/Eloquent/Model.php(536): Illuminate\Database\Eloquent\Model->performInsert(Object(Illuminate\Database\Eloquent\Builder))
#11 /Users/apple/Code/Swoole_Chat/swoole_chat_framework/vendor/illuminate/database/Eloquent/Builder.php(753): Illuminate\Database\Eloquent\Model->save()
#12 /Users/apple/Code/Swoole_Chat/swoole_chat_framework/vendor/illuminate/support/helpers.php(1035): Illuminate\Database\Eloquent\Builder->Illuminate\Database\Eloquent\{closure}(Object(App\Base\UserCenter\User))
#13 /Users/apple/Code/Swoole_Chat/swoole_chat_framework/vendor/illuminate/database/Eloquent/Builder.php(754): tap(Object(App\Base\UserCenter\User), Object(Closure))
#14 /Users/apple/Code/Swoole_Chat/swoole_chat_framework/vendor/illuminate/database/Eloquent/Model.php(1417): Illuminate\Database\Eloquent\Builder->create(Array)
#15 /Users/apple/Code/Swoole_Chat/swoole_chat_framework/vendor/illuminate/database/Eloquent/Model.php(1434): Illuminate\Database\Eloquent\Model->__call('create', Array)
#16 /Users/apple/Code/Swoole_Chat/swoole_chat_framework/App/Logic/UserCenter/UserLogic.php(24): Illuminate\Database\Eloquent\Model::__callStatic('create', Array)
#17 [internal function]: App\Logic\UserCenter\UserLogic->insert(Array)
#18 /Users/apple/Code/Swoole_Chat/swoole_chat_framework/App/Vendor/Invoker/Invoker.php(15): ReflectionMethod->invokeArgs(Object(App\Logic\UserCenter\UserLogic), Array)
#19 /Users/apple/Code/Swoole_Chat/swoole_chat_framework/App/Repository/UserCenter/Instances/UserRepository.php(19): App\Vendor\Invoker\Invoker::execute(Array, Array)
#20 /Users/apple/Code/Swoole_Chat/swoole_chat_framework/App/Bll/UserCenter/UserCenterController.php(104): App\Repository\UserCenter\Instances\UserRepository->insert(Array)
#21 /Users/apple/Code/Swoole_Chat/swoole_chat_framework/Core/AbstractInterface/AbstractREST.php(42): App\Bll\UserCenter\UserCenterController->POSTRegister()
#22 /Users/apple/Code/Swoole_Chat/swoole_chat_framework/Core/Http/Dispatcher.php(137): Core\AbstractInterface\AbstractREST->__call('POSTRegister', NULL)
#23 /Users/apple/Code/Swoole_Chat/swoole_chat_framework/Core/Swoole/Server.php(96): Core\Http\Dispatcher->dispatch()
#24 {main}

Next Illuminate\Database\QueryException: SQLSTATE[23000]: Integrity constraint violation: 1062 Duplicate entry '13915216159' for key 'phone' (SQL: insert into `users` (`email`, `password`, `phone`, `name`, `updated_at`, `created_at`) values (15861621206@163.com, $2y$10$.ByYuBP0Jb2FTc5ihpXs0unvb1WOPDo/fp65thMh1LmmWkQfLWXUe, 13915216159, Tom, 2018-04-07 16:24:00, 2018-04-07 16:24:00)) in /Users/apple/Code/Swoole_Chat/swoole_chat_framework/vendor/illuminate/database/Connection.php:664
Stack trace:
#0 /Users/apple/Code/Swoole_Chat/swoole_chat_framework/vendor/illuminate/database/Connection.php(624): Illuminate\Database\Connection->runQueryCallback('insert into `us...', Array, Object(Closure))
#1 /Users/apple/Code/Swoole_Chat/swoole_chat_framework/vendor/illuminate/database/Connection.php(459): Illuminate\Database\Connection->run('insert into `us...', Array, Object(Closure))
#2 /Users/apple/Code/Swoole_Chat/swoole_chat_framework/vendor/illuminate/database/Connection.php(411): Illuminate\Database\Connection->statement('insert into `us...', Array)
#3 /Users/apple/Code/Swoole_Chat/swoole_chat_framework/vendor/illuminate/database/Query/Processors/Processor.php(32): Illuminate\Database\Connection->insert('insert into `us...', Array)
#4 /Users/apple/Code/Swoole_Chat/swoole_chat_framework/vendor/illuminate/database/Query/Builder.php(2135): Illuminate\Database\Query\Processors\Processor->processInsertGetId(Object(Illuminate\Database\Query\Builder), 'insert into `us...', Array, 'id')
#5 /Users/apple/Code/Swoole_Chat/swoole_chat_framework/vendor/illuminate/database/Eloquent/Builder.php(1270): Illuminate\Database\Query\Builder->insertGetId(Array, 'id')
#6 /Users/apple/Code/Swoole_Chat/swoole_chat_framework/vendor/illuminate/database/Eloquent/Model.php(708): Illuminate\Database\Eloquent\Builder->__call('insertGetId', Array)
#7 /Users/apple/Code/Swoole_Chat/swoole_chat_framework/vendor/illuminate/database/Eloquent/Model.php(673): Illuminate\Database\Eloquent\Model->insertAndSetId(Object(Illuminate\Database\Eloquent\Builder), Array)
#8 /Users/apple/Code/Swoole_Chat/swoole_chat_framework/vendor/illuminate/database/Eloquent/Model.php(536): Illuminate\Database\Eloquent\Model->performInsert(Object(Illuminate\Database\Eloquent\Builder))
#9 /Users/apple/Code/Swoole_Chat/swoole_chat_framework/vendor/illuminate/database/Eloquent/Builder.php(753): Illuminate\Database\Eloquent\Model->save()
#10 /Users/apple/Code/Swoole_Chat/swoole_chat_framework/vendor/illuminate/support/helpers.php(1035): Illuminate\Database\Eloquent\Builder->Illuminate\Database\Eloquent\{closure}(Object(App\Base\UserCenter\User))
#11 /Users/apple/Code/Swoole_Chat/swoole_chat_framework/vendor/illuminate/database/Eloquent/Builder.php(754): tap(Object(App\Base\UserCenter\User), Object(Closure))
#12 /Users/apple/Code/Swoole_Chat/swoole_chat_framework/vendor/illuminate/database/Eloquent/Model.php(1417): Illuminate\Database\Eloquent\Builder->create(Array)
#13 /Users/apple/Code/Swoole_Chat/swoole_chat_framework/vendor/illuminate/database/Eloquent/Model.php(1434): Illuminate\Database\Eloquent\Model->__call('create', Array)
#14 /Users/apple/Code/Swoole_Chat/swoole_chat_framework/App/Logic/UserCenter/UserLogic.php(24): Illuminate\Database\Eloquent\Model::__callStatic('create', Array)
#15 [internal function]: App\Logic\UserCenter\UserLogic->insert(Array)
#16 /Users/apple/Code/Swoole_Chat/swoole_chat_framework/App/Vendor/Invoker/Invoker.php(15): ReflectionMethod->invokeArgs(Object(App\Logic\UserCenter\UserLogic), Array)
#17 /Users/apple/Code/Swoole_Chat/swoole_chat_framework/App/Repository/UserCenter/Instances/UserRepository.php(19): App\Vendor\Invoker\Invoker::execute(Array, Array)
#18 /Users/apple/Code/Swoole_Chat/swoole_chat_framework/App/Bll/UserCenter/UserCenterController.php(104): App\Repository\UserCenter\Instances\UserRepository->insert(Array)
#19 /Users/apple/Code/Swoole_Chat/swoole_chat_framework/Core/AbstractInterface/AbstractREST.php(42): App\Bll\UserCenter\UserCenterController->POSTRegister()
#20 /Users/apple/Code/Swoole_Chat/swoole_chat_framework/Core/Http/Dispatcher.php(137): Core\AbstractInterface\AbstractREST->__call('POSTRegister', NULL)
#21 /Users/apple/Code/Swoole_Chat/swoole_chat_framework/Core/Swoole/Server.php(96): Core\Http\Dispatcher->dispatch()
#22 {main}
time : 18-04-07 16:35:04 message: PDOException: SQLSTATE[23000]: Integrity constraint violation: 1062 Duplicate entry '13915216159' for key 'phone' in /Users/apple/Code/Swoole_Chat/swoole_chat_framework/vendor/illuminate/database/Connection.php:458
Stack trace:
#0 /Users/apple/Code/Swoole_Chat/swoole_chat_framework/vendor/illuminate/database/Connection.php(458): PDOStatement->execute()
#1 /Users/apple/Code/Swoole_Chat/swoole_chat_framework/vendor/illuminate/database/Connection.php(657): Illuminate\Database\Connection->Illuminate\Database\{closure}('insert into `us...', Array)
#2 /Users/apple/Code/Swoole_Chat/swoole_chat_framework/vendor/illuminate/database/Connection.php(624): Illuminate\Database\Connection->runQueryCallback('insert into `us...', Array, Object(Closure))
#3 /Users/apple/Code/Swoole_Chat/swoole_chat_framework/vendor/illuminate/database/Connection.php(459): Illuminate\Database\Connection->run('insert into `us...', Array, Object(Closure))
#4 /Users/apple/Code/Swoole_Chat/swoole_chat_framework/vendor/illuminate/database/Connection.php(411): Illuminate\Database\Connection->statement('insert into `us...', Array)
#5 /Users/apple/Code/Swoole_Chat/swoole_chat_framework/vendor/illuminate/database/Query/Processors/Processor.php(32): Illuminate\Database\Connection->insert('insert into `us...', Array)
#6 /Users/apple/Code/Swoole_Chat/swoole_chat_framework/vendor/illuminate/database/Query/Builder.php(2135): Illuminate\Database\Query\Processors\Processor->processInsertGetId(Object(Illuminate\Database\Query\Builder), 'insert into `us...', Array, 'id')
#7 /Users/apple/Code/Swoole_Chat/swoole_chat_framework/vendor/illuminate/database/Eloquent/Builder.php(1270): Illuminate\Database\Query\Builder->insertGetId(Array, 'id')
#8 /Users/apple/Code/Swoole_Chat/swoole_chat_framework/vendor/illuminate/database/Eloquent/Model.php(708): Illuminate\Database\Eloquent\Builder->__call('insertGetId', Array)
#9 /Users/apple/Code/Swoole_Chat/swoole_chat_framework/vendor/illuminate/database/Eloquent/Model.php(673): Illuminate\Database\Eloquent\Model->insertAndSetId(Object(Illuminate\Database\Eloquent\Builder), Array)
#10 /Users/apple/Code/Swoole_Chat/swoole_chat_framework/vendor/illuminate/database/Eloquent/Model.php(536): Illuminate\Database\Eloquent\Model->performInsert(Object(Illuminate\Database\Eloquent\Builder))
#11 /Users/apple/Code/Swoole_Chat/swoole_chat_framework/vendor/illuminate/database/Eloquent/Builder.php(753): Illuminate\Database\Eloquent\Model->save()
#12 /Users/apple/Code/Swoole_Chat/swoole_chat_framework/vendor/illuminate/support/helpers.php(1035): Illuminate\Database\Eloquent\Builder->Illuminate\Database\Eloquent\{closure}(Object(App\Base\UserCenter\User))
#13 /Users/apple/Code/Swoole_Chat/swoole_chat_framework/vendor/illuminate/database/Eloquent/Builder.php(754): tap(Object(App\Base\UserCenter\User), Object(Closure))
#14 /Users/apple/Code/Swoole_Chat/swoole_chat_framework/vendor/illuminate/database/Eloquent/Model.php(1417): Illuminate\Database\Eloquent\Builder->create(Array)
#15 /Users/apple/Code/Swoole_Chat/swoole_chat_framework/vendor/illuminate/database/Eloquent/Model.php(1434): Illuminate\Database\Eloquent\Model->__call('create', Array)
#16 /Users/apple/Code/Swoole_Chat/swoole_chat_framework/App/Logic/UserCenter/UserLogic.php(24): Illuminate\Database\Eloquent\Model::__callStatic('create', Array)
#17 [internal function]: App\Logic\UserCenter\UserLogic->insert(Array)
#18 /Users/apple/Code/Swoole_Chat/swoole_chat_framework/App/Vendor/Invoker/Invoker.php(15): ReflectionMethod->invokeArgs(Object(App\Logic\UserCenter\UserLogic), Array)
#19 /Users/apple/Code/Swoole_Chat/swoole_chat_framework/App/Repository/UserCenter/Instances/UserRepository.php(19): App\Vendor\Invoker\Invoker::execute(Array, Array)
#20 /Users/apple/Code/Swoole_Chat/swoole_chat_framework/App/Bll/UserCenter/UserCenterController.php(104): App\Repository\UserCenter\Instances\UserRepository->insert(Array)
#21 /Users/apple/Code/Swoole_Chat/swoole_chat_framework/Core/AbstractInterface/AbstractREST.php(42): App\Bll\UserCenter\UserCenterController->POSTRegister()
#22 /Users/apple/Code/Swoole_Chat/swoole_chat_framework/Core/Http/Dispatcher.php(137): Core\AbstractInterface\AbstractREST->__call('POSTRegister', NULL)
#23 /Users/apple/Code/Swoole_Chat/swoole_chat_framework/Core/Swoole/Server.php(96): Core\Http\Dispatcher->dispatch()
#24 {main}

Next Illuminate\Database\QueryException: SQLSTATE[23000]: Integrity constraint violation: 1062 Duplicate entry '13915216159' for key 'phone' (SQL: insert into `users` (`email`, `password`, `phone`, `name`, `updated_at`, `created_at`) values (15861621206@163.com, $2y$10$DzxfSefkkEoJYOGZg1V9q.Nje1K.o4/.RgNCnxgm66RKX0Ze5goLa, 13915216159, Tom, 2018-04-07 16:35:04, 2018-04-07 16:35:04)) in /Users/apple/Code/Swoole_Chat/swoole_chat_framework/vendor/illuminate/database/Connection.php:664
Stack trace:
#0 /Users/apple/Code/Swoole_Chat/swoole_chat_framework/vendor/illuminate/database/Connection.php(624): Illuminate\Database\Connection->runQueryCallback('insert into `us...', Array, Object(Closure))
#1 /Users/apple/Code/Swoole_Chat/swoole_chat_framework/vendor/illuminate/database/Connection.php(459): Illuminate\Database\Connection->run('insert into `us...', Array, Object(Closure))
#2 /Users/apple/Code/Swoole_Chat/swoole_chat_framework/vendor/illuminate/database/Connection.php(411): Illuminate\Database\Connection->statement('insert into `us...', Array)
#3 /Users/apple/Code/Swoole_Chat/swoole_chat_framework/vendor/illuminate/database/Query/Processors/Processor.php(32): Illuminate\Database\Connection->insert('insert into `us...', Array)
#4 /Users/apple/Code/Swoole_Chat/swoole_chat_framework/vendor/illuminate/database/Query/Builder.php(2135): Illuminate\Database\Query\Processors\Processor->processInsertGetId(Object(Illuminate\Database\Query\Builder), 'insert into `us...', Array, 'id')
#5 /Users/apple/Code/Swoole_Chat/swoole_chat_framework/vendor/illuminate/database/Eloquent/Builder.php(1270): Illuminate\Database\Query\Builder->insertGetId(Array, 'id')
#6 /Users/apple/Code/Swoole_Chat/swoole_chat_framework/vendor/illuminate/database/Eloquent/Model.php(708): Illuminate\Database\Eloquent\Builder->__call('insertGetId', Array)
#7 /Users/apple/Code/Swoole_Chat/swoole_chat_framework/vendor/illuminate/database/Eloquent/Model.php(673): Illuminate\Database\Eloquent\Model->insertAndSetId(Object(Illuminate\Database\Eloquent\Builder), Array)
#8 /Users/apple/Code/Swoole_Chat/swoole_chat_framework/vendor/illuminate/database/Eloquent/Model.php(536): Illuminate\Database\Eloquent\Model->performInsert(Object(Illuminate\Database\Eloquent\Builder))
#9 /Users/apple/Code/Swoole_Chat/swoole_chat_framework/vendor/illuminate/database/Eloquent/Builder.php(753): Illuminate\Database\Eloquent\Model->save()
#10 /Users/apple/Code/Swoole_Chat/swoole_chat_framework/vendor/illuminate/support/helpers.php(1035): Illuminate\Database\Eloquent\Builder->Illuminate\Database\Eloquent\{closure}(Object(App\Base\UserCenter\User))
#11 /Users/apple/Code/Swoole_Chat/swoole_chat_framework/vendor/illuminate/database/Eloquent/Builder.php(754): tap(Object(App\Base\UserCenter\User), Object(Closure))
#12 /Users/apple/Code/Swoole_Chat/swoole_chat_framework/vendor/illuminate/database/Eloquent/Model.php(1417): Illuminate\Database\Eloquent\Builder->create(Array)
#13 /Users/apple/Code/Swoole_Chat/swoole_chat_framework/vendor/illuminate/database/Eloquent/Model.php(1434): Illuminate\Database\Eloquent\Model->__call('create', Array)
#14 /Users/apple/Code/Swoole_Chat/swoole_chat_framework/App/Logic/UserCenter/UserLogic.php(24): Illuminate\Database\Eloquent\Model::__callStatic('create', Array)
#15 [internal function]: App\Logic\UserCenter\UserLogic->insert(Array)
#16 /Users/apple/Code/Swoole_Chat/swoole_chat_framework/App/Vendor/Invoker/Invoker.php(15): ReflectionMethod->invokeArgs(Object(App\Logic\UserCenter\UserLogic), Array)
#17 /Users/apple/Code/Swoole_Chat/swoole_chat_framework/App/Repository/UserCenter/Instances/UserRepository.php(19): App\Vendor\Invoker\Invoker::execute(Array, Array)
#18 /Users/apple/Code/Swoole_Chat/swoole_chat_framework/App/Bll/UserCenter/UserCenterController.php(104): App\Repository\UserCenter\Instances\UserRepository->insert(Array)
#19 /Users/apple/Code/Swoole_Chat/swoole_chat_framework/Core/AbstractInterface/AbstractREST.php(42): App\Bll\UserCenter\UserCenterController->POSTRegister()
#20 /Users/apple/Code/Swoole_Chat/swoole_chat_framework/Core/Http/Dispatcher.php(137): Core\AbstractInterface\AbstractREST->__call('POSTRegister', NULL)
#21 /Users/apple/Code/Swoole_Chat/swoole_chat_framework/Core/Swoole/Server.php(96): Core\Http\Dispatcher->dispatch()
#22 {main}
time : 18-04-07 16:35:59 message: PDOException: SQLSTATE[23000]: Integrity constraint violation: 1062 Duplicate entry '13915216159' for key 'phone' in /Users/apple/Code/Swoole_Chat/swoole_chat_framework/vendor/illuminate/database/Connection.php:458
Stack trace:
#0 /Users/apple/Code/Swoole_Chat/swoole_chat_framework/vendor/illuminate/database/Connection.php(458): PDOStatement->execute()
#1 /Users/apple/Code/Swoole_Chat/swoole_chat_framework/vendor/illuminate/database/Connection.php(657): Illuminate\Database\Connection->Illuminate\Database\{closure}('insert into `us...', Array)
#2 /Users/apple/Code/Swoole_Chat/swoole_chat_framework/vendor/illuminate/database/Connection.php(624): Illuminate\Database\Connection->runQueryCallback('insert into `us...', Array, Object(Closure))
#3 /Users/apple/Code/Swoole_Chat/swoole_chat_framework/vendor/illuminate/database/Connection.php(459): Illuminate\Database\Connection->run('insert into `us...', Array, Object(Closure))
#4 /Users/apple/Code/Swoole_Chat/swoole_chat_framework/vendor/illuminate/database/Connection.php(411): Illuminate\Database\Connection->statement('insert into `us...', Array)
#5 /Users/apple/Code/Swoole_Chat/swoole_chat_framework/vendor/illuminate/database/Query/Processors/Processor.php(32): Illuminate\Database\Connection->insert('insert into `us...', Array)
#6 /Users/apple/Code/Swoole_Chat/swoole_chat_framework/vendor/illuminate/database/Query/Builder.php(2135): Illuminate\Database\Query\Processors\Processor->processInsertGetId(Object(Illuminate\Database\Query\Builder), 'insert into `us...', Array, 'id')
#7 /Users/apple/Code/Swoole_Chat/swoole_chat_framework/vendor/illuminate/database/Eloquent/Builder.php(1270): Illuminate\Database\Query\Builder->insertGetId(Array, 'id')
#8 /Users/apple/Code/Swoole_Chat/swoole_chat_framework/vendor/illuminate/database/Eloquent/Model.php(708): Illuminate\Database\Eloquent\Builder->__call('insertGetId', Array)
#9 /Users/apple/Code/Swoole_Chat/swoole_chat_framework/vendor/illuminate/database/Eloquent/Model.php(673): Illuminate\Database\Eloquent\Model->insertAndSetId(Object(Illuminate\Database\Eloquent\Builder), Array)
#10 /Users/apple/Code/Swoole_Chat/swoole_chat_framework/vendor/illuminate/database/Eloquent/Model.php(536): Illuminate\Database\Eloquent\Model->performInsert(Object(Illuminate\Database\Eloquent\Builder))
#11 /Users/apple/Code/Swoole_Chat/swoole_chat_framework/vendor/illuminate/database/Eloquent/Builder.php(753): Illuminate\Database\Eloquent\Model->save()
#12 /Users/apple/Code/Swoole_Chat/swoole_chat_framework/vendor/illuminate/support/helpers.php(1035): Illuminate\Database\Eloquent\Builder->Illuminate\Database\Eloquent\{closure}(Object(App\Base\UserCenter\User))
#13 /Users/apple/Code/Swoole_Chat/swoole_chat_framework/vendor/illuminate/database/Eloquent/Builder.php(754): tap(Object(App\Base\UserCenter\User), Object(Closure))
#14 /Users/apple/Code/Swoole_Chat/swoole_chat_framework/vendor/illuminate/database/Eloquent/Model.php(1417): Illuminate\Database\Eloquent\Builder->create(Array)
#15 /Users/apple/Code/Swoole_Chat/swoole_chat_framework/vendor/illuminate/database/Eloquent/Model.php(1434): Illuminate\Database\Eloquent\Model->__call('create', Array)
#16 /Users/apple/Code/Swoole_Chat/swoole_chat_framework/App/Logic/UserCenter/UserLogic.php(24): Illuminate\Database\Eloquent\Model::__callStatic('create', Array)
#17 [internal function]: App\Logic\UserCenter\UserLogic->insert(Array)
#18 /Users/apple/Code/Swoole_Chat/swoole_chat_framework/App/Vendor/Invoker/Invoker.php(15): ReflectionMethod->invokeArgs(Object(App\Logic\UserCenter\UserLogic), Array)
#19 /Users/apple/Code/Swoole_Chat/swoole_chat_framework/App/Repository/UserCenter/Instances/UserRepository.php(19): App\Vendor\Invoker\Invoker::execute(Array, Array)
#20 /Users/apple/Code/Swoole_Chat/swoole_chat_framework/App/Bll/UserCenter/UserCenterController.php(104): App\Repository\UserCenter\Instances\UserRepository->insert(Array)
#21 /Users/apple/Code/Swoole_Chat/swoole_chat_framework/Core/AbstractInterface/AbstractREST.php(42): App\Bll\UserCenter\UserCenterController->POSTRegister()
#22 /Users/apple/Code/Swoole_Chat/swoole_chat_framework/Core/Http/Dispatcher.php(137): Core\AbstractInterface\AbstractREST->__call('POSTRegister', NULL)
#23 /Users/apple/Code/Swoole_Chat/swoole_chat_framework/Core/Swoole/Server.php(96): Core\Http\Dispatcher->dispatch()
#24 {main}

Next Illuminate\Database\QueryException: SQLSTATE[23000]: Integrity constraint violation: 1062 Duplicate entry '13915216159' for key 'phone' (SQL: insert into `users` (`email`, `password`, `phone`, `name`, `updated_at`, `created_at`) values (15861621206@163.com, $2y$10$3lq2uTl6RPfHnvXFI8aEo..pF9BqEZHW7fzIEa0YxN5wtbB7eVB8i, 13915216159, Tom, 2018-04-07 16:35:59, 2018-04-07 16:35:59)) in /Users/apple/Code/Swoole_Chat/swoole_chat_framework/vendor/illuminate/database/Connection.php:664
Stack trace:
#0 /Users/apple/Code/Swoole_Chat/swoole_chat_framework/vendor/illuminate/database/Connection.php(624): Illuminate\Database\Connection->runQueryCallback('insert into `us...', Array, Object(Closure))
#1 /Users/apple/Code/Swoole_Chat/swoole_chat_framework/vendor/illuminate/database/Connection.php(459): Illuminate\Database\Connection->run('insert into `us...', Array, Object(Closure))
#2 /Users/apple/Code/Swoole_Chat/swoole_chat_framework/vendor/illuminate/database/Connection.php(411): Illuminate\Database\Connection->statement('insert into `us...', Array)
#3 /Users/apple/Code/Swoole_Chat/swoole_chat_framework/vendor/illuminate/database/Query/Processors/Processor.php(32): Illuminate\Database\Connection->insert('insert into `us...', Array)
#4 /Users/apple/Code/Swoole_Chat/swoole_chat_framework/vendor/illuminate/database/Query/Builder.php(2135): Illuminate\Database\Query\Processors\Processor->processInsertGetId(Object(Illuminate\Database\Query\Builder), 'insert into `us...', Array, 'id')
#5 /Users/apple/Code/Swoole_Chat/swoole_chat_framework/vendor/illuminate/database/Eloquent/Builder.php(1270): Illuminate\Database\Query\Builder->insertGetId(Array, 'id')
#6 /Users/apple/Code/Swoole_Chat/swoole_chat_framework/vendor/illuminate/database/Eloquent/Model.php(708): Illuminate\Database\Eloquent\Builder->__call('insertGetId', Array)
#7 /Users/apple/Code/Swoole_Chat/swoole_chat_framework/vendor/illuminate/database/Eloquent/Model.php(673): Illuminate\Database\Eloquent\Model->insertAndSetId(Object(Illuminate\Database\Eloquent\Builder), Array)
#8 /Users/apple/Code/Swoole_Chat/swoole_chat_framework/vendor/illuminate/database/Eloquent/Model.php(536): Illuminate\Database\Eloquent\Model->performInsert(Object(Illuminate\Database\Eloquent\Builder))
#9 /Users/apple/Code/Swoole_Chat/swoole_chat_framework/vendor/illuminate/database/Eloquent/Builder.php(753): Illuminate\Database\Eloquent\Model->save()
#10 /Users/apple/Code/Swoole_Chat/swoole_chat_framework/vendor/illuminate/support/helpers.php(1035): Illuminate\Database\Eloquent\Builder->Illuminate\Database\Eloquent\{closure}(Object(App\Base\UserCenter\User))
#11 /Users/apple/Code/Swoole_Chat/swoole_chat_framework/vendor/illuminate/database/Eloquent/Builder.php(754): tap(Object(App\Base\UserCenter\User), Object(Closure))
#12 /Users/apple/Code/Swoole_Chat/swoole_chat_framework/vendor/illuminate/database/Eloquent/Model.php(1417): Illuminate\Database\Eloquent\Builder->create(Array)
#13 /Users/apple/Code/Swoole_Chat/swoole_chat_framework/vendor/illuminate/database/Eloquent/Model.php(1434): Illuminate\Database\Eloquent\Model->__call('create', Array)
#14 /Users/apple/Code/Swoole_Chat/swoole_chat_framework/App/Logic/UserCenter/UserLogic.php(24): Illuminate\Database\Eloquent\Model::__callStatic('create', Array)
#15 [internal function]: App\Logic\UserCenter\UserLogic->insert(Array)
#16 /Users/apple/Code/Swoole_Chat/swoole_chat_framework/App/Vendor/Invoker/Invoker.php(15): ReflectionMethod->invokeArgs(Object(App\Logic\UserCenter\UserLogic), Array)
#17 /Users/apple/Code/Swoole_Chat/swoole_chat_framework/App/Repository/UserCenter/Instances/UserRepository.php(19): App\Vendor\Invoker\Invoker::execute(Array, Array)
#18 /Users/apple/Code/Swoole_Chat/swoole_chat_framework/App/Bll/UserCenter/UserCenterController.php(104): App\Repository\UserCenter\Instances\UserRepository->insert(Array)
#19 /Users/apple/Code/Swoole_Chat/swoole_chat_framework/Core/AbstractInterface/AbstractREST.php(42): App\Bll\UserCenter\UserCenterController->POSTRegister()
#20 /Users/apple/Code/Swoole_Chat/swoole_chat_framework/Core/Http/Dispatcher.php(137): Core\AbstractInterface\AbstractREST->__call('POSTRegister', NULL)
#21 /Users/apple/Code/Swoole_Chat/swoole_chat_framework/Core/Swoole/Server.php(96): Core\Http\Dispatcher->dispatch()
#22 {main}
time : 18-04-07 16:36:26 message: {"name":["validation.max.string"]}
time : 18-04-07 16:41:44 message: {"name":["validation.max.string"]}
time : 18-04-07 16:42:02 message: {"name":["validation.max.string"]}
time : 18-04-07 16:42:04 message: {"name":["validation.max.string"]}
time : 18-04-07 16:42:20 message: PDOException: SQLSTATE[23000]: Integrity constraint violation: 1062 Duplicate entry '13915216159' for key 'phone' in /Users/apple/Code/Swoole_Chat/swoole_chat_framework/vendor/illuminate/database/Connection.php:458
Stack trace:
#0 /Users/apple/Code/Swoole_Chat/swoole_chat_framework/vendor/illuminate/database/Connection.php(458): PDOStatement->execute()
#1 /Users/apple/Code/Swoole_Chat/swoole_chat_framework/vendor/illuminate/database/Connection.php(657): Illuminate\Database\Connection->Illuminate\Database\{closure}('insert into `us...', Array)
#2 /Users/apple/Code/Swoole_Chat/swoole_chat_framework/vendor/illuminate/database/Connection.php(624): Illuminate\Database\Connection->runQueryCallback('insert into `us...', Array, Object(Closure))
#3 /Users/apple/Code/Swoole_Chat/swoole_chat_framework/vendor/illuminate/database/Connection.php(459): Illuminate\Database\Connection->run('insert into `us...', Array, Object(Closure))
#4 /Users/apple/Code/Swoole_Chat/swoole_chat_framework/vendor/illuminate/database/Connection.php(411): Illuminate\Database\Connection->statement('insert into `us...', Array)
#5 /Users/apple/Code/Swoole_Chat/swoole_chat_framework/vendor/illuminate/database/Query/Processors/Processor.php(32): Illuminate\Database\Connection->insert('insert into `us...', Array)
#6 /Users/apple/Code/Swoole_Chat/swoole_chat_framework/vendor/illuminate/database/Query/Builder.php(2135): Illuminate\Database\Query\Processors\Processor->processInsertGetId(Object(Illuminate\Database\Query\Builder), 'insert into `us...', Array, 'id')
#7 /Users/apple/Code/Swoole_Chat/swoole_chat_framework/vendor/illuminate/database/Eloquent/Builder.php(1270): Illuminate\Database\Query\Builder->insertGetId(Array, 'id')
#8 /Users/apple/Code/Swoole_Chat/swoole_chat_framework/vendor/illuminate/database/Eloquent/Model.php(708): Illuminate\Database\Eloquent\Builder->__call('insertGetId', Array)
#9 /Users/apple/Code/Swoole_Chat/swoole_chat_framework/vendor/illuminate/database/Eloquent/Model.php(673): Illuminate\Database\Eloquent\Model->insertAndSetId(Object(Illuminate\Database\Eloquent\Builder), Array)
#10 /Users/apple/Code/Swoole_Chat/swoole_chat_framework/vendor/illuminate/database/Eloquent/Model.php(536): Illuminate\Database\Eloquent\Model->performInsert(Object(Illuminate\Database\Eloquent\Builder))
#11 /Users/apple/Code/Swoole_Chat/swoole_chat_framework/vendor/illuminate/database/Eloquent/Builder.php(753): Illuminate\Database\Eloquent\Model->save()
#12 /Users/apple/Code/Swoole_Chat/swoole_chat_framework/vendor/illuminate/support/helpers.php(1035): Illuminate\Database\Eloquent\Builder->Illuminate\Database\Eloquent\{closure}(Object(App\Base\UserCenter\User))
#13 /Users/apple/Code/Swoole_Chat/swoole_chat_framework/vendor/illuminate/database/Eloquent/Builder.php(754): tap(Object(App\Base\UserCenter\User), Object(Closure))
#14 /Users/apple/Code/Swoole_Chat/swoole_chat_framework/vendor/illuminate/database/Eloquent/Model.php(1417): Illuminate\Database\Eloquent\Builder->create(Array)
#15 /Users/apple/Code/Swoole_Chat/swoole_chat_framework/vendor/illuminate/database/Eloquent/Model.php(1434): Illuminate\Database\Eloquent\Model->__call('create', Array)
#16 /Users/apple/Code/Swoole_Chat/swoole_chat_framework/App/Logic/UserCenter/UserLogic.php(24): Illuminate\Database\Eloquent\Model::__callStatic('create', Array)
#17 [internal function]: App\Logic\UserCenter\UserLogic->insert(Array)
#18 /Users/apple/Code/Swoole_Chat/swoole_chat_framework/App/Vendor/Invoker/Invoker.php(15): ReflectionMethod->invokeArgs(Object(App\Logic\UserCenter\UserLogic), Array)
#19 /Users/apple/Code/Swoole_Chat/swoole_chat_framework/App/Repository/UserCenter/Instances/UserRepository.php(19): App\Vendor\Invoker\Invoker::execute(Array, Array)
#20 /Users/apple/Code/Swoole_Chat/swoole_chat_framework/App/Bll/UserCenter/UserCenterController.php(104): App\Repository\UserCenter\Instances\UserRepository->insert(Array)
#21 /Users/apple/Code/Swoole_Chat/swoole_chat_framework/Core/AbstractInterface/AbstractREST.php(42): App\Bll\UserCenter\UserCenterController->POSTRegister()
#22 /Users/apple/Code/Swoole_Chat/swoole_chat_framework/Core/Http/Dispatcher.php(137): Core\AbstractInterface\AbstractREST->__call('POSTRegister', NULL)
#23 /Users/apple/Code/Swoole_Chat/swoole_chat_framework/Core/Swoole/Server.php(96): Core\Http\Dispatcher->dispatch()
#24 {main}

Next Illuminate\Database\QueryException: SQLSTATE[23000]: Integrity constraint violation: 1062 Duplicate entry '13915216159' for key 'phone' (SQL: insert into `users` (`email`, `password`, `phone`, `name`, `updated_at`, `created_at`) values (15861621206@163.com, $2y$10$hZmFkwEl7aHnqh90qXh0o.KusVMvuSWc1Op0zu9RbYbDn897aPxNi, 13915216159, Tom, 2018-04-07 16:42:20, 2018-04-07 16:42:20)) in /Users/apple/Code/Swoole_Chat/swoole_chat_framework/vendor/illuminate/database/Connection.php:664
Stack trace:
#0 /Users/apple/Code/Swoole_Chat/swoole_chat_framework/vendor/illuminate/database/Connection.php(624): Illuminate\Database\Connection->runQueryCallback('insert into `us...', Array, Object(Closure))
#1 /Users/apple/Code/Swoole_Chat/swoole_chat_framework/vendor/illuminate/database/Connection.php(459): Illuminate\Database\Connection->run('insert into `us...', Array, Object(Closure))
#2 /Users/apple/Code/Swoole_Chat/swoole_chat_framework/vendor/illuminate/database/Connection.php(411): Illuminate\Database\Connection->statement('insert into `us...', Array)
#3 /Users/apple/Code/Swoole_Chat/swoole_chat_framework/vendor/illuminate/database/Query/Processors/Processor.php(32): Illuminate\Database\Connection->insert('insert into `us...', Array)
#4 /Users/apple/Code/Swoole_Chat/swoole_chat_framework/vendor/illuminate/database/Query/Builder.php(2135): Illuminate\Database\Query\Processors\Processor->processInsertGetId(Object(Illuminate\Database\Query\Builder), 'insert into `us...', Array, 'id')
#5 /Users/apple/Code/Swoole_Chat/swoole_chat_framework/vendor/illuminate/database/Eloquent/Builder.php(1270): Illuminate\Database\Query\Builder->insertGetId(Array, 'id')
#6 /Users/apple/Code/Swoole_Chat/swoole_chat_framework/vendor/illuminate/database/Eloquent/Model.php(708): Illuminate\Database\Eloquent\Builder->__call('insertGetId', Array)
#7 /Users/apple/Code/Swoole_Chat/swoole_chat_framework/vendor/illuminate/database/Eloquent/Model.php(673): Illuminate\Database\Eloquent\Model->insertAndSetId(Object(Illuminate\Database\Eloquent\Builder), Array)
#8 /Users/apple/Code/Swoole_Chat/swoole_chat_framework/vendor/illuminate/database/Eloquent/Model.php(536): Illuminate\Database\Eloquent\Model->performInsert(Object(Illuminate\Database\Eloquent\Builder))
#9 /Users/apple/Code/Swoole_Chat/swoole_chat_framework/vendor/illuminate/database/Eloquent/Builder.php(753): Illuminate\Database\Eloquent\Model->save()
#10 /Users/apple/Code/Swoole_Chat/swoole_chat_framework/vendor/illuminate/support/helpers.php(1035): Illuminate\Database\Eloquent\Builder->Illuminate\Database\Eloquent\{closure}(Object(App\Base\UserCenter\User))
#11 /Users/apple/Code/Swoole_Chat/swoole_chat_framework/vendor/illuminate/database/Eloquent/Builder.php(754): tap(Object(App\Base\UserCenter\User), Object(Closure))
#12 /Users/apple/Code/Swoole_Chat/swoole_chat_framework/vendor/illuminate/database/Eloquent/Model.php(1417): Illuminate\Database\Eloquent\Builder->create(Array)
#13 /Users/apple/Code/Swoole_Chat/swoole_chat_framework/vendor/illuminate/database/Eloquent/Model.php(1434): Illuminate\Database\Eloquent\Model->__call('create', Array)
#14 /Users/apple/Code/Swoole_Chat/swoole_chat_framework/App/Logic/UserCenter/UserLogic.php(24): Illuminate\Database\Eloquent\Model::__callStatic('create', Array)
#15 [internal function]: App\Logic\UserCenter\UserLogic->insert(Array)
#16 /Users/apple/Code/Swoole_Chat/swoole_chat_framework/App/Vendor/Invoker/Invoker.php(15): ReflectionMethod->invokeArgs(Object(App\Logic\UserCenter\UserLogic), Array)
#17 /Users/apple/Code/Swoole_Chat/swoole_chat_framework/App/Repository/UserCenter/Instances/UserRepository.php(19): App\Vendor\Invoker\Invoker::execute(Array, Array)
#18 /Users/apple/Code/Swoole_Chat/swoole_chat_framework/App/Bll/UserCenter/UserCenterController.php(104): App\Repository\UserCenter\Instances\UserRepository->insert(Array)
#19 /Users/apple/Code/Swoole_Chat/swoole_chat_framework/Core/AbstractInterface/AbstractREST.php(42): App\Bll\UserCenter\UserCenterController->POSTRegister()
#20 /Users/apple/Code/Swoole_Chat/swoole_chat_framework/Core/Http/Dispatcher.php(137): Core\AbstractInterface\AbstractREST->__call('POSTRegister', NULL)
#21 /Users/apple/Code/Swoole_Chat/swoole_chat_framework/Core/Swoole/Server.php(96): Core\Http\Dispatcher->dispatch()
#22 {main}
time : 18-04-07 17:51:06 message: {"email":["validation.required"]}
time : 18-04-07 17:51:06 message: {"email":["validation.required"]}
