time : 18-02-01 13:42:32 message: PDOException: SQLSTATE[23000]: Integrity constraint violation: 1062 Duplicate entry '13915216159' for key 'phone' in /Users/apple/Code/Swoole_Chat/swoole_framework/vendor/illuminate/database/Connection.php:458
Stack trace:
#0 /Users/apple/Code/Swoole_Chat/swoole_framework/vendor/illuminate/database/Connection.php(458): PDOStatement->execute()
#1 /Users/apple/Code/Swoole_Chat/swoole_framework/vendor/illuminate/database/Connection.php(657): Illuminate\Database\Connection->Illuminate\Database\{closure}('insert into `us...', Array)
#2 /Users/apple/Code/Swoole_Chat/swoole_framework/vendor/illuminate/database/Connection.php(624): Illuminate\Database\Connection->runQueryCallback('insert into `us...', Array, Object(Closure))
#3 /Users/apple/Code/Swoole_Chat/swoole_framework/vendor/illuminate/database/Connection.php(459): Illuminate\Database\Connection->run('insert into `us...', Array, Object(Closure))
#4 /Users/apple/Code/Swoole_Chat/swoole_framework/vendor/illuminate/database/Connection.php(411): Illuminate\Database\Connection->statement('insert into `us...', Array)
#5 /Users/apple/Code/Swoole_Chat/swoole_framework/vendor/illuminate/database/Query/Processors/Processor.php(32): Illuminate\Database\Connection->insert('insert into `us...', Array)
#6 /Users/apple/Code/Swoole_Chat/swoole_framework/vendor/illuminate/database/Query/Builder.php(2135): Illuminate\Database\Query\Processors\Processor->processInsertGetId(Object(Illuminate\Database\Query\Builder), 'insert into `us...', Array, 'id')
#7 /Users/apple/Code/Swoole_Chat/swoole_framework/vendor/illuminate/database/Eloquent/Builder.php(1270): Illuminate\Database\Query\Builder->insertGetId(Array, 'id')
#8 /Users/apple/Code/Swoole_Chat/swoole_framework/vendor/illuminate/database/Eloquent/Model.php(708): Illuminate\Database\Eloquent\Builder->__call('insertGetId', Array)
#9 /Users/apple/Code/Swoole_Chat/swoole_framework/vendor/illuminate/database/Eloquent/Model.php(673): Illuminate\Database\Eloquent\Model->insertAndSetId(Object(Illuminate\Database\Eloquent\Builder), Array)
#10 /Users/apple/Code/Swoole_Chat/swoole_framework/vendor/illuminate/database/Eloquent/Model.php(536): Illuminate\Database\Eloquent\Model->performInsert(Object(Illuminate\Database\Eloquent\Builder))
#11 /Users/apple/Code/Swoole_Chat/swoole_framework/vendor/illuminate/database/Eloquent/Builder.php(753): Illuminate\Database\Eloquent\Model->save()
#12 /Users/apple/Code/Swoole_Chat/swoole_framework/vendor/illuminate/support/helpers.php(1035): Illuminate\Database\Eloquent\Builder->Illuminate\Database\Eloquent\{closure}(Object(App\Base\UserCenter\User))
#13 /Users/apple/Code/Swoole_Chat/swoole_framework/vendor/illuminate/database/Eloquent/Builder.php(754): tap(Object(App\Base\UserCenter\User), Object(Closure))
#14 /Users/apple/Code/Swoole_Chat/swoole_framework/vendor/illuminate/database/Eloquent/Model.php(1417): Illuminate\Database\Eloquent\Builder->create(Array)
#15 /Users/apple/Code/Swoole_Chat/swoole_framework/vendor/illuminate/database/Eloquent/Model.php(1434): Illuminate\Database\Eloquent\Model->__call('create', Array)
#16 /Users/apple/Code/Swoole_Chat/swoole_framework/App/Logic/UserCenter/UserLogic.php(20): Illuminate\Database\Eloquent\Model::__callStatic('create', Array)
#17 [internal function]: App\Logic\UserCenter\UserLogic->insert(Array)
#18 /Users/apple/Code/Swoole_Chat/swoole_framework/App/Vendor/Invoker/Invoker.php(15): ReflectionMethod->invokeArgs(Object(App\Logic\UserCenter\UserLogic), Array)
#19 /Users/apple/Code/Swoole_Chat/swoole_framework/App/Repository/UserCenter/Instances/UserRepository.php(19): App\Vendor\Invoker\Invoker::execute(Array, Array)
#20 /Users/apple/Code/Swoole_Chat/swoole_framework/App/Bll/UserCenter/UserCenterController.php(109): App\Repository\UserCenter\Instances\UserRepository->insert(Array)
#21 /Users/apple/Code/Swoole_Chat/swoole_framework/Core/AbstractInterface/AbstractREST.php(42): App\Bll\UserCenter\UserCenterController->POSTRegister()
#22 /Users/apple/Code/Swoole_Chat/swoole_framework/Core/Http/Dispatcher.php(137): Core\AbstractInterface\AbstractREST->__call('POSTRegister', NULL)
#23 /Users/apple/Code/Swoole_Chat/swoole_framework/Core/Swoole/Server.php(96): Core\Http\Dispatcher->dispatch()
#24 {main}

Next Illuminate\Database\QueryException: SQLSTATE[23000]: Integrity constraint violation: 1062 Duplicate entry '13915216159' for key 'phone' (SQL: insert into `users` (`email`, `password`, `phone`, `name`, `updated_at`, `created_at`) values (2672252381@qq.com, $2y$10$JMmtZFFw6YIlCTTMMw59oeCqkRvRllBgiycClyke/VfdMkWWCG8/6, 13915216159, Jelly, 2018-02-01 13:42:32, 2018-02-01 13:42:32)) in /Users/apple/Code/Swoole_Chat/swoole_framework/vendor/illuminate/database/Connection.php:664
Stack trace:
#0 /Users/apple/Code/Swoole_Chat/swoole_framework/vendor/illuminate/database/Connection.php(624): Illuminate\Database\Connection->runQueryCallback('insert into `us...', Array, Object(Closure))
#1 /Users/apple/Code/Swoole_Chat/swoole_framework/vendor/illuminate/database/Connection.php(459): Illuminate\Database\Connection->run('insert into `us...', Array, Object(Closure))
#2 /Users/apple/Code/Swoole_Chat/swoole_framework/vendor/illuminate/database/Connection.php(411): Illuminate\Database\Connection->statement('insert into `us...', Array)
#3 /Users/apple/Code/Swoole_Chat/swoole_framework/vendor/illuminate/database/Query/Processors/Processor.php(32): Illuminate\Database\Connection->insert('insert into `us...', Array)
#4 /Users/apple/Code/Swoole_Chat/swoole_framework/vendor/illuminate/database/Query/Builder.php(2135): Illuminate\Database\Query\Processors\Processor->processInsertGetId(Object(Illuminate\Database\Query\Builder), 'insert into `us...', Array, 'id')
#5 /Users/apple/Code/Swoole_Chat/swoole_framework/vendor/illuminate/database/Eloquent/Builder.php(1270): Illuminate\Database\Query\Builder->insertGetId(Array, 'id')
#6 /Users/apple/Code/Swoole_Chat/swoole_framework/vendor/illuminate/database/Eloquent/Model.php(708): Illuminate\Database\Eloquent\Builder->__call('insertGetId', Array)
#7 /Users/apple/Code/Swoole_Chat/swoole_framework/vendor/illuminate/database/Eloquent/Model.php(673): Illuminate\Database\Eloquent\Model->insertAndSetId(Object(Illuminate\Database\Eloquent\Builder), Array)
#8 /Users/apple/Code/Swoole_Chat/swoole_framework/vendor/illuminate/database/Eloquent/Model.php(536): Illuminate\Database\Eloquent\Model->performInsert(Object(Illuminate\Database\Eloquent\Builder))
#9 /Users/apple/Code/Swoole_Chat/swoole_framework/vendor/illuminate/database/Eloquent/Builder.php(753): Illuminate\Database\Eloquent\Model->save()
#10 /Users/apple/Code/Swoole_Chat/swoole_framework/vendor/illuminate/support/helpers.php(1035): Illuminate\Database\Eloquent\Builder->Illuminate\Database\Eloquent\{closure}(Object(App\Base\UserCenter\User))
#11 /Users/apple/Code/Swoole_Chat/swoole_framework/vendor/illuminate/database/Eloquent/Builder.php(754): tap(Object(App\Base\UserCenter\User), Object(Closure))
#12 /Users/apple/Code/Swoole_Chat/swoole_framework/vendor/illuminate/database/Eloquent/Model.php(1417): Illuminate\Database\Eloquent\Builder->create(Array)
#13 /Users/apple/Code/Swoole_Chat/swoole_framework/vendor/illuminate/database/Eloquent/Model.php(1434): Illuminate\Database\Eloquent\Model->__call('create', Array)
#14 /Users/apple/Code/Swoole_Chat/swoole_framework/App/Logic/UserCenter/UserLogic.php(20): Illuminate\Database\Eloquent\Model::__callStatic('create', Array)
#15 [internal function]: App\Logic\UserCenter\UserLogic->insert(Array)
#16 /Users/apple/Code/Swoole_Chat/swoole_framework/App/Vendor/Invoker/Invoker.php(15): ReflectionMethod->invokeArgs(Object(App\Logic\UserCenter\UserLogic), Array)
#17 /Users/apple/Code/Swoole_Chat/swoole_framework/App/Repository/UserCenter/Instances/UserRepository.php(19): App\Vendor\Invoker\Invoker::execute(Array, Array)
#18 /Users/apple/Code/Swoole_Chat/swoole_framework/App/Bll/UserCenter/UserCenterController.php(109): App\Repository\UserCenter\Instances\UserRepository->insert(Array)
#19 /Users/apple/Code/Swoole_Chat/swoole_framework/Core/AbstractInterface/AbstractREST.php(42): App\Bll\UserCenter\UserCenterController->POSTRegister()
#20 /Users/apple/Code/Swoole_Chat/swoole_framework/Core/Http/Dispatcher.php(137): Core\AbstractInterface\AbstractREST->__call('POSTRegister', NULL)
#21 /Users/apple/Code/Swoole_Chat/swoole_framework/Core/Swoole/Server.php(96): Core\Http\Dispatcher->dispatch()
#22 {main}
time : 18-02-05 15:30:21 message: PDOException: SQLSTATE[23000]: Integrity constraint violation: 1048 Column 'user_id' cannot be null in /Users/apple/Code/Swoole_Chat/swoole_framework/vendor/illuminate/database/Connection.php:458
Stack trace:
#0 /Users/apple/Code/Swoole_Chat/swoole_framework/vendor/illuminate/database/Connection.php(458): PDOStatement->execute()
#1 /Users/apple/Code/Swoole_Chat/swoole_framework/vendor/illuminate/database/Connection.php(657): Illuminate\Database\Connection->Illuminate\Database\{closure}('insert into `ch...', Array)
#2 /Users/apple/Code/Swoole_Chat/swoole_framework/vendor/illuminate/database/Connection.php(624): Illuminate\Database\Connection->runQueryCallback('insert into `ch...', Array, Object(Closure))
#3 /Users/apple/Code/Swoole_Chat/swoole_framework/vendor/illuminate/database/Connection.php(459): Illuminate\Database\Connection->run('insert into `ch...', Array, Object(Closure))
#4 /Users/apple/Code/Swoole_Chat/swoole_framework/vendor/illuminate/database/Connection.php(411): Illuminate\Database\Connection->statement('insert into `ch...', Array)
#5 /Users/apple/Code/Swoole_Chat/swoole_framework/vendor/illuminate/database/Query/Processors/Processor.php(32): Illuminate\Database\Connection->insert('insert into `ch...', Array)
#6 /Users/apple/Code/Swoole_Chat/swoole_framework/vendor/illuminate/database/Query/Builder.php(2135): Illuminate\Database\Query\Processors\Processor->processInsertGetId(Object(Illuminate\Database\Query\Builder), 'insert into `ch...', Array, 'id')
#7 /Users/apple/Code/Swoole_Chat/swoole_framework/vendor/illuminate/database/Eloquent/Builder.php(1270): Illuminate\Database\Query\Builder->insertGetId(Array, 'id')
#8 /Users/apple/Code/Swoole_Chat/swoole_framework/vendor/illuminate/database/Eloquent/Model.php(708): Illuminate\Database\Eloquent\Builder->__call('insertGetId', Array)
#9 /Users/apple/Code/Swoole_Chat/swoole_framework/vendor/illuminate/database/Eloquent/Model.php(673): Illuminate\Database\Eloquent\Model->insertAndSetId(Object(Illuminate\Database\Eloquent\Builder), Array)
#10 /Users/apple/Code/Swoole_Chat/swoole_framework/vendor/illuminate/database/Eloquent/Model.php(536): Illuminate\Database\Eloquent\Model->performInsert(Object(Illuminate\Database\Eloquent\Builder))
#11 /Users/apple/Code/Swoole_Chat/swoole_framework/vendor/illuminate/database/Eloquent/Builder.php(753): Illuminate\Database\Eloquent\Model->save()
#12 /Users/apple/Code/Swoole_Chat/swoole_framework/vendor/illuminate/support/helpers.php(1035): Illuminate\Database\Eloquent\Builder->Illuminate\Database\Eloquent\{closure}(Object(App\Base\UserCenter\UserChat))
#13 /Users/apple/Code/Swoole_Chat/swoole_framework/vendor/illuminate/database/Eloquent/Builder.php(754): tap(Object(App\Base\UserCenter\UserChat), Object(Closure))
#14 /Users/apple/Code/Swoole_Chat/swoole_framework/vendor/illuminate/database/Eloquent/Model.php(1417): Illuminate\Database\Eloquent\Builder->create(Array)
#15 /Users/apple/Code/Swoole_Chat/swoole_framework/vendor/illuminate/database/Eloquent/Model.php(1434): Illuminate\Database\Eloquent\Model->__call('create', Array)
#16 /Users/apple/Code/Swoole_Chat/swoole_framework/App/Logic/UserCenter/UserChatLogic.php(20): Illuminate\Database\Eloquent\Model::__callStatic('create', Array)
#17 [internal function]: App\Logic\UserCenter\UserChatLogic->insert(Array)
#18 /Users/apple/Code/Swoole_Chat/swoole_framework/App/Vendor/Invoker/Invoker.php(15): ReflectionMethod->invokeArgs(Object(App\Logic\UserCenter\UserChatLogic), Array)
#19 /Users/apple/Code/Swoole_Chat/swoole_framework/App/Repository/UserCenter/Instances/UserChatRepository.php(14): App\Vendor\Invoker\Invoker::execute(Array, Array)
#20 /Users/apple/Code/Swoole_Chat/swoole_framework/App/Bll/WebSocket/Register.php(38): App\Repository\UserCenter\Instances\UserChatRepository->insert(Array)
#21 /Users/apple/Code/Swoole_Chat/swoole_framework/App/Bll/WebSocket/Register.php(20): App\Bll\WebSocket\Register->sendPublicMessage(Object(Core\Component\Socket\Common\Command), Object(Core\Component\Socket\Client\TcpClient))
#22 [internal function]: App\Bll\WebSocket\Register->App\Bll\WebSocket\{closure}(Object(Core\Component\Socket\Common\Command), Object(Core\Component\Socket\Client\TcpClient))
#23 /Users/apple/Code/Swoole_Chat/swoole_framework/Core/Component/Socket/Dispatcher.php(70): call_user_func_array(Object(Closure), Array)
#24 /Users/apple/Code/Swoole_Chat/swoole_framework/Core/Component/Socket/Dispatcher.php(59): Core\Component\Socket\Dispatcher->run(Object(Core\Component\Socket\Client\TcpClient), '{"action":"publ...')
#25 /Users/apple/Code/Swoole_Chat/swoole_framework/Conf/Event.php(48): Core\Component\Socket\Dispatcher->dispatchWEBSOCK(Object(Swoole\WebSocket\Frame))
#26 {main}

Next Illuminate\Database\QueryException: SQLSTATE[23000]: Integrity constraint violation: 1048 Column 'user_id' cannot be null (SQL: insert into `chat_content` (`user_id`, `action`, `chat_content`, `updated_at`, `created_at`) values (, public, {"action":"public","content":{"name":"LaravelChen","email":"848407695@qq.com","avatar":"https:\/\/photo.laravelchen.cn\/avataravatar.jpeg","message":"adsfa","fd":"11517815821"}}, 2018-02-05 15:30:21, 2018-02-05 15:30:21)) in /Users/apple/Code/Swoole_Chat/swoole_framework/vendor/illuminate/database/Connection.php:664
Stack trace:
#0 /Users/apple/Code/Swoole_Chat/swoole_framework/vendor/illuminate/database/Connection.php(624): Illuminate\Database\Connection->runQueryCallback('insert into `ch...', Array, Object(Closure))
#1 /Users/apple/Code/Swoole_Chat/swoole_framework/vendor/illuminate/database/Connection.php(459): Illuminate\Database\Connection->run('insert into `ch...', Array, Object(Closure))
#2 /Users/apple/Code/Swoole_Chat/swoole_framework/vendor/illuminate/database/Connection.php(411): Illuminate\Database\Connection->statement('insert into `ch...', Array)
#3 /Users/apple/Code/Swoole_Chat/swoole_framework/vendor/illuminate/database/Query/Processors/Processor.php(32): Illuminate\Database\Connection->insert('insert into `ch...', Array)
#4 /Users/apple/Code/Swoole_Chat/swoole_framework/vendor/illuminate/database/Query/Builder.php(2135): Illuminate\Database\Query\Processors\Processor->processInsertGetId(Object(Illuminate\Database\Query\Builder), 'insert into `ch...', Array, 'id')
#5 /Users/apple/Code/Swoole_Chat/swoole_framework/vendor/illuminate/database/Eloquent/Builder.php(1270): Illuminate\Database\Query\Builder->insertGetId(Array, 'id')
#6 /Users/apple/Code/Swoole_Chat/swoole_framework/vendor/illuminate/database/Eloquent/Model.php(708): Illuminate\Database\Eloquent\Builder->__call('insertGetId', Array)
#7 /Users/apple/Code/Swoole_Chat/swoole_framework/vendor/illuminate/database/Eloquent/Model.php(673): Illuminate\Database\Eloquent\Model->insertAndSetId(Object(Illuminate\Database\Eloquent\Builder), Array)
#8 /Users/apple/Code/Swoole_Chat/swoole_framework/vendor/illuminate/database/Eloquent/Model.php(536): Illuminate\Database\Eloquent\Model->performInsert(Object(Illuminate\Database\Eloquent\Builder))
#9 /Users/apple/Code/Swoole_Chat/swoole_framework/vendor/illuminate/database/Eloquent/Builder.php(753): Illuminate\Database\Eloquent\Model->save()
#10 /Users/apple/Code/Swoole_Chat/swoole_framework/vendor/illuminate/support/helpers.php(1035): Illuminate\Database\Eloquent\Builder->Illuminate\Database\Eloquent\{closure}(Object(App\Base\UserCenter\UserChat))
#11 /Users/apple/Code/Swoole_Chat/swoole_framework/vendor/illuminate/database/Eloquent/Builder.php(754): tap(Object(App\Base\UserCenter\UserChat), Object(Closure))
#12 /Users/apple/Code/Swoole_Chat/swoole_framework/vendor/illuminate/database/Eloquent/Model.php(1417): Illuminate\Database\Eloquent\Builder->create(Array)
#13 /Users/apple/Code/Swoole_Chat/swoole_framework/vendor/illuminate/database/Eloquent/Model.php(1434): Illuminate\Database\Eloquent\Model->__call('create', Array)
#14 /Users/apple/Code/Swoole_Chat/swoole_framework/App/Logic/UserCenter/UserChatLogic.php(20): Illuminate\Database\Eloquent\Model::__callStatic('create', Array)
#15 [internal function]: App\Logic\UserCenter\UserChatLogic->insert(Array)
#16 /Users/apple/Code/Swoole_Chat/swoole_framework/App/Vendor/Invoker/Invoker.php(15): ReflectionMethod->invokeArgs(Object(App\Logic\UserCenter\UserChatLogic), Array)
#17 /Users/apple/Code/Swoole_Chat/swoole_framework/App/Repository/UserCenter/Instances/UserChatRepository.php(14): App\Vendor\Invoker\Invoker::execute(Array, Array)
#18 /Users/apple/Code/Swoole_Chat/swoole_framework/App/Bll/WebSocket/Register.php(38): App\Repository\UserCenter\Instances\UserChatRepository->insert(Array)
#19 /Users/apple/Code/Swoole_Chat/swoole_framework/App/Bll/WebSocket/Register.php(20): App\Bll\WebSocket\Register->sendPublicMessage(Object(Core\Component\Socket\Common\Command), Object(Core\Component\Socket\Client\TcpClient))
#20 [internal function]: App\Bll\WebSocket\Register->App\Bll\WebSocket\{closure}(Object(Core\Component\Socket\Common\Command), Object(Core\Component\Socket\Client\TcpClient))
#21 /Users/apple/Code/Swoole_Chat/swoole_framework/Core/Component/Socket/Dispatcher.php(70): call_user_func_array(Object(Closure), Array)
#22 /Users/apple/Code/Swoole_Chat/swoole_framework/Core/Component/Socket/Dispatcher.php(59): Core\Component\Socket\Dispatcher->run(Object(Core\Component\Socket\Client\TcpClient), '{"action":"publ...')
#23 /Users/apple/Code/Swoole_Chat/swoole_framework/Conf/Event.php(48): Core\Component\Socket\Dispatcher->dispatchWEBSOCK(Object(Swoole\WebSocket\Frame))
#24 {main}
time : 18-02-05 15:32:24 message: PDOException: SQLSTATE[23000]: Integrity constraint violation: 1048 Column 'user_id' cannot be null in /Users/apple/Code/Swoole_Chat/swoole_framework/vendor/illuminate/database/Connection.php:458
Stack trace:
#0 /Users/apple/Code/Swoole_Chat/swoole_framework/vendor/illuminate/database/Connection.php(458): PDOStatement->execute()
#1 /Users/apple/Code/Swoole_Chat/swoole_framework/vendor/illuminate/database/Connection.php(657): Illuminate\Database\Connection->Illuminate\Database\{closure}('insert into `ch...', Array)
#2 /Users/apple/Code/Swoole_Chat/swoole_framework/vendor/illuminate/database/Connection.php(624): Illuminate\Database\Connection->runQueryCallback('insert into `ch...', Array, Object(Closure))
#3 /Users/apple/Code/Swoole_Chat/swoole_framework/vendor/illuminate/database/Connection.php(459): Illuminate\Database\Connection->run('insert into `ch...', Array, Object(Closure))
#4 /Users/apple/Code/Swoole_Chat/swoole_framework/vendor/illuminate/database/Connection.php(411): Illuminate\Database\Connection->statement('insert into `ch...', Array)
#5 /Users/apple/Code/Swoole_Chat/swoole_framework/vendor/illuminate/database/Query/Processors/Processor.php(32): Illuminate\Database\Connection->insert('insert into `ch...', Array)
#6 /Users/apple/Code/Swoole_Chat/swoole_framework/vendor/illuminate/database/Query/Builder.php(2135): Illuminate\Database\Query\Processors\Processor->processInsertGetId(Object(Illuminate\Database\Query\Builder), 'insert into `ch...', Array, 'id')
#7 /Users/apple/Code/Swoole_Chat/swoole_framework/vendor/illuminate/database/Eloquent/Builder.php(1270): Illuminate\Database\Query\Builder->insertGetId(Array, 'id')
#8 /Users/apple/Code/Swoole_Chat/swoole_framework/vendor/illuminate/database/Eloquent/Model.php(708): Illuminate\Database\Eloquent\Builder->__call('insertGetId', Array)
#9 /Users/apple/Code/Swoole_Chat/swoole_framework/vendor/illuminate/database/Eloquent/Model.php(673): Illuminate\Database\Eloquent\Model->insertAndSetId(Object(Illuminate\Database\Eloquent\Builder), Array)
#10 /Users/apple/Code/Swoole_Chat/swoole_framework/vendor/illuminate/database/Eloquent/Model.php(536): Illuminate\Database\Eloquent\Model->performInsert(Object(Illuminate\Database\Eloquent\Builder))
#11 /Users/apple/Code/Swoole_Chat/swoole_framework/vendor/illuminate/database/Eloquent/Builder.php(753): Illuminate\Database\Eloquent\Model->save()
#12 /Users/apple/Code/Swoole_Chat/swoole_framework/vendor/illuminate/support/helpers.php(1035): Illuminate\Database\Eloquent\Builder->Illuminate\Database\Eloquent\{closure}(Object(App\Base\UserCenter\UserChat))
#13 /Users/apple/Code/Swoole_Chat/swoole_framework/vendor/illuminate/database/Eloquent/Builder.php(754): tap(Object(App\Base\UserCenter\UserChat), Object(Closure))
#14 /Users/apple/Code/Swoole_Chat/swoole_framework/vendor/illuminate/database/Eloquent/Model.php(1417): Illuminate\Database\Eloquent\Builder->create(Array)
#15 /Users/apple/Code/Swoole_Chat/swoole_framework/vendor/illuminate/database/Eloquent/Model.php(1434): Illuminate\Database\Eloquent\Model->__call('create', Array)
#16 /Users/apple/Code/Swoole_Chat/swoole_framework/App/Logic/UserCenter/UserChatLogic.php(20): Illuminate\Database\Eloquent\Model::__callStatic('create', Array)
#17 [internal function]: App\Logic\UserCenter\UserChatLogic->insert(Array)
#18 /Users/apple/Code/Swoole_Chat/swoole_framework/App/Vendor/Invoker/Invoker.php(15): ReflectionMethod->invokeArgs(Object(App\Logic\UserCenter\UserChatLogic), Array)
#19 /Users/apple/Code/Swoole_Chat/swoole_framework/App/Repository/UserCenter/Instances/UserChatRepository.php(14): App\Vendor\Invoker\Invoker::execute(Array, Array)
#20 /Users/apple/Code/Swoole_Chat/swoole_framework/App/Bll/WebSocket/Register.php(39): App\Repository\UserCenter\Instances\UserChatRepository->insert(Array)
#21 /Users/apple/Code/Swoole_Chat/swoole_framework/App/Bll/WebSocket/Register.php(20): App\Bll\WebSocket\Register->sendPublicMessage(Object(Core\Component\Socket\Common\Command), Object(Core\Component\Socket\Client\TcpClient))
#22 [internal function]: App\Bll\WebSocket\Register->App\Bll\WebSocket\{closure}(Object(Core\Component\Socket\Common\Command), Object(Core\Component\Socket\Client\TcpClient))
#23 /Users/apple/Code/Swoole_Chat/swoole_framework/Core/Component/Socket/Dispatcher.php(70): call_user_func_array(Object(Closure), Array)
#24 /Users/apple/Code/Swoole_Chat/swoole_framework/Core/Component/Socket/Dispatcher.php(59): Core\Component\Socket\Dispatcher->run(Object(Core\Component\Socket\Client\TcpClient), '{"action":"publ...')
#25 /Users/apple/Code/Swoole_Chat/swoole_framework/Conf/Event.php(48): Core\Component\Socket\Dispatcher->dispatchWEBSOCK(Object(Swoole\WebSocket\Frame))
#26 {main}

Next Illuminate\Database\QueryException: SQLSTATE[23000]: Integrity constraint violation: 1048 Column 'user_id' cannot be null (SQL: insert into `chat_content` (`user_id`, `action`, `chat_content`, `updated_at`, `created_at`) values (, public, {"action":"public","content":{"name":"LaravelChen","email":"848407695@qq.com","avatar":"https:\/\/photo.laravelchen.cn\/avataravatar.jpeg","message":"asdas","fd":"11517815944"}}, 2018-02-05 15:32:24, 2018-02-05 15:32:24)) in /Users/apple/Code/Swoole_Chat/swoole_framework/vendor/illuminate/database/Connection.php:664
Stack trace:
#0 /Users/apple/Code/Swoole_Chat/swoole_framework/vendor/illuminate/database/Connection.php(624): Illuminate\Database\Connection->runQueryCallback('insert into `ch...', Array, Object(Closure))
#1 /Users/apple/Code/Swoole_Chat/swoole_framework/vendor/illuminate/database/Connection.php(459): Illuminate\Database\Connection->run('insert into `ch...', Array, Object(Closure))
#2 /Users/apple/Code/Swoole_Chat/swoole_framework/vendor/illuminate/database/Connection.php(411): Illuminate\Database\Connection->statement('insert into `ch...', Array)
#3 /Users/apple/Code/Swoole_Chat/swoole_framework/vendor/illuminate/database/Query/Processors/Processor.php(32): Illuminate\Database\Connection->insert('insert into `ch...', Array)
#4 /Users/apple/Code/Swoole_Chat/swoole_framework/vendor/illuminate/database/Query/Builder.php(2135): Illuminate\Database\Query\Processors\Processor->processInsertGetId(Object(Illuminate\Database\Query\Builder), 'insert into `ch...', Array, 'id')
#5 /Users/apple/Code/Swoole_Chat/swoole_framework/vendor/illuminate/database/Eloquent/Builder.php(1270): Illuminate\Database\Query\Builder->insertGetId(Array, 'id')
#6 /Users/apple/Code/Swoole_Chat/swoole_framework/vendor/illuminate/database/Eloquent/Model.php(708): Illuminate\Database\Eloquent\Builder->__call('insertGetId', Array)
#7 /Users/apple/Code/Swoole_Chat/swoole_framework/vendor/illuminate/database/Eloquent/Model.php(673): Illuminate\Database\Eloquent\Model->insertAndSetId(Object(Illuminate\Database\Eloquent\Builder), Array)
#8 /Users/apple/Code/Swoole_Chat/swoole_framework/vendor/illuminate/database/Eloquent/Model.php(536): Illuminate\Database\Eloquent\Model->performInsert(Object(Illuminate\Database\Eloquent\Builder))
#9 /Users/apple/Code/Swoole_Chat/swoole_framework/vendor/illuminate/database/Eloquent/Builder.php(753): Illuminate\Database\Eloquent\Model->save()
#10 /Users/apple/Code/Swoole_Chat/swoole_framework/vendor/illuminate/support/helpers.php(1035): Illuminate\Database\Eloquent\Builder->Illuminate\Database\Eloquent\{closure}(Object(App\Base\UserCenter\UserChat))
#11 /Users/apple/Code/Swoole_Chat/swoole_framework/vendor/illuminate/database/Eloquent/Builder.php(754): tap(Object(App\Base\UserCenter\UserChat), Object(Closure))
#12 /Users/apple/Code/Swoole_Chat/swoole_framework/vendor/illuminate/database/Eloquent/Model.php(1417): Illuminate\Database\Eloquent\Builder->create(Array)
#13 /Users/apple/Code/Swoole_Chat/swoole_framework/vendor/illuminate/database/Eloquent/Model.php(1434): Illuminate\Database\Eloquent\Model->__call('create', Array)
#14 /Users/apple/Code/Swoole_Chat/swoole_framework/App/Logic/UserCenter/UserChatLogic.php(20): Illuminate\Database\Eloquent\Model::__callStatic('create', Array)
#15 [internal function]: App\Logic\UserCenter\UserChatLogic->insert(Array)
#16 /Users/apple/Code/Swoole_Chat/swoole_framework/App/Vendor/Invoker/Invoker.php(15): ReflectionMethod->invokeArgs(Object(App\Logic\UserCenter\UserChatLogic), Array)
#17 /Users/apple/Code/Swoole_Chat/swoole_framework/App/Repository/UserCenter/Instances/UserChatRepository.php(14): App\Vendor\Invoker\Invoker::execute(Array, Array)
#18 /Users/apple/Code/Swoole_Chat/swoole_framework/App/Bll/WebSocket/Register.php(39): App\Repository\UserCenter\Instances\UserChatRepository->insert(Array)
#19 /Users/apple/Code/Swoole_Chat/swoole_framework/App/Bll/WebSocket/Register.php(20): App\Bll\WebSocket\Register->sendPublicMessage(Object(Core\Component\Socket\Common\Command), Object(Core\Component\Socket\Client\TcpClient))
#20 [internal function]: App\Bll\WebSocket\Register->App\Bll\WebSocket\{closure}(Object(Core\Component\Socket\Common\Command), Object(Core\Component\Socket\Client\TcpClient))
#21 /Users/apple/Code/Swoole_Chat/swoole_framework/Core/Component/Socket/Dispatcher.php(70): call_user_func_array(Object(Closure), Array)
#22 /Users/apple/Code/Swoole_Chat/swoole_framework/Core/Component/Socket/Dispatcher.php(59): Core\Component\Socket\Dispatcher->run(Object(Core\Component\Socket\Client\TcpClient), '{"action":"publ...')
#23 /Users/apple/Code/Swoole_Chat/swoole_framework/Conf/Event.php(48): Core\Component\Socket\Dispatcher->dispatchWEBSOCK(Object(Swoole\WebSocket\Frame))
#24 {main}
time : 18-02-05 15:34:57 message: Error: Call to a member function success() on null in /Users/apple/Code/Swoole_Chat/swoole_framework/App/Logic/UserCenter/UserChatLogic.php:26
Stack trace:
#0 [internal function]: App\Logic\UserCenter\UserChatLogic->insert(Array)
#1 /Users/apple/Code/Swoole_Chat/swoole_framework/App/Vendor/Invoker/Invoker.php(15): ReflectionMethod->invokeArgs(Object(App\Logic\UserCenter\UserChatLogic), Array)
#2 /Users/apple/Code/Swoole_Chat/swoole_framework/App/Repository/UserCenter/Instances/UserChatRepository.php(14): App\Vendor\Invoker\Invoker::execute(Array, Array)
#3 /Users/apple/Code/Swoole_Chat/swoole_framework/App/Bll/WebSocket/Register.php(39): App\Repository\UserCenter\Instances\UserChatRepository->insert(Array)
#4 /Users/apple/Code/Swoole_Chat/swoole_framework/App/Bll/WebSocket/Register.php(20): App\Bll\WebSocket\Register->sendPublicMessage(Object(Core\Component\Socket\Common\Command), Object(Core\Component\Socket\Client\TcpClient))
#5 [internal function]: App\Bll\WebSocket\Register->App\Bll\WebSocket\{closure}(Object(Core\Component\Socket\Common\Command), Object(Core\Component\Socket\Client\TcpClient))
#6 /Users/apple/Code/Swoole_Chat/swoole_framework/Core/Component/Socket/Dispatcher.php(70): call_user_func_array(Object(Closure), Array)
#7 /Users/apple/Code/Swoole_Chat/swoole_framework/Core/Component/Socket/Dispatcher.php(59): Core\Component\Socket\Dispatcher->run(Object(Core\Component\Socket\Client\TcpClient), '{"action":"publ...')
#8 /Users/apple/Code/Swoole_Chat/swoole_framework/Conf/Event.php(48): Core\Component\Socket\Dispatcher->dispatchWEBSOCK(Object(Swoole\WebSocket\Frame))
#9 {main}
time : 18-02-05 15:35:28 message: Error: Call to a member function success() on null in /Users/apple/Code/Swoole_Chat/swoole_framework/App/Logic/UserCenter/UserChatLogic.php:26
Stack trace:
#0 [internal function]: App\Logic\UserCenter\UserChatLogic->insert(Array)
#1 /Users/apple/Code/Swoole_Chat/swoole_framework/App/Vendor/Invoker/Invoker.php(15): ReflectionMethod->invokeArgs(Object(App\Logic\UserCenter\UserChatLogic), Array)
#2 /Users/apple/Code/Swoole_Chat/swoole_framework/App/Repository/UserCenter/Instances/UserChatRepository.php(14): App\Vendor\Invoker\Invoker::execute(Array, Array)
#3 /Users/apple/Code/Swoole_Chat/swoole_framework/App/Bll/WebSocket/Register.php(39): App\Repository\UserCenter\Instances\UserChatRepository->insert(Array)
#4 /Users/apple/Code/Swoole_Chat/swoole_framework/App/Bll/WebSocket/Register.php(20): App\Bll\WebSocket\Register->sendPublicMessage(Object(Core\Component\Socket\Common\Command), Object(Core\Component\Socket\Client\TcpClient))
#5 [internal function]: App\Bll\WebSocket\Register->App\Bll\WebSocket\{closure}(Object(Core\Component\Socket\Common\Command), Object(Core\Component\Socket\Client\TcpClient))
#6 /Users/apple/Code/Swoole_Chat/swoole_framework/Core/Component/Socket/Dispatcher.php(70): call_user_func_array(Object(Closure), Array)
#7 /Users/apple/Code/Swoole_Chat/swoole_framework/Core/Component/Socket/Dispatcher.php(59): Core\Component\Socket\Dispatcher->run(Object(Core\Component\Socket\Client\TcpClient), '{"action":"publ...')
#8 /Users/apple/Code/Swoole_Chat/swoole_framework/Conf/Event.php(48): Core\Component\Socket\Dispatcher->dispatchWEBSOCK(Object(Swoole\WebSocket\Frame))
#9 {main}
time : 18-02-07 10:26:47 message: {"type":["validation.required"],"password":["validation.required"]}
time : 18-02-07 10:27:14 message: {"type":["validation.required"]}
time : 18-02-07 10:27:16 message: {"type":["validation.required"]}
time : 18-02-07 10:27:25 message: {"type":["validation.in"]}
