time : 18-02-01 10:05:01 message: View [errors.404] not found. #0 /Users/apple/Code/Swoole_Chat/swoole_framework/vendor/illuminate/view/FileViewFinder.php(79): Illuminate\View\FileViewFinder->findInPaths('errors.404', Array)
#1 /Users/apple/Code/Swoole_Chat/swoole_framework/vendor/illuminate/view/Factory.php(128): Illuminate\View\FileViewFinder->find('errors.404')
#2 /Users/apple/Code/Swoole_Chat/swoole_framework/vendor/jenssegers/blade/src/Blade.php(79): Illuminate\View\Factory->make('errors.404', Array, Array)
#3 /Users/apple/Code/Swoole_Chat/swoole_framework/App/Bll/IndexController.php(16): Jenssegers\Blade\Blade->render('errors.404', Array)
#4 /Users/apple/Code/Swoole_Chat/swoole_framework/App/Com/Traits/AbstractControllerTraits.php(19): App\Bll\IndexController->View('errors.404')
#5 /Users/apple/Code/Swoole_Chat/swoole_framework/Core/AbstractInterface/AbstractREST.php(44): App\Bll\UserCenter\UserCenterController->actionNotFound('OPTIONSLogout', NULL)
#6 /Users/apple/Code/Swoole_Chat/swoole_framework/Core/Http/Dispatcher.php(137): Core\AbstractInterface\AbstractREST->__call('OPTIONSLogout', NULL)
#7 /Users/apple/Code/Swoole_Chat/swoole_framework/Core/Swoole/Server.php(96): Core\Http\Dispatcher->dispatch()
#8 {main}
time : 18-02-01 10:05:18 message: View [errors.404] not found. #0 /Users/apple/Code/Swoole_Chat/swoole_framework/vendor/illuminate/view/FileViewFinder.php(79): Illuminate\View\FileViewFinder->findInPaths('errors.404', Array)
#1 /Users/apple/Code/Swoole_Chat/swoole_framework/vendor/illuminate/view/Factory.php(128): Illuminate\View\FileViewFinder->find('errors.404')
#2 /Users/apple/Code/Swoole_Chat/swoole_framework/vendor/jenssegers/blade/src/Blade.php(79): Illuminate\View\Factory->make('errors.404', Array, Array)
#3 /Users/apple/Code/Swoole_Chat/swoole_framework/App/Bll/IndexController.php(16): Jenssegers\Blade\Blade->render('errors.404', Array)
#4 /Users/apple/Code/Swoole_Chat/swoole_framework/App/Com/Traits/AbstractControllerTraits.php(19): App\Bll\IndexController->View('errors.404')
#5 /Users/apple/Code/Swoole_Chat/swoole_framework/Core/AbstractInterface/AbstractREST.php(44): App\Bll\UserCenter\UserCenterController->actionNotFound('OPTIONSLogin', NULL)
#6 /Users/apple/Code/Swoole_Chat/swoole_framework/Core/Http/Dispatcher.php(137): Core\AbstractInterface\AbstractREST->__call('OPTIONSLogin', NULL)
#7 /Users/apple/Code/Swoole_Chat/swoole_framework/Core/Swoole/Server.php(96): Core\Http\Dispatcher->dispatch()
#8 {main}
time : 18-02-01 10:05:20 message: View [errors.404] not found. #0 /Users/apple/Code/Swoole_Chat/swoole_framework/vendor/illuminate/view/FileViewFinder.php(79): Illuminate\View\FileViewFinder->findInPaths('errors.404', Array)
#1 /Users/apple/Code/Swoole_Chat/swoole_framework/vendor/illuminate/view/Factory.php(128): Illuminate\View\FileViewFinder->find('errors.404')
#2 /Users/apple/Code/Swoole_Chat/swoole_framework/vendor/jenssegers/blade/src/Blade.php(79): Illuminate\View\Factory->make('errors.404', Array, Array)
#3 /Users/apple/Code/Swoole_Chat/swoole_framework/App/Bll/IndexController.php(16): Jenssegers\Blade\Blade->render('errors.404', Array)
#4 /Users/apple/Code/Swoole_Chat/swoole_framework/App/Com/Traits/AbstractControllerTraits.php(19): App\Bll\IndexController->View('errors.404')
#5 /Users/apple/Code/Swoole_Chat/swoole_framework/Core/AbstractInterface/AbstractREST.php(44): App\Bll\UserCenter\UserCenterController->actionNotFound('OPTIONSLogout', NULL)
#6 /Users/apple/Code/Swoole_Chat/swoole_framework/Core/Http/Dispatcher.php(137): Core\AbstractInterface\AbstractREST->__call('OPTIONSLogout', NULL)
#7 /Users/apple/Code/Swoole_Chat/swoole_framework/Core/Swoole/Server.php(96): Core\Http\Dispatcher->dispatch()
#8 {main}
time : 18-02-01 11:32:48 message: View [errors.404] not found. #0 /Users/apple/Code/Swoole_Chat/swoole_framework/vendor/illuminate/view/FileViewFinder.php(79): Illuminate\View\FileViewFinder->findInPaths('errors.404', Array)
#1 /Users/apple/Code/Swoole_Chat/swoole_framework/vendor/illuminate/view/Factory.php(128): Illuminate\View\FileViewFinder->find('errors.404')
#2 /Users/apple/Code/Swoole_Chat/swoole_framework/vendor/jenssegers/blade/src/Blade.php(79): Illuminate\View\Factory->make('errors.404', Array, Array)
#3 /Users/apple/Code/Swoole_Chat/swoole_framework/App/Bll/IndexController.php(16): Jenssegers\Blade\Blade->render('errors.404', Array)
#4 /Users/apple/Code/Swoole_Chat/swoole_framework/App/Com/Traits/AbstractControllerTraits.php(19): App\Bll\IndexController->View('errors.404')
#5 /Users/apple/Code/Swoole_Chat/swoole_framework/Core/AbstractInterface/AbstractREST.php(44): App\Bll\UserCenter\UserCenterController->actionNotFound('OPTIONSSendCode', NULL)
#6 /Users/apple/Code/Swoole_Chat/swoole_framework/Core/Http/Dispatcher.php(137): Core\AbstractInterface\AbstractREST->__call('OPTIONSSendCode', NULL)
#7 /Users/apple/Code/Swoole_Chat/swoole_framework/Core/Swoole/Server.php(96): Core\Http\Dispatcher->dispatch()
#8 {main}
time : 18-02-01 11:32:56 message: View [errors.404] not found. #0 /Users/apple/Code/Swoole_Chat/swoole_framework/vendor/illuminate/view/FileViewFinder.php(79): Illuminate\View\FileViewFinder->findInPaths('errors.404', Array)
#1 /Users/apple/Code/Swoole_Chat/swoole_framework/vendor/illuminate/view/Factory.php(128): Illuminate\View\FileViewFinder->find('errors.404')
#2 /Users/apple/Code/Swoole_Chat/swoole_framework/vendor/jenssegers/blade/src/Blade.php(79): Illuminate\View\Factory->make('errors.404', Array, Array)
#3 /Users/apple/Code/Swoole_Chat/swoole_framework/App/Bll/IndexController.php(16): Jenssegers\Blade\Blade->render('errors.404', Array)
#4 /Users/apple/Code/Swoole_Chat/swoole_framework/App/Com/Traits/AbstractControllerTraits.php(19): App\Bll\IndexController->View('errors.404')
#5 /Users/apple/Code/Swoole_Chat/swoole_framework/Core/AbstractInterface/AbstractREST.php(44): App\Bll\UserCenter\UserCenterController->actionNotFound('OPTIONSRegister', NULL)
#6 /Users/apple/Code/Swoole_Chat/swoole_framework/Core/Http/Dispatcher.php(137): Core\AbstractInterface\AbstractREST->__call('OPTIONSRegister', NULL)
#7 /Users/apple/Code/Swoole_Chat/swoole_framework/Core/Swoole/Server.php(96): Core\Http\Dispatcher->dispatch()
#8 {main}
time : 18-02-01 11:32:56 message: Non-static method Illuminate\Database\Connection::beginTransaction() should not be called statically in file /Users/apple/Code/Swoole_Chat/swoole_framework/App/Vendor/DB/DB.php line 358
time : 18-02-01 11:32:56 message: Non-static method Illuminate\Database\Connection::rollBack() should not be called statically in file /Users/apple/Code/Swoole_Chat/swoole_framework/App/Vendor/DB/DB.php line 380
time : 18-02-01 11:32:56 message: Uncaught Error: Using $this when not in object context in /Users/apple/Code/Swoole_Chat/swoole_framework/vendor/illuminate/database/Concerns/ManagesTransactions.php:176
Stack trace:
#0 /Users/apple/Code/Swoole_Chat/swoole_framework/App/Vendor/DB/DB.php(380): Illuminate\Database\Connection::rollBack()
#1 /Users/apple/Code/Swoole_Chat/swoole_framework/App/Logic/UserCenter/UserLogic.php(30): App\Vendor\DB\DB::rollBack()
#2 [internal function]: App\Logic\UserCenter\UserLogic->insert(Array)
#3 /Users/apple/Code/Swoole_Chat/swoole_framework/App/Vendor/Invoker/Invoker.php(15): ReflectionMethod->invokeArgs(Object(App\Logic\UserCenter\UserLogic), Array)
#4 /Users/apple/Code/Swoole_Chat/swoole_framework/App/Repository/UserCenter/Instances/UserRepository.php(19): App\Vendor\Invoker\Invoker::execute(Array, Array)
#5 /Users/apple/Code/Swoole_Chat/swoole_framework/App/Bll/UserCenter/UserCenterController.php(109): App\Repository\UserCenter\Instances\UserRepository->insert(Array)
#6 /Users/apple/Code/Swoole_Chat/swoole_frame in file /Users/apple/Code/Swoole_Chat/swoole_framework/vendor/illuminate/database/Concerns/ManagesTransactions.php line 176
time : 18-02-01 11:50:24 message: View [errors.404] not found. #0 /Users/apple/Code/Swoole_Chat/swoole_framework/vendor/illuminate/view/FileViewFinder.php(79): Illuminate\View\FileViewFinder->findInPaths('errors.404', Array)
#1 /Users/apple/Code/Swoole_Chat/swoole_framework/vendor/illuminate/view/Factory.php(128): Illuminate\View\FileViewFinder->find('errors.404')
#2 /Users/apple/Code/Swoole_Chat/swoole_framework/vendor/jenssegers/blade/src/Blade.php(79): Illuminate\View\Factory->make('errors.404', Array, Array)
#3 /Users/apple/Code/Swoole_Chat/swoole_framework/App/Bll/IndexController.php(16): Jenssegers\Blade\Blade->render('errors.404', Array)
#4 /Users/apple/Code/Swoole_Chat/swoole_framework/App/Com/Traits/AbstractControllerTraits.php(19): App\Bll\IndexController->View('errors.404')
#5 /Users/apple/Code/Swoole_Chat/swoole_framework/Core/AbstractInterface/AbstractREST.php(44): App\Bll\UserCenter\UserCenterController->actionNotFound('OPTIONSSendCode', NULL)
#6 /Users/apple/Code/Swoole_Chat/swoole_framework/Core/Http/Dispatcher.php(137): Core\AbstractInterface\AbstractREST->__call('OPTIONSSendCode', NULL)
#7 /Users/apple/Code/Swoole_Chat/swoole_framework/Core/Swoole/Server.php(96): Core\Http\Dispatcher->dispatch()
#8 {main}
time : 18-02-01 11:50:28 message: View [errors.404] not found. #0 /Users/apple/Code/Swoole_Chat/swoole_framework/vendor/illuminate/view/FileViewFinder.php(79): Illuminate\View\FileViewFinder->findInPaths('errors.404', Array)
#1 /Users/apple/Code/Swoole_Chat/swoole_framework/vendor/illuminate/view/Factory.php(128): Illuminate\View\FileViewFinder->find('errors.404')
#2 /Users/apple/Code/Swoole_Chat/swoole_framework/vendor/jenssegers/blade/src/Blade.php(79): Illuminate\View\Factory->make('errors.404', Array, Array)
#3 /Users/apple/Code/Swoole_Chat/swoole_framework/App/Bll/IndexController.php(16): Jenssegers\Blade\Blade->render('errors.404', Array)
#4 /Users/apple/Code/Swoole_Chat/swoole_framework/App/Com/Traits/AbstractControllerTraits.php(19): App\Bll\IndexController->View('errors.404')
#5 /Users/apple/Code/Swoole_Chat/swoole_framework/Core/AbstractInterface/AbstractREST.php(44): App\Bll\UserCenter\UserCenterController->actionNotFound('OPTIONSRegister', NULL)
#6 /Users/apple/Code/Swoole_Chat/swoole_framework/Core/Http/Dispatcher.php(137): Core\AbstractInterface\AbstractREST->__call('OPTIONSRegister', NULL)
#7 /Users/apple/Code/Swoole_Chat/swoole_framework/Core/Swoole/Server.php(96): Core\Http\Dispatcher->dispatch()
#8 {main}
time : 18-02-01 11:50:28 message: Uncaught ArgumentCountError: Too few arguments to function Illuminate\Database\Connection::__construct(), 0 passed in /Users/apple/Code/Swoole_Chat/swoole_framework/App/Vendor/DB/DB.php on line 432 and at least 1 expected in /Users/apple/Code/Swoole_Chat/swoole_framework/vendor/illuminate/database/Connection.php:162
Stack trace:
#0 /Users/apple/Code/Swoole_Chat/swoole_framework/App/Vendor/DB/DB.php(432): Illuminate\Database\Connection->__construct()
#1 /Users/apple/Code/Swoole_Chat/swoole_framework/App/Logic/UserCenter/UserLogic.php(29): App\Vendor\DB\DB::rollBack()
#2 [internal function]: App\Logic\UserCenter\UserLogic->insert(Array)
#3 /Users/apple/Code/Swoole_Chat/swoole_framework/App/Vendor/Invoker/Invoker.php(15): ReflectionMethod->invokeArgs(Object(App\Logic\UserCenter\UserLogic), Array)
#4 /Users/apple/Code/Swoole_Chat/swoole_framework/App/Repository/UserCenter/Instances/UserRepository.php(19): App\Vendor\Invoker\Invoker::execute(Array, Array)
#5 /Users/apple/Code/Swoole_Chat/swoole_framework/App/Bll/U in file /Users/apple/Code/Swoole_Chat/swoole_framework/vendor/illuminate/database/Connection.php line 162
time : 18-02-01 11:54:51 message: View [errors.404] not found. #0 /Users/apple/Code/Swoole_Chat/swoole_framework/vendor/illuminate/view/FileViewFinder.php(79): Illuminate\View\FileViewFinder->findInPaths('errors.404', Array)
#1 /Users/apple/Code/Swoole_Chat/swoole_framework/vendor/illuminate/view/Factory.php(128): Illuminate\View\FileViewFinder->find('errors.404')
#2 /Users/apple/Code/Swoole_Chat/swoole_framework/vendor/jenssegers/blade/src/Blade.php(79): Illuminate\View\Factory->make('errors.404', Array, Array)
#3 /Users/apple/Code/Swoole_Chat/swoole_framework/App/Bll/IndexController.php(16): Jenssegers\Blade\Blade->render('errors.404', Array)
#4 /Users/apple/Code/Swoole_Chat/swoole_framework/App/Com/Traits/AbstractControllerTraits.php(19): App\Bll\IndexController->View('errors.404')
#5 /Users/apple/Code/Swoole_Chat/swoole_framework/Core/AbstractInterface/AbstractREST.php(44): App\Bll\UserCenter\UserCenterController->actionNotFound('OPTIONSRegister', NULL)
#6 /Users/apple/Code/Swoole_Chat/swoole_framework/Core/Http/Dispatcher.php(137): Core\AbstractInterface\AbstractREST->__call('OPTIONSRegister', NULL)
#7 /Users/apple/Code/Swoole_Chat/swoole_framework/Core/Swoole/Server.php(96): Core\Http\Dispatcher->dispatch()
#8 {main}
time : 18-02-01 13:42:27 message: View [errors.404] not found. #0 /Users/apple/Code/Swoole_Chat/swoole_framework/vendor/illuminate/view/FileViewFinder.php(79): Illuminate\View\FileViewFinder->findInPaths('errors.404', Array)
#1 /Users/apple/Code/Swoole_Chat/swoole_framework/vendor/illuminate/view/Factory.php(128): Illuminate\View\FileViewFinder->find('errors.404')
#2 /Users/apple/Code/Swoole_Chat/swoole_framework/vendor/jenssegers/blade/src/Blade.php(79): Illuminate\View\Factory->make('errors.404', Array, Array)
#3 /Users/apple/Code/Swoole_Chat/swoole_framework/App/Bll/IndexController.php(16): Jenssegers\Blade\Blade->render('errors.404', Array)
#4 /Users/apple/Code/Swoole_Chat/swoole_framework/App/Com/Traits/AbstractControllerTraits.php(19): App\Bll\IndexController->View('errors.404')
#5 /Users/apple/Code/Swoole_Chat/swoole_framework/Core/AbstractInterface/AbstractREST.php(44): App\Bll\UserCenter\UserCenterController->actionNotFound('OPTIONSSendCode', NULL)
#6 /Users/apple/Code/Swoole_Chat/swoole_framework/Core/Http/Dispatcher.php(137): Core\AbstractInterface\AbstractREST->__call('OPTIONSSendCode', NULL)
#7 /Users/apple/Code/Swoole_Chat/swoole_framework/Core/Swoole/Server.php(96): Core\Http\Dispatcher->dispatch()
#8 {main}
time : 18-02-01 13:42:32 message: View [errors.404] not found. #0 /Users/apple/Code/Swoole_Chat/swoole_framework/vendor/illuminate/view/FileViewFinder.php(79): Illuminate\View\FileViewFinder->findInPaths('errors.404', Array)
#1 /Users/apple/Code/Swoole_Chat/swoole_framework/vendor/illuminate/view/Factory.php(128): Illuminate\View\FileViewFinder->find('errors.404')
#2 /Users/apple/Code/Swoole_Chat/swoole_framework/vendor/jenssegers/blade/src/Blade.php(79): Illuminate\View\Factory->make('errors.404', Array, Array)
#3 /Users/apple/Code/Swoole_Chat/swoole_framework/App/Bll/IndexController.php(16): Jenssegers\Blade\Blade->render('errors.404', Array)
#4 /Users/apple/Code/Swoole_Chat/swoole_framework/App/Com/Traits/AbstractControllerTraits.php(19): App\Bll\IndexController->View('errors.404')
#5 /Users/apple/Code/Swoole_Chat/swoole_framework/Core/AbstractInterface/AbstractREST.php(44): App\Bll\UserCenter\UserCenterController->actionNotFound('OPTIONSRegister', NULL)
#6 /Users/apple/Code/Swoole_Chat/swoole_framework/Core/Http/Dispatcher.php(137): Core\AbstractInterface\AbstractREST->__call('OPTIONSRegister', NULL)
#7 /Users/apple/Code/Swoole_Chat/swoole_framework/Core/Swoole/Server.php(96): Core\Http\Dispatcher->dispatch()
#8 {main}
time : 18-02-01 13:43:31 message: View [errors.404] not found. #0 /Users/apple/Code/Swoole_Chat/swoole_framework/vendor/illuminate/view/FileViewFinder.php(79): Illuminate\View\FileViewFinder->findInPaths('errors.404', Array)
#1 /Users/apple/Code/Swoole_Chat/swoole_framework/vendor/illuminate/view/Factory.php(128): Illuminate\View\FileViewFinder->find('errors.404')
#2 /Users/apple/Code/Swoole_Chat/swoole_framework/vendor/jenssegers/blade/src/Blade.php(79): Illuminate\View\Factory->make('errors.404', Array, Array)
#3 /Users/apple/Code/Swoole_Chat/swoole_framework/App/Bll/IndexController.php(16): Jenssegers\Blade\Blade->render('errors.404', Array)
#4 /Users/apple/Code/Swoole_Chat/swoole_framework/App/Com/Traits/AbstractControllerTraits.php(19): App\Bll\IndexController->View('errors.404')
#5 /Users/apple/Code/Swoole_Chat/swoole_framework/Core/AbstractInterface/AbstractREST.php(44): App\Bll\UserCenter\UserCenterController->actionNotFound('OPTIONSRegister', NULL)
#6 /Users/apple/Code/Swoole_Chat/swoole_framework/Core/Http/Dispatcher.php(137): Core\AbstractInterface\AbstractREST->__call('OPTIONSRegister', NULL)
#7 /Users/apple/Code/Swoole_Chat/swoole_framework/Core/Swoole/Server.php(96): Core\Http\Dispatcher->dispatch()
#8 {main}
time : 18-02-01 13:49:59 message: View [errors.404] not found. #0 /Users/apple/Code/Swoole_Chat/swoole_framework/vendor/illuminate/view/FileViewFinder.php(79): Illuminate\View\FileViewFinder->findInPaths('errors.404', Array)
#1 /Users/apple/Code/Swoole_Chat/swoole_framework/vendor/illuminate/view/Factory.php(128): Illuminate\View\FileViewFinder->find('errors.404')
#2 /Users/apple/Code/Swoole_Chat/swoole_framework/vendor/jenssegers/blade/src/Blade.php(79): Illuminate\View\Factory->make('errors.404', Array, Array)
#3 /Users/apple/Code/Swoole_Chat/swoole_framework/App/Bll/IndexController.php(16): Jenssegers\Blade\Blade->render('errors.404', Array)
#4 /Users/apple/Code/Swoole_Chat/swoole_framework/App/Com/Traits/AbstractControllerTraits.php(19): App\Bll\IndexController->View('errors.404')
#5 /Users/apple/Code/Swoole_Chat/swoole_framework/Core/AbstractInterface/AbstractREST.php(44): App\Bll\UserCenter\UserCenterController->actionNotFound('OPTIONSSendCode', NULL)
#6 /Users/apple/Code/Swoole_Chat/swoole_framework/Core/Http/Dispatcher.php(137): Core\AbstractInterface\AbstractREST->__call('OPTIONSSendCode', NULL)
#7 /Users/apple/Code/Swoole_Chat/swoole_framework/Core/Swoole/Server.php(96): Core\Http\Dispatcher->dispatch()
#8 {main}
time : 18-02-01 13:50:03 message: View [errors.404] not found. #0 /Users/apple/Code/Swoole_Chat/swoole_framework/vendor/illuminate/view/FileViewFinder.php(79): Illuminate\View\FileViewFinder->findInPaths('errors.404', Array)
#1 /Users/apple/Code/Swoole_Chat/swoole_framework/vendor/illuminate/view/Factory.php(128): Illuminate\View\FileViewFinder->find('errors.404')
#2 /Users/apple/Code/Swoole_Chat/swoole_framework/vendor/jenssegers/blade/src/Blade.php(79): Illuminate\View\Factory->make('errors.404', Array, Array)
#3 /Users/apple/Code/Swoole_Chat/swoole_framework/App/Bll/IndexController.php(16): Jenssegers\Blade\Blade->render('errors.404', Array)
#4 /Users/apple/Code/Swoole_Chat/swoole_framework/App/Com/Traits/AbstractControllerTraits.php(19): App\Bll\IndexController->View('errors.404')
#5 /Users/apple/Code/Swoole_Chat/swoole_framework/Core/AbstractInterface/AbstractREST.php(44): App\Bll\UserCenter\UserCenterController->actionNotFound('OPTIONSRegister', NULL)
#6 /Users/apple/Code/Swoole_Chat/swoole_framework/Core/Http/Dispatcher.php(137): Core\AbstractInterface\AbstractREST->__call('OPTIONSRegister', NULL)
#7 /Users/apple/Code/Swoole_Chat/swoole_framework/Core/Swoole/Server.php(96): Core\Http\Dispatcher->dispatch()
#8 {main}
time : 18-02-01 13:50:03 message: Uncaught Error: Class 'App\Vendor\DB\DB' not found in /Users/apple/Code/Swoole_Chat/swoole_framework/App/Logic/UserCenter/UserLogic.php:30
Stack trace:
#0 [internal function]: App\Logic\UserCenter\UserLogic->insert(Array)
#1 /Users/apple/Code/Swoole_Chat/swoole_framework/App/Vendor/Invoker/Invoker.php(15): ReflectionMethod->invokeArgs(Object(App\Logic\UserCenter\UserLogic), Array)
#2 /Users/apple/Code/Swoole_Chat/swoole_framework/App/Repository/UserCenter/Instances/UserRepository.php(19): App\Vendor\Invoker\Invoker::execute(Array, Array)
#3 /Users/apple/Code/Swoole_Chat/swoole_framework/App/Bll/UserCenter/UserCenterController.php(109): App\Repository\UserCenter\Instances\UserRepository->insert(Array)
#4 /Users/apple/Code/Swoole_Chat/swoole_framework/Core/AbstractInterface/AbstractREST.php(42): App\Bll\UserCenter\UserCenterController->POSTRegister()
#5 /Users/apple/Code/Swoole_Chat/swoole_framework/Core/Http/Dispatcher.php(137): Core\AbstractInterface\AbstractREST->__call('POSTRegister', NULL)
#6 /Users/apple/ in file /Users/apple/Code/Swoole_Chat/swoole_framework/App/Logic/UserCenter/UserLogic.php line 30
time : 18-02-01 13:50:33 message: View [errors.404] not found. #0 /Users/apple/Code/Swoole_Chat/swoole_framework/vendor/illuminate/view/FileViewFinder.php(79): Illuminate\View\FileViewFinder->findInPaths('errors.404', Array)
#1 /Users/apple/Code/Swoole_Chat/swoole_framework/vendor/illuminate/view/Factory.php(128): Illuminate\View\FileViewFinder->find('errors.404')
#2 /Users/apple/Code/Swoole_Chat/swoole_framework/vendor/jenssegers/blade/src/Blade.php(79): Illuminate\View\Factory->make('errors.404', Array, Array)
#3 /Users/apple/Code/Swoole_Chat/swoole_framework/App/Bll/IndexController.php(16): Jenssegers\Blade\Blade->render('errors.404', Array)
#4 /Users/apple/Code/Swoole_Chat/swoole_framework/App/Com/Traits/AbstractControllerTraits.php(19): App\Bll\IndexController->View('errors.404')
#5 /Users/apple/Code/Swoole_Chat/swoole_framework/Core/AbstractInterface/AbstractREST.php(44): App\Bll\UserCenter\UserCenterController->actionNotFound('OPTIONSRegister', NULL)
#6 /Users/apple/Code/Swoole_Chat/swoole_framework/Core/Http/Dispatcher.php(137): Core\AbstractInterface\AbstractREST->__call('OPTIONSRegister', NULL)
#7 /Users/apple/Code/Swoole_Chat/swoole_framework/Core/Swoole/Server.php(96): Core\Http\Dispatcher->dispatch()
#8 {main}
time : 18-02-01 13:50:33 message: Uncaught Error: Call to undefined method Closure::rollBack() in /Users/apple/Code/Swoole_Chat/swoole_framework/App/Logic/UserCenter/UserLogic.php:29
Stack trace:
#0 [internal function]: App\Logic\UserCenter\UserLogic->insert(Array)
#1 /Users/apple/Code/Swoole_Chat/swoole_framework/App/Vendor/Invoker/Invoker.php(15): ReflectionMethod->invokeArgs(Object(App\Logic\UserCenter\UserLogic), Array)
#2 /Users/apple/Code/Swoole_Chat/swoole_framework/App/Repository/UserCenter/Instances/UserRepository.php(19): App\Vendor\Invoker\Invoker::execute(Array, Array)
#3 /Users/apple/Code/Swoole_Chat/swoole_framework/App/Bll/UserCenter/UserCenterController.php(109): App\Repository\UserCenter\Instances\UserRepository->insert(Array)
#4 /Users/apple/Code/Swoole_Chat/swoole_framework/Core/AbstractInterface/AbstractREST.php(42): App\Bll\UserCenter\UserCenterController->POSTRegister()
#5 /Users/apple/Code/Swoole_Chat/swoole_framework/Core/Http/Dispatcher.php(137): Core\AbstractInterface\AbstractREST->__call('POSTRegister', NULL)
#6 /Us in file /Users/apple/Code/Swoole_Chat/swoole_framework/App/Logic/UserCenter/UserLogic.php line 29
time : 18-02-01 13:57:18 message: View [errors.404] not found. #0 /Users/apple/Code/Swoole_Chat/swoole_framework/vendor/illuminate/view/FileViewFinder.php(79): Illuminate\View\FileViewFinder->findInPaths('errors.404', Array)
#1 /Users/apple/Code/Swoole_Chat/swoole_framework/vendor/illuminate/view/Factory.php(128): Illuminate\View\FileViewFinder->find('errors.404')
#2 /Users/apple/Code/Swoole_Chat/swoole_framework/vendor/jenssegers/blade/src/Blade.php(79): Illuminate\View\Factory->make('errors.404', Array, Array)
#3 /Users/apple/Code/Swoole_Chat/swoole_framework/App/Bll/IndexController.php(16): Jenssegers\Blade\Blade->render('errors.404', Array)
#4 /Users/apple/Code/Swoole_Chat/swoole_framework/App/Com/Traits/AbstractControllerTraits.php(19): App\Bll\IndexController->View('errors.404')
#5 /Users/apple/Code/Swoole_Chat/swoole_framework/Core/AbstractInterface/AbstractREST.php(44): App\Bll\UserCenter\UserCenterController->actionNotFound('OPTIONSRegister', NULL)
#6 /Users/apple/Code/Swoole_Chat/swoole_framework/Core/Http/Dispatcher.php(137): Core\AbstractInterface\AbstractREST->__call('OPTIONSRegister', NULL)
#7 /Users/apple/Code/Swoole_Chat/swoole_framework/Core/Swoole/Server.php(96): Core\Http\Dispatcher->dispatch()
#8 {main}
time : 18-02-01 13:57:44 message: View [errors.404] not found. #0 /Users/apple/Code/Swoole_Chat/swoole_framework/vendor/illuminate/view/FileViewFinder.php(79): Illuminate\View\FileViewFinder->findInPaths('errors.404', Array)
#1 /Users/apple/Code/Swoole_Chat/swoole_framework/vendor/illuminate/view/Factory.php(128): Illuminate\View\FileViewFinder->find('errors.404')
#2 /Users/apple/Code/Swoole_Chat/swoole_framework/vendor/jenssegers/blade/src/Blade.php(79): Illuminate\View\Factory->make('errors.404', Array, Array)
#3 /Users/apple/Code/Swoole_Chat/swoole_framework/App/Bll/IndexController.php(16): Jenssegers\Blade\Blade->render('errors.404', Array)
#4 /Users/apple/Code/Swoole_Chat/swoole_framework/App/Com/Traits/AbstractControllerTraits.php(19): App\Bll\IndexController->View('errors.404')
#5 /Users/apple/Code/Swoole_Chat/swoole_framework/Core/AbstractInterface/AbstractREST.php(44): App\Bll\UserCenter\UserCenterController->actionNotFound('OPTIONSSendCode', NULL)
#6 /Users/apple/Code/Swoole_Chat/swoole_framework/Core/Http/Dispatcher.php(137): Core\AbstractInterface\AbstractREST->__call('OPTIONSSendCode', NULL)
#7 /Users/apple/Code/Swoole_Chat/swoole_framework/Core/Swoole/Server.php(96): Core\Http\Dispatcher->dispatch()
#8 {main}
time : 18-02-01 13:57:48 message: View [errors.404] not found. #0 /Users/apple/Code/Swoole_Chat/swoole_framework/vendor/illuminate/view/FileViewFinder.php(79): Illuminate\View\FileViewFinder->findInPaths('errors.404', Array)
#1 /Users/apple/Code/Swoole_Chat/swoole_framework/vendor/illuminate/view/Factory.php(128): Illuminate\View\FileViewFinder->find('errors.404')
#2 /Users/apple/Code/Swoole_Chat/swoole_framework/vendor/jenssegers/blade/src/Blade.php(79): Illuminate\View\Factory->make('errors.404', Array, Array)
#3 /Users/apple/Code/Swoole_Chat/swoole_framework/App/Bll/IndexController.php(16): Jenssegers\Blade\Blade->render('errors.404', Array)
#4 /Users/apple/Code/Swoole_Chat/swoole_framework/App/Com/Traits/AbstractControllerTraits.php(19): App\Bll\IndexController->View('errors.404')
#5 /Users/apple/Code/Swoole_Chat/swoole_framework/Core/AbstractInterface/AbstractREST.php(44): App\Bll\UserCenter\UserCenterController->actionNotFound('OPTIONSRegister', NULL)
#6 /Users/apple/Code/Swoole_Chat/swoole_framework/Core/Http/Dispatcher.php(137): Core\AbstractInterface\AbstractREST->__call('OPTIONSRegister', NULL)
#7 /Users/apple/Code/Swoole_Chat/swoole_framework/Core/Swoole/Server.php(96): Core\Http\Dispatcher->dispatch()
#8 {main}
time : 18-02-01 13:58:59 message: View [errors.404] not found. #0 /Users/apple/Code/Swoole_Chat/swoole_framework/vendor/illuminate/view/FileViewFinder.php(79): Illuminate\View\FileViewFinder->findInPaths('errors.404', Array)
#1 /Users/apple/Code/Swoole_Chat/swoole_framework/vendor/illuminate/view/Factory.php(128): Illuminate\View\FileViewFinder->find('errors.404')
#2 /Users/apple/Code/Swoole_Chat/swoole_framework/vendor/jenssegers/blade/src/Blade.php(79): Illuminate\View\Factory->make('errors.404', Array, Array)
#3 /Users/apple/Code/Swoole_Chat/swoole_framework/App/Bll/IndexController.php(16): Jenssegers\Blade\Blade->render('errors.404', Array)
#4 /Users/apple/Code/Swoole_Chat/swoole_framework/App/Com/Traits/AbstractControllerTraits.php(19): App\Bll\IndexController->View('errors.404')
#5 /Users/apple/Code/Swoole_Chat/swoole_framework/Core/AbstractInterface/AbstractREST.php(44): App\Bll\UserCenter\UserCenterController->actionNotFound('OPTIONSSendCode', NULL)
#6 /Users/apple/Code/Swoole_Chat/swoole_framework/Core/Http/Dispatcher.php(137): Core\AbstractInterface\AbstractREST->__call('OPTIONSSendCode', NULL)
#7 /Users/apple/Code/Swoole_Chat/swoole_framework/Core/Swoole/Server.php(96): Core\Http\Dispatcher->dispatch()
#8 {main}
time : 18-02-01 13:59:03 message: View [errors.404] not found. #0 /Users/apple/Code/Swoole_Chat/swoole_framework/vendor/illuminate/view/FileViewFinder.php(79): Illuminate\View\FileViewFinder->findInPaths('errors.404', Array)
#1 /Users/apple/Code/Swoole_Chat/swoole_framework/vendor/illuminate/view/Factory.php(128): Illuminate\View\FileViewFinder->find('errors.404')
#2 /Users/apple/Code/Swoole_Chat/swoole_framework/vendor/jenssegers/blade/src/Blade.php(79): Illuminate\View\Factory->make('errors.404', Array, Array)
#3 /Users/apple/Code/Swoole_Chat/swoole_framework/App/Bll/IndexController.php(16): Jenssegers\Blade\Blade->render('errors.404', Array)
#4 /Users/apple/Code/Swoole_Chat/swoole_framework/App/Com/Traits/AbstractControllerTraits.php(19): App\Bll\IndexController->View('errors.404')
#5 /Users/apple/Code/Swoole_Chat/swoole_framework/Core/AbstractInterface/AbstractREST.php(44): App\Bll\UserCenter\UserCenterController->actionNotFound('OPTIONSRegister', NULL)
#6 /Users/apple/Code/Swoole_Chat/swoole_framework/Core/Http/Dispatcher.php(137): Core\AbstractInterface\AbstractREST->__call('OPTIONSRegister', NULL)
#7 /Users/apple/Code/Swoole_Chat/swoole_framework/Core/Swoole/Server.php(96): Core\Http\Dispatcher->dispatch()
#8 {main}
time : 18-02-01 13:59:43 message: View [errors.404] not found. #0 /Users/apple/Code/Swoole_Chat/swoole_framework/vendor/illuminate/view/FileViewFinder.php(79): Illuminate\View\FileViewFinder->findInPaths('errors.404', Array)
#1 /Users/apple/Code/Swoole_Chat/swoole_framework/vendor/illuminate/view/Factory.php(128): Illuminate\View\FileViewFinder->find('errors.404')
#2 /Users/apple/Code/Swoole_Chat/swoole_framework/vendor/jenssegers/blade/src/Blade.php(79): Illuminate\View\Factory->make('errors.404', Array, Array)
#3 /Users/apple/Code/Swoole_Chat/swoole_framework/App/Bll/IndexController.php(16): Jenssegers\Blade\Blade->render('errors.404', Array)
#4 /Users/apple/Code/Swoole_Chat/swoole_framework/App/Com/Traits/AbstractControllerTraits.php(19): App\Bll\IndexController->View('errors.404')
#5 /Users/apple/Code/Swoole_Chat/swoole_framework/Core/AbstractInterface/AbstractREST.php(44): App\Bll\UserCenter\UserCenterController->actionNotFound('OPTIONSRegister', NULL)
#6 /Users/apple/Code/Swoole_Chat/swoole_framework/Core/Http/Dispatcher.php(137): Core\AbstractInterface\AbstractREST->__call('OPTIONSRegister', NULL)
#7 /Users/apple/Code/Swoole_Chat/swoole_framework/Core/Swoole/Server.php(96): Core\Http\Dispatcher->dispatch()
#8 {main}
time : 18-02-01 14:03:14 message: View [errors.404] not found. #0 /Users/apple/Code/Swoole_Chat/swoole_framework/vendor/illuminate/view/FileViewFinder.php(79): Illuminate\View\FileViewFinder->findInPaths('errors.404', Array)
#1 /Users/apple/Code/Swoole_Chat/swoole_framework/vendor/illuminate/view/Factory.php(128): Illuminate\View\FileViewFinder->find('errors.404')
#2 /Users/apple/Code/Swoole_Chat/swoole_framework/vendor/jenssegers/blade/src/Blade.php(79): Illuminate\View\Factory->make('errors.404', Array, Array)
#3 /Users/apple/Code/Swoole_Chat/swoole_framework/App/Bll/IndexController.php(16): Jenssegers\Blade\Blade->render('errors.404', Array)
#4 /Users/apple/Code/Swoole_Chat/swoole_framework/App/Com/Traits/AbstractControllerTraits.php(19): App\Bll\IndexController->View('errors.404')
#5 /Users/apple/Code/Swoole_Chat/swoole_framework/Core/AbstractInterface/AbstractREST.php(44): App\Bll\UserCenter\UserCenterController->actionNotFound('OPTIONSSendCode', NULL)
#6 /Users/apple/Code/Swoole_Chat/swoole_framework/Core/Http/Dispatcher.php(137): Core\AbstractInterface\AbstractREST->__call('OPTIONSSendCode', NULL)
#7 /Users/apple/Code/Swoole_Chat/swoole_framework/Core/Swoole/Server.php(96): Core\Http\Dispatcher->dispatch()
#8 {main}
time : 18-02-01 14:03:18 message: View [errors.404] not found. #0 /Users/apple/Code/Swoole_Chat/swoole_framework/vendor/illuminate/view/FileViewFinder.php(79): Illuminate\View\FileViewFinder->findInPaths('errors.404', Array)
#1 /Users/apple/Code/Swoole_Chat/swoole_framework/vendor/illuminate/view/Factory.php(128): Illuminate\View\FileViewFinder->find('errors.404')
#2 /Users/apple/Code/Swoole_Chat/swoole_framework/vendor/jenssegers/blade/src/Blade.php(79): Illuminate\View\Factory->make('errors.404', Array, Array)
#3 /Users/apple/Code/Swoole_Chat/swoole_framework/App/Bll/IndexController.php(16): Jenssegers\Blade\Blade->render('errors.404', Array)
#4 /Users/apple/Code/Swoole_Chat/swoole_framework/App/Com/Traits/AbstractControllerTraits.php(19): App\Bll\IndexController->View('errors.404')
#5 /Users/apple/Code/Swoole_Chat/swoole_framework/Core/AbstractInterface/AbstractREST.php(44): App\Bll\UserCenter\UserCenterController->actionNotFound('OPTIONSRegister', NULL)
#6 /Users/apple/Code/Swoole_Chat/swoole_framework/Core/Http/Dispatcher.php(137): Core\AbstractInterface\AbstractREST->__call('OPTIONSRegister', NULL)
#7 /Users/apple/Code/Swoole_Chat/swoole_framework/Core/Swoole/Server.php(96): Core\Http\Dispatcher->dispatch()
#8 {main}
time : 18-02-01 15:59:18 message: Swoole\Server::start(): require onReceive/onPacket callback in file /Users/apple/Code/Swoole_Chat/swoole_framework/Core/Swoole/Server.php line 76
time : 18-02-01 16:00:13 message: Swoole\Http\Server::start(): require onMessage callback in file /Users/apple/Code/Swoole_Chat/swoole_framework/Core/Swoole/Server.php line 76
time : 18-02-01 16:19:05 message: Swoole\Http\Server::start(): require onMessage callback in file /Users/apple/Code/Swoole_Chat/swoole_framework/Core/Swoole/Server.php line 76
time : 18-02-01 16:20:13 message: View [errors.404] not found. #0 /Users/apple/Code/Swoole_Chat/swoole_framework/vendor/illuminate/view/FileViewFinder.php(79): Illuminate\View\FileViewFinder->findInPaths('errors.404', Array)
#1 /Users/apple/Code/Swoole_Chat/swoole_framework/vendor/illuminate/view/Factory.php(128): Illuminate\View\FileViewFinder->find('errors.404')
#2 /Users/apple/Code/Swoole_Chat/swoole_framework/vendor/jenssegers/blade/src/Blade.php(79): Illuminate\View\Factory->make('errors.404', Array, Array)
#3 /Users/apple/Code/Swoole_Chat/swoole_framework/App/Bll/IndexController.php(16): Jenssegers\Blade\Blade->render('errors.404', Array)
#4 /Users/apple/Code/Swoole_Chat/swoole_framework/App/Com/Traits/AbstractControllerTraits.php(19): App\Bll\IndexController->View('errors.404')
#5 /Users/apple/Code/Swoole_Chat/swoole_framework/Core/AbstractInterface/AbstractREST.php(44): App\Bll\UserCenter\UserCenterController->actionNotFound('OPTIONSLogin', NULL)
#6 /Users/apple/Code/Swoole_Chat/swoole_framework/Core/Http/Dispatcher.php(137): Core\AbstractInterface\AbstractREST->__call('OPTIONSLogin', NULL)
#7 /Users/apple/Code/Swoole_Chat/swoole_framework/Core/Swoole/Server.php(96): Core\Http\Dispatcher->dispatch()
#8 {main}
time : 18-02-01 16:20:16 message: View [errors.404] not found. #0 /Users/apple/Code/Swoole_Chat/swoole_framework/vendor/illuminate/view/FileViewFinder.php(79): Illuminate\View\FileViewFinder->findInPaths('errors.404', Array)
#1 /Users/apple/Code/Swoole_Chat/swoole_framework/vendor/illuminate/view/Factory.php(128): Illuminate\View\FileViewFinder->find('errors.404')
#2 /Users/apple/Code/Swoole_Chat/swoole_framework/vendor/jenssegers/blade/src/Blade.php(79): Illuminate\View\Factory->make('errors.404', Array, Array)
#3 /Users/apple/Code/Swoole_Chat/swoole_framework/App/Bll/IndexController.php(16): Jenssegers\Blade\Blade->render('errors.404', Array)
#4 /Users/apple/Code/Swoole_Chat/swoole_framework/App/Com/Traits/AbstractControllerTraits.php(19): App\Bll\IndexController->View('errors.404')
#5 /Users/apple/Code/Swoole_Chat/swoole_framework/Core/AbstractInterface/AbstractREST.php(44): App\Bll\UserCenter\UserCenterController->actionNotFound('OPTIONSLogout', NULL)
#6 /Users/apple/Code/Swoole_Chat/swoole_framework/Core/Http/Dispatcher.php(137): Core\AbstractInterface\AbstractREST->__call('OPTIONSLogout', NULL)
#7 /Users/apple/Code/Swoole_Chat/swoole_framework/Core/Swoole/Server.php(96): Core\Http\Dispatcher->dispatch()
#8 {main}
time : 18-02-02 14:40:04 message: View [errors.404] not found. #0 /Users/apple/Code/Swoole_Chat/swoole_framework/vendor/illuminate/view/FileViewFinder.php(79): Illuminate\View\FileViewFinder->findInPaths('errors.404', Array)
#1 /Users/apple/Code/Swoole_Chat/swoole_framework/vendor/illuminate/view/Factory.php(128): Illuminate\View\FileViewFinder->find('errors.404')
#2 /Users/apple/Code/Swoole_Chat/swoole_framework/vendor/jenssegers/blade/src/Blade.php(79): Illuminate\View\Factory->make('errors.404', Array, Array)
#3 /Users/apple/Code/Swoole_Chat/swoole_framework/App/Bll/IndexController.php(16): Jenssegers\Blade\Blade->render('errors.404', Array)
#4 /Users/apple/Code/Swoole_Chat/swoole_framework/App/Com/Traits/AbstractControllerTraits.php(19): App\Bll\IndexController->View('errors.404')
#5 /Users/apple/Code/Swoole_Chat/swoole_framework/Core/AbstractInterface/AbstractREST.php(44): App\Bll\UserCenter\UserCenterController->actionNotFound('OPTIONSLogin', NULL)
#6 /Users/apple/Code/Swoole_Chat/swoole_framework/Core/Http/Dispatcher.php(137): Core\AbstractInterface\AbstractREST->__call('OPTIONSLogin', NULL)
#7 /Users/apple/Code/Swoole_Chat/swoole_framework/Core/Swoole/Server.php(96): Core\Http\Dispatcher->dispatch()
#8 {main}
time : 18-02-02 18:30:06 message: View [errors.404] not found. #0 /Users/apple/Code/Swoole_Chat/swoole_framework/vendor/illuminate/view/FileViewFinder.php(79): Illuminate\View\FileViewFinder->findInPaths('errors.404', Array)
#1 /Users/apple/Code/Swoole_Chat/swoole_framework/vendor/illuminate/view/Factory.php(128): Illuminate\View\FileViewFinder->find('errors.404')
#2 /Users/apple/Code/Swoole_Chat/swoole_framework/vendor/jenssegers/blade/src/Blade.php(79): Illuminate\View\Factory->make('errors.404', Array, Array)
#3 /Users/apple/Code/Swoole_Chat/swoole_framework/App/Bll/IndexController.php(16): Jenssegers\Blade\Blade->render('errors.404', Array)
#4 /Users/apple/Code/Swoole_Chat/swoole_framework/App/Com/Traits/AbstractControllerTraits.php(19): App\Bll\IndexController->View('errors.404')
#5 /Users/apple/Code/Swoole_Chat/swoole_framework/Core/AbstractInterface/AbstractREST.php(44): App\Bll\UserCenter\UserCenterController->actionNotFound('OPTIONSLogout', NULL)
#6 /Users/apple/Code/Swoole_Chat/swoole_framework/Core/Http/Dispatcher.php(137): Core\AbstractInterface\AbstractREST->__call('OPTIONSLogout', NULL)
#7 /Users/apple/Code/Swoole_Chat/swoole_framework/Core/Swoole/Server.php(96): Core\Http\Dispatcher->dispatch()
#8 {main}
time : 18-02-02 18:30:09 message: View [errors.404] not found. #0 /Users/apple/Code/Swoole_Chat/swoole_framework/vendor/illuminate/view/FileViewFinder.php(79): Illuminate\View\FileViewFinder->findInPaths('errors.404', Array)
#1 /Users/apple/Code/Swoole_Chat/swoole_framework/vendor/illuminate/view/Factory.php(128): Illuminate\View\FileViewFinder->find('errors.404')
#2 /Users/apple/Code/Swoole_Chat/swoole_framework/vendor/jenssegers/blade/src/Blade.php(79): Illuminate\View\Factory->make('errors.404', Array, Array)
#3 /Users/apple/Code/Swoole_Chat/swoole_framework/App/Bll/IndexController.php(16): Jenssegers\Blade\Blade->render('errors.404', Array)
#4 /Users/apple/Code/Swoole_Chat/swoole_framework/App/Com/Traits/AbstractControllerTraits.php(19): App\Bll\IndexController->View('errors.404')
#5 /Users/apple/Code/Swoole_Chat/swoole_framework/Core/AbstractInterface/AbstractREST.php(44): App\Bll\UserCenter\UserCenterController->actionNotFound('OPTIONSLogin', NULL)
#6 /Users/apple/Code/Swoole_Chat/swoole_framework/Core/Http/Dispatcher.php(137): Core\AbstractInterface\AbstractREST->__call('OPTIONSLogin', NULL)
#7 /Users/apple/Code/Swoole_Chat/swoole_framework/Core/Swoole/Server.php(96): Core\Http\Dispatcher->dispatch()
#8 {main}
time : 18-02-02 22:20:45 message: View [errors.404] not found. #0 /Users/apple/Code/Swoole_Chat/swoole_framework/vendor/illuminate/view/FileViewFinder.php(79): Illuminate\View\FileViewFinder->findInPaths('errors.404', Array)
#1 /Users/apple/Code/Swoole_Chat/swoole_framework/vendor/illuminate/view/Factory.php(128): Illuminate\View\FileViewFinder->find('errors.404')
#2 /Users/apple/Code/Swoole_Chat/swoole_framework/vendor/jenssegers/blade/src/Blade.php(79): Illuminate\View\Factory->make('errors.404', Array, Array)
#3 /Users/apple/Code/Swoole_Chat/swoole_framework/App/Bll/IndexController.php(16): Jenssegers\Blade\Blade->render('errors.404', Array)
#4 /Users/apple/Code/Swoole_Chat/swoole_framework/App/Com/Traits/AbstractControllerTraits.php(19): App\Bll\IndexController->View('errors.404')
#5 /Users/apple/Code/Swoole_Chat/swoole_framework/Core/AbstractInterface/AbstractREST.php(44): App\Bll\UserCenter\UserCenterController->actionNotFound('OPTIONSLogout', NULL)
#6 /Users/apple/Code/Swoole_Chat/swoole_framework/Core/Http/Dispatcher.php(137): Core\AbstractInterface\AbstractREST->__call('OPTIONSLogout', NULL)
#7 /Users/apple/Code/Swoole_Chat/swoole_framework/Core/Swoole/Server.php(96): Core\Http\Dispatcher->dispatch()
#8 {main}
time : 18-02-02 22:20:48 message: View [errors.404] not found. #0 /Users/apple/Code/Swoole_Chat/swoole_framework/vendor/illuminate/view/FileViewFinder.php(79): Illuminate\View\FileViewFinder->findInPaths('errors.404', Array)
#1 /Users/apple/Code/Swoole_Chat/swoole_framework/vendor/illuminate/view/Factory.php(128): Illuminate\View\FileViewFinder->find('errors.404')
#2 /Users/apple/Code/Swoole_Chat/swoole_framework/vendor/jenssegers/blade/src/Blade.php(79): Illuminate\View\Factory->make('errors.404', Array, Array)
#3 /Users/apple/Code/Swoole_Chat/swoole_framework/App/Bll/IndexController.php(16): Jenssegers\Blade\Blade->render('errors.404', Array)
#4 /Users/apple/Code/Swoole_Chat/swoole_framework/App/Com/Traits/AbstractControllerTraits.php(19): App\Bll\IndexController->View('errors.404')
#5 /Users/apple/Code/Swoole_Chat/swoole_framework/Core/AbstractInterface/AbstractREST.php(44): App\Bll\UserCenter\UserCenterController->actionNotFound('OPTIONSLogin', NULL)
#6 /Users/apple/Code/Swoole_Chat/swoole_framework/Core/Http/Dispatcher.php(137): Core\AbstractInterface\AbstractREST->__call('OPTIONSLogin', NULL)
#7 /Users/apple/Code/Swoole_Chat/swoole_framework/Core/Swoole/Server.php(96): Core\Http\Dispatcher->dispatch()
#8 {main}
time : 18-02-02 22:20:51 message: View [errors.404] not found. #0 /Users/apple/Code/Swoole_Chat/swoole_framework/vendor/illuminate/view/FileViewFinder.php(79): Illuminate\View\FileViewFinder->findInPaths('errors.404', Array)
#1 /Users/apple/Code/Swoole_Chat/swoole_framework/vendor/illuminate/view/Factory.php(128): Illuminate\View\FileViewFinder->find('errors.404')
#2 /Users/apple/Code/Swoole_Chat/swoole_framework/vendor/jenssegers/blade/src/Blade.php(79): Illuminate\View\Factory->make('errors.404', Array, Array)
#3 /Users/apple/Code/Swoole_Chat/swoole_framework/App/Bll/IndexController.php(16): Jenssegers\Blade\Blade->render('errors.404', Array)
#4 /Users/apple/Code/Swoole_Chat/swoole_framework/App/Com/Traits/AbstractControllerTraits.php(19): App\Bll\IndexController->View('errors.404')
#5 /Users/apple/Code/Swoole_Chat/swoole_framework/Core/AbstractInterface/AbstractREST.php(44): App\Bll\UserCenter\UserCenterController->actionNotFound('OPTIONSLogout', NULL)
#6 /Users/apple/Code/Swoole_Chat/swoole_framework/Core/Http/Dispatcher.php(137): Core\AbstractInterface\AbstractREST->__call('OPTIONSLogout', NULL)
#7 /Users/apple/Code/Swoole_Chat/swoole_framework/Core/Swoole/Server.php(96): Core\Http\Dispatcher->dispatch()
#8 {main}
time : 18-02-02 22:20:56 message: View [errors.404] not found. #0 /Users/apple/Code/Swoole_Chat/swoole_framework/vendor/illuminate/view/FileViewFinder.php(79): Illuminate\View\FileViewFinder->findInPaths('errors.404', Array)
#1 /Users/apple/Code/Swoole_Chat/swoole_framework/vendor/illuminate/view/Factory.php(128): Illuminate\View\FileViewFinder->find('errors.404')
#2 /Users/apple/Code/Swoole_Chat/swoole_framework/vendor/jenssegers/blade/src/Blade.php(79): Illuminate\View\Factory->make('errors.404', Array, Array)
#3 /Users/apple/Code/Swoole_Chat/swoole_framework/App/Bll/IndexController.php(16): Jenssegers\Blade\Blade->render('errors.404', Array)
#4 /Users/apple/Code/Swoole_Chat/swoole_framework/App/Com/Traits/AbstractControllerTraits.php(19): App\Bll\IndexController->View('errors.404')
#5 /Users/apple/Code/Swoole_Chat/swoole_framework/Core/AbstractInterface/AbstractREST.php(44): App\Bll\UserCenter\UserCenterController->actionNotFound('OPTIONSLogin', NULL)
#6 /Users/apple/Code/Swoole_Chat/swoole_framework/Core/Http/Dispatcher.php(137): Core\AbstractInterface\AbstractREST->__call('OPTIONSLogin', NULL)
#7 /Users/apple/Code/Swoole_Chat/swoole_framework/Core/Swoole/Server.php(96): Core\Http\Dispatcher->dispatch()
#8 {main}
time : 18-02-02 22:22:19 message: View [errors.404] not found. #0 /Users/apple/Code/Swoole_Chat/swoole_framework/vendor/illuminate/view/FileViewFinder.php(79): Illuminate\View\FileViewFinder->findInPaths('errors.404', Array)
#1 /Users/apple/Code/Swoole_Chat/swoole_framework/vendor/illuminate/view/Factory.php(128): Illuminate\View\FileViewFinder->find('errors.404')
#2 /Users/apple/Code/Swoole_Chat/swoole_framework/vendor/jenssegers/blade/src/Blade.php(79): Illuminate\View\Factory->make('errors.404', Array, Array)
#3 /Users/apple/Code/Swoole_Chat/swoole_framework/App/Bll/IndexController.php(16): Jenssegers\Blade\Blade->render('errors.404', Array)
#4 /Users/apple/Code/Swoole_Chat/swoole_framework/App/Com/Traits/AbstractControllerTraits.php(19): App\Bll\IndexController->View('errors.404')
#5 /Users/apple/Code/Swoole_Chat/swoole_framework/Core/AbstractInterface/AbstractREST.php(44): App\Bll\UserCenter\UserCenterController->actionNotFound('OPTIONSLogout', NULL)
#6 /Users/apple/Code/Swoole_Chat/swoole_framework/Core/Http/Dispatcher.php(137): Core\AbstractInterface\AbstractREST->__call('OPTIONSLogout', NULL)
#7 /Users/apple/Code/Swoole_Chat/swoole_framework/Core/Swoole/Server.php(96): Core\Http\Dispatcher->dispatch()
#8 {main}
time : 18-02-02 22:22:21 message: View [errors.404] not found. #0 /Users/apple/Code/Swoole_Chat/swoole_framework/vendor/illuminate/view/FileViewFinder.php(79): Illuminate\View\FileViewFinder->findInPaths('errors.404', Array)
#1 /Users/apple/Code/Swoole_Chat/swoole_framework/vendor/illuminate/view/Factory.php(128): Illuminate\View\FileViewFinder->find('errors.404')
#2 /Users/apple/Code/Swoole_Chat/swoole_framework/vendor/jenssegers/blade/src/Blade.php(79): Illuminate\View\Factory->make('errors.404', Array, Array)
#3 /Users/apple/Code/Swoole_Chat/swoole_framework/App/Bll/IndexController.php(16): Jenssegers\Blade\Blade->render('errors.404', Array)
#4 /Users/apple/Code/Swoole_Chat/swoole_framework/App/Com/Traits/AbstractControllerTraits.php(19): App\Bll\IndexController->View('errors.404')
#5 /Users/apple/Code/Swoole_Chat/swoole_framework/Core/AbstractInterface/AbstractREST.php(44): App\Bll\UserCenter\UserCenterController->actionNotFound('OPTIONSLogin', NULL)
#6 /Users/apple/Code/Swoole_Chat/swoole_framework/Core/Http/Dispatcher.php(137): Core\AbstractInterface\AbstractREST->__call('OPTIONSLogin', NULL)
#7 /Users/apple/Code/Swoole_Chat/swoole_framework/Core/Swoole/Server.php(96): Core\Http\Dispatcher->dispatch()
#8 {main}
time : 18-02-02 22:41:53 message: View [errors.404] not found. #0 /Users/apple/Code/Swoole_Chat/swoole_framework/vendor/illuminate/view/FileViewFinder.php(79): Illuminate\View\FileViewFinder->findInPaths('errors.404', Array)
#1 /Users/apple/Code/Swoole_Chat/swoole_framework/vendor/illuminate/view/Factory.php(128): Illuminate\View\FileViewFinder->find('errors.404')
#2 /Users/apple/Code/Swoole_Chat/swoole_framework/vendor/jenssegers/blade/src/Blade.php(79): Illuminate\View\Factory->make('errors.404', Array, Array)
#3 /Users/apple/Code/Swoole_Chat/swoole_framework/App/Bll/IndexController.php(16): Jenssegers\Blade\Blade->render('errors.404', Array)
#4 /Users/apple/Code/Swoole_Chat/swoole_framework/App/Com/Traits/AbstractControllerTraits.php(19): App\Bll\IndexController->View('errors.404')
#5 /Users/apple/Code/Swoole_Chat/swoole_framework/Core/AbstractInterface/AbstractREST.php(44): App\Bll\UserCenter\UserCenterController->actionNotFound('OPTIONSLogin', NULL)
#6 /Users/apple/Code/Swoole_Chat/swoole_framework/Core/Http/Dispatcher.php(137): Core\AbstractInterface\AbstractREST->__call('OPTIONSLogin', NULL)
#7 /Users/apple/Code/Swoole_Chat/swoole_framework/Core/Swoole/Server.php(96): Core\Http\Dispatcher->dispatch()
#8 {main}
time : 18-02-03 14:48:46 message: View [errors.404] not found. #0 /Users/apple/Code/Swoole_Chat/swoole_framework/vendor/illuminate/view/FileViewFinder.php(79): Illuminate\View\FileViewFinder->findInPaths('errors.404', Array)
#1 /Users/apple/Code/Swoole_Chat/swoole_framework/vendor/illuminate/view/Factory.php(128): Illuminate\View\FileViewFinder->find('errors.404')
#2 /Users/apple/Code/Swoole_Chat/swoole_framework/vendor/jenssegers/blade/src/Blade.php(79): Illuminate\View\Factory->make('errors.404', Array, Array)
#3 /Users/apple/Code/Swoole_Chat/swoole_framework/App/Bll/IndexController.php(16): Jenssegers\Blade\Blade->render('errors.404', Array)
#4 /Users/apple/Code/Swoole_Chat/swoole_framework/App/Com/Traits/AbstractControllerTraits.php(19): App\Bll\IndexController->View('errors.404')
#5 /Users/apple/Code/Swoole_Chat/swoole_framework/Core/AbstractInterface/AbstractREST.php(44): App\Bll\UserCenter\UserCenterController->actionNotFound('OPTIONSLogin', NULL)
#6 /Users/apple/Code/Swoole_Chat/swoole_framework/Core/Http/Dispatcher.php(137): Core\AbstractInterface\AbstractREST->__call('OPTIONSLogin', NULL)
#7 /Users/apple/Code/Swoole_Chat/swoole_framework/Core/Swoole/Server.php(96): Core\Http\Dispatcher->dispatch()
#8 {main}
time : 18-02-04 17:05:57 message: PDO::prepare(): send of 52 bytes failed with errno=32 Broken pipe in file /Users/apple/Code/Swoole_Chat/swoole_framework/vendor/illuminate/database/Connection.php line 326
time : 18-02-04 17:05:57 message: Error while sending STMT_PREPARE packet. PID=40957 in file /Users/apple/Code/Swoole_Chat/swoole_framework/vendor/illuminate/database/Connection.php line 326
time : 18-02-04 17:06:19 message: View [errors.404] not found. #0 /Users/apple/Code/Swoole_Chat/swoole_framework/vendor/illuminate/view/FileViewFinder.php(79): Illuminate\View\FileViewFinder->findInPaths('errors.404', Array)
#1 /Users/apple/Code/Swoole_Chat/swoole_framework/vendor/illuminate/view/Factory.php(128): Illuminate\View\FileViewFinder->find('errors.404')
#2 /Users/apple/Code/Swoole_Chat/swoole_framework/vendor/jenssegers/blade/src/Blade.php(79): Illuminate\View\Factory->make('errors.404', Array, Array)
#3 /Users/apple/Code/Swoole_Chat/swoole_framework/App/Bll/IndexController.php(16): Jenssegers\Blade\Blade->render('errors.404', Array)
#4 /Users/apple/Code/Swoole_Chat/swoole_framework/App/Com/Traits/AbstractControllerTraits.php(19): App\Bll\IndexController->View('errors.404')
#5 /Users/apple/Code/Swoole_Chat/swoole_framework/Core/AbstractInterface/AbstractREST.php(44): App\Bll\UserCenter\UserCenterController->actionNotFound('POSTConnectionL...', NULL)
#6 /Users/apple/Code/Swoole_Chat/swoole_framework/Core/Http/Dispatcher.php(137): Core\AbstractInterface\AbstractREST->__call('POSTConnectionL...', NULL)
#7 /Users/apple/Code/Swoole_Chat/swoole_framework/Core/Swoole/Server.php(96): Core\Http\Dispatcher->dispatch()
#8 {main}
time : 18-02-04 17:06:35 message: View [errors.404] not found. #0 /Users/apple/Code/Swoole_Chat/swoole_framework/vendor/illuminate/view/FileViewFinder.php(79): Illuminate\View\FileViewFinder->findInPaths('errors.404', Array)
#1 /Users/apple/Code/Swoole_Chat/swoole_framework/vendor/illuminate/view/Factory.php(128): Illuminate\View\FileViewFinder->find('errors.404')
#2 /Users/apple/Code/Swoole_Chat/swoole_framework/vendor/jenssegers/blade/src/Blade.php(79): Illuminate\View\Factory->make('errors.404', Array, Array)
#3 /Users/apple/Code/Swoole_Chat/swoole_framework/App/Bll/IndexController.php(16): Jenssegers\Blade\Blade->render('errors.404', Array)
#4 /Users/apple/Code/Swoole_Chat/swoole_framework/App/Com/Traits/AbstractControllerTraits.php(19): App\Bll\IndexController->View('errors.404')
#5 /Users/apple/Code/Swoole_Chat/swoole_framework/Core/AbstractInterface/AbstractREST.php(44): App\Bll\UserCenter\UserCenterController->actionNotFound('POSTConnectionL...', NULL)
#6 /Users/apple/Code/Swoole_Chat/swoole_framework/Core/Http/Dispatcher.php(137): Core\AbstractInterface\AbstractREST->__call('POSTConnectionL...', NULL)
#7 /Users/apple/Code/Swoole_Chat/swoole_framework/Core/Swoole/Server.php(96): Core\Http\Dispatcher->dispatch()
#8 {main}
time : 18-02-04 17:06:37 message: View [errors.404] not found. #0 /Users/apple/Code/Swoole_Chat/swoole_framework/vendor/illuminate/view/FileViewFinder.php(79): Illuminate\View\FileViewFinder->findInPaths('errors.404', Array)
#1 /Users/apple/Code/Swoole_Chat/swoole_framework/vendor/illuminate/view/Factory.php(128): Illuminate\View\FileViewFinder->find('errors.404')
#2 /Users/apple/Code/Swoole_Chat/swoole_framework/vendor/jenssegers/blade/src/Blade.php(79): Illuminate\View\Factory->make('errors.404', Array, Array)
#3 /Users/apple/Code/Swoole_Chat/swoole_framework/App/Bll/IndexController.php(16): Jenssegers\Blade\Blade->render('errors.404', Array)
#4 /Users/apple/Code/Swoole_Chat/swoole_framework/App/Com/Traits/AbstractControllerTraits.php(19): App\Bll\IndexController->View('errors.404')
#5 /Users/apple/Code/Swoole_Chat/swoole_framework/Core/AbstractInterface/AbstractREST.php(44): App\Bll\UserCenter\UserCenterController->actionNotFound('POSTConnectionL...', NULL)
#6 /Users/apple/Code/Swoole_Chat/swoole_framework/Core/Http/Dispatcher.php(137): Core\AbstractInterface\AbstractREST->__call('POSTConnectionL...', NULL)
#7 /Users/apple/Code/Swoole_Chat/swoole_framework/Core/Swoole/Server.php(96): Core\Http\Dispatcher->dispatch()
#8 {main}
time : 18-02-04 17:06:38 message: View [errors.404] not found. #0 /Users/apple/Code/Swoole_Chat/swoole_framework/vendor/illuminate/view/FileViewFinder.php(79): Illuminate\View\FileViewFinder->findInPaths('errors.404', Array)
#1 /Users/apple/Code/Swoole_Chat/swoole_framework/vendor/illuminate/view/Factory.php(128): Illuminate\View\FileViewFinder->find('errors.404')
#2 /Users/apple/Code/Swoole_Chat/swoole_framework/vendor/jenssegers/blade/src/Blade.php(79): Illuminate\View\Factory->make('errors.404', Array, Array)
#3 /Users/apple/Code/Swoole_Chat/swoole_framework/App/Bll/IndexController.php(16): Jenssegers\Blade\Blade->render('errors.404', Array)
#4 /Users/apple/Code/Swoole_Chat/swoole_framework/App/Com/Traits/AbstractControllerTraits.php(19): App\Bll\IndexController->View('errors.404')
#5 /Users/apple/Code/Swoole_Chat/swoole_framework/Core/AbstractInterface/AbstractREST.php(44): App\Bll\UserCenter\UserCenterController->actionNotFound('POSTConnectionL...', NULL)
#6 /Users/apple/Code/Swoole_Chat/swoole_framework/Core/Http/Dispatcher.php(137): Core\AbstractInterface\AbstractREST->__call('POSTConnectionL...', NULL)
#7 /Users/apple/Code/Swoole_Chat/swoole_framework/Core/Swoole/Server.php(96): Core\Http\Dispatcher->dispatch()
#8 {main}
time : 18-02-04 17:06:38 message: View [errors.404] not found. #0 /Users/apple/Code/Swoole_Chat/swoole_framework/vendor/illuminate/view/FileViewFinder.php(79): Illuminate\View\FileViewFinder->findInPaths('errors.404', Array)
#1 /Users/apple/Code/Swoole_Chat/swoole_framework/vendor/illuminate/view/Factory.php(128): Illuminate\View\FileViewFinder->find('errors.404')
#2 /Users/apple/Code/Swoole_Chat/swoole_framework/vendor/jenssegers/blade/src/Blade.php(79): Illuminate\View\Factory->make('errors.404', Array, Array)
#3 /Users/apple/Code/Swoole_Chat/swoole_framework/App/Bll/IndexController.php(16): Jenssegers\Blade\Blade->render('errors.404', Array)
#4 /Users/apple/Code/Swoole_Chat/swoole_framework/App/Com/Traits/AbstractControllerTraits.php(19): App\Bll\IndexController->View('errors.404')
#5 /Users/apple/Code/Swoole_Chat/swoole_framework/Core/AbstractInterface/AbstractREST.php(44): App\Bll\UserCenter\UserCenterController->actionNotFound('POSTConnectionL...', NULL)
#6 /Users/apple/Code/Swoole_Chat/swoole_framework/Core/Http/Dispatcher.php(137): Core\AbstractInterface\AbstractREST->__call('POSTConnectionL...', NULL)
#7 /Users/apple/Code/Swoole_Chat/swoole_framework/Core/Swoole/Server.php(96): Core\Http\Dispatcher->dispatch()
#8 {main}
time : 18-02-04 17:06:39 message: View [errors.404] not found. #0 /Users/apple/Code/Swoole_Chat/swoole_framework/vendor/illuminate/view/FileViewFinder.php(79): Illuminate\View\FileViewFinder->findInPaths('errors.404', Array)
#1 /Users/apple/Code/Swoole_Chat/swoole_framework/vendor/illuminate/view/Factory.php(128): Illuminate\View\FileViewFinder->find('errors.404')
#2 /Users/apple/Code/Swoole_Chat/swoole_framework/vendor/jenssegers/blade/src/Blade.php(79): Illuminate\View\Factory->make('errors.404', Array, Array)
#3 /Users/apple/Code/Swoole_Chat/swoole_framework/App/Bll/IndexController.php(16): Jenssegers\Blade\Blade->render('errors.404', Array)
#4 /Users/apple/Code/Swoole_Chat/swoole_framework/App/Com/Traits/AbstractControllerTraits.php(19): App\Bll\IndexController->View('errors.404')
#5 /Users/apple/Code/Swoole_Chat/swoole_framework/Core/AbstractInterface/AbstractREST.php(44): App\Bll\UserCenter\UserCenterController->actionNotFound('POSTConnectionL...', NULL)
#6 /Users/apple/Code/Swoole_Chat/swoole_framework/Core/Http/Dispatcher.php(137): Core\AbstractInterface\AbstractREST->__call('POSTConnectionL...', NULL)
#7 /Users/apple/Code/Swoole_Chat/swoole_framework/Core/Swoole/Server.php(96): Core\Http\Dispatcher->dispatch()
#8 {main}
time : 18-02-04 17:06:39 message: View [errors.404] not found. #0 /Users/apple/Code/Swoole_Chat/swoole_framework/vendor/illuminate/view/FileViewFinder.php(79): Illuminate\View\FileViewFinder->findInPaths('errors.404', Array)
#1 /Users/apple/Code/Swoole_Chat/swoole_framework/vendor/illuminate/view/Factory.php(128): Illuminate\View\FileViewFinder->find('errors.404')
#2 /Users/apple/Code/Swoole_Chat/swoole_framework/vendor/jenssegers/blade/src/Blade.php(79): Illuminate\View\Factory->make('errors.404', Array, Array)
#3 /Users/apple/Code/Swoole_Chat/swoole_framework/App/Bll/IndexController.php(16): Jenssegers\Blade\Blade->render('errors.404', Array)
#4 /Users/apple/Code/Swoole_Chat/swoole_framework/App/Com/Traits/AbstractControllerTraits.php(19): App\Bll\IndexController->View('errors.404')
#5 /Users/apple/Code/Swoole_Chat/swoole_framework/Core/AbstractInterface/AbstractREST.php(44): App\Bll\UserCenter\UserCenterController->actionNotFound('POSTConnectionL...', NULL)
#6 /Users/apple/Code/Swoole_Chat/swoole_framework/Core/Http/Dispatcher.php(137): Core\AbstractInterface\AbstractREST->__call('POSTConnectionL...', NULL)
#7 /Users/apple/Code/Swoole_Chat/swoole_framework/Core/Swoole/Server.php(96): Core\Http\Dispatcher->dispatch()
#8 {main}
time : 18-02-04 17:06:41 message: View [errors.404] not found. #0 /Users/apple/Code/Swoole_Chat/swoole_framework/vendor/illuminate/view/FileViewFinder.php(79): Illuminate\View\FileViewFinder->findInPaths('errors.404', Array)
#1 /Users/apple/Code/Swoole_Chat/swoole_framework/vendor/illuminate/view/Factory.php(128): Illuminate\View\FileViewFinder->find('errors.404')
#2 /Users/apple/Code/Swoole_Chat/swoole_framework/vendor/jenssegers/blade/src/Blade.php(79): Illuminate\View\Factory->make('errors.404', Array, Array)
#3 /Users/apple/Code/Swoole_Chat/swoole_framework/App/Bll/IndexController.php(16): Jenssegers\Blade\Blade->render('errors.404', Array)
#4 /Users/apple/Code/Swoole_Chat/swoole_framework/App/Com/Traits/AbstractControllerTraits.php(19): App\Bll\IndexController->View('errors.404')
#5 /Users/apple/Code/Swoole_Chat/swoole_framework/Core/AbstractInterface/AbstractREST.php(44): App\Bll\UserCenter\UserCenterController->actionNotFound('POSTConnectionL...', NULL)
#6 /Users/apple/Code/Swoole_Chat/swoole_framework/Core/Http/Dispatcher.php(137): Core\AbstractInterface\AbstractREST->__call('POSTConnectionL...', NULL)
#7 /Users/apple/Code/Swoole_Chat/swoole_framework/Core/Swoole/Server.php(96): Core\Http\Dispatcher->dispatch()
#8 {main}
time : 18-02-04 17:23:06 message: View [errors.404] not found. #0 /Users/apple/Code/Swoole_Chat/swoole_framework/vendor/illuminate/view/FileViewFinder.php(79): Illuminate\View\FileViewFinder->findInPaths('errors.404', Array)
#1 /Users/apple/Code/Swoole_Chat/swoole_framework/vendor/illuminate/view/Factory.php(128): Illuminate\View\FileViewFinder->find('errors.404')
#2 /Users/apple/Code/Swoole_Chat/swoole_framework/vendor/jenssegers/blade/src/Blade.php(79): Illuminate\View\Factory->make('errors.404', Array, Array)
#3 /Users/apple/Code/Swoole_Chat/swoole_framework/App/Bll/IndexController.php(16): Jenssegers\Blade\Blade->render('errors.404', Array)
#4 /Users/apple/Code/Swoole_Chat/swoole_framework/App/Com/Traits/AbstractControllerTraits.php(19): App\Bll\IndexController->View('errors.404')
#5 /Users/apple/Code/Swoole_Chat/swoole_framework/Core/AbstractInterface/AbstractREST.php(44): App\Bll\UserCenter\UserCenterController->actionNotFound('POSTConnectionL...', NULL)
#6 /Users/apple/Code/Swoole_Chat/swoole_framework/Core/Http/Dispatcher.php(137): Core\AbstractInterface\AbstractREST->__call('POSTConnectionL...', NULL)
#7 /Users/apple/Code/Swoole_Chat/swoole_framework/Core/Swoole/Server.php(96): Core\Http\Dispatcher->dispatch()
#8 {main}
time : 18-02-04 18:13:28 message: Swoole\WebSocket\Server::push(): connection[2] is not a websocket client. in file /Users/apple/Code/Swoole_Chat/swoole_framework/App/Bll/UserCenter/UserCenterController.php line 183
time : 18-02-04 21:19:35 message: Swoole\WebSocket\Server::push(): connection[6] is not a websocket client. in file /Users/apple/Code/Swoole_Chat/swoole_framework/App/Bll/UserCenter/UserCenterController.php line 183
time : 18-02-05 09:38:05 message: Swoole\WebSocket\Server::push(): connection[15] is not a websocket client. in file /Users/apple/Code/Swoole_Chat/swoole_framework/App/Bll/UserCenter/UserCenterController.php line 183
time : 18-02-05 09:38:27 message: Swoole\WebSocket\Server::push(): connection[15] is not a websocket client. in file /Users/apple/Code/Swoole_Chat/swoole_framework/App/Bll/UserCenter/UserCenterController.php line 183
time : 18-02-05 09:49:19 message: Swoole\WebSocket\Server::push(): connection[18] is not a websocket client. in file /Users/apple/Code/Swoole_Chat/swoole_framework/App/Bll/UserCenter/UserCenterController.php line 183
time : 18-02-05 09:49:34 message: Swoole\WebSocket\Server::push(): connection[18] is not a websocket client. in file /Users/apple/Code/Swoole_Chat/swoole_framework/App/Bll/UserCenter/UserCenterController.php line 183
time : 18-02-05 09:51:52 message: Swoole\WebSocket\Server::push(): connection[1] is not a websocket client. in file /Users/apple/Code/Swoole_Chat/swoole_framework/App/Bll/UserCenter/UserCenterController.php line 187
time : 18-02-05 09:52:07 message: Swoole\WebSocket\Server::push(): connection[1] is not a websocket client. in file /Users/apple/Code/Swoole_Chat/swoole_framework/App/Bll/UserCenter/UserCenterController.php line 187
time : 18-02-05 09:52:52 message: Swoole\WebSocket\Server::push(): connection[1] is not a websocket client. in file /Users/apple/Code/Swoole_Chat/swoole_framework/App/Bll/UserCenter/UserCenterController.php line 187
time : 18-02-05 09:53:03 message: Swoole\WebSocket\Server::push(): connection[1] is not a websocket client. in file /Users/apple/Code/Swoole_Chat/swoole_framework/App/Bll/UserCenter/UserCenterController.php line 187
time : 18-02-05 09:54:06 message: Swoole\WebSocket\Server::push(): connection[1] is not a websocket client. in file /Users/apple/Code/Swoole_Chat/swoole_framework/App/Bll/UserCenter/UserCenterController.php line 187
time : 18-02-05 09:54:10 message: Swoole\WebSocket\Server::push(): connection[1] is not a websocket client. in file /Users/apple/Code/Swoole_Chat/swoole_framework/App/Bll/UserCenter/UserCenterController.php line 187
time : 18-02-05 09:54:15 message: Swoole\WebSocket\Server::push(): connection[1] is not a websocket client. in file /Users/apple/Code/Swoole_Chat/swoole_framework/App/Bll/UserCenter/UserCenterController.php line 187
time : 18-02-05 10:05:22 message: Swoole\WebSocket\Server::push(): connection[7] is not a websocket client. in file /Users/apple/Code/Swoole_Chat/swoole_framework/App/Bll/UserCenter/UserCenterController.php line 187
time : 18-02-05 10:14:27 message: Uncaught Error: Call to undefined method Core\Http\Dispatcher::dispatchWEBSOCK() in /Users/apple/Code/Swoole_Chat/swoole_framework/Conf/Event.php:49
Stack trace:
#0 {main}
  thrown in file /Users/apple/Code/Swoole_Chat/swoole_framework/Conf/Event.php line 49
time : 18-02-05 10:14:52 message: Array to string conversion in file /Users/apple/Code/Swoole_Chat/swoole_framework/App/Bll/WebSocket/Register.php line 30
time : 18-02-05 10:15:56 message: Array to string conversion in file /Users/apple/Code/Swoole_Chat/swoole_framework/App/Bll/WebSocket/Register.php line 29
time : 18-02-05 10:15:56 message: Array to string conversion in file /Users/apple/Code/Swoole_Chat/swoole_framework/App/Bll/WebSocket/Register.php line 31
time : 18-02-05 10:20:30 message: Array to string conversion in file /Users/apple/Code/Swoole_Chat/swoole_framework/App/Bll/WebSocket/Register.php line 30
time : 18-02-05 10:20:31 message: Array to string conversion in file /Users/apple/Code/Swoole_Chat/swoole_framework/App/Bll/WebSocket/Register.php line 30
time : 18-02-05 10:20:37 message: Array to string conversion in file /Users/apple/Code/Swoole_Chat/swoole_framework/App/Bll/WebSocket/Register.php line 30
time : 18-02-05 10:21:02 message: Array to string conversion in file /Users/apple/Code/Swoole_Chat/swoole_framework/App/Bll/WebSocket/Register.php line 30
time : 18-02-05 10:21:03 message: Array to string conversion in file /Users/apple/Code/Swoole_Chat/swoole_framework/App/Bll/WebSocket/Register.php line 30
time : 18-02-05 10:21:04 message: Array to string conversion in file /Users/apple/Code/Swoole_Chat/swoole_framework/App/Bll/WebSocket/Register.php line 30
time : 18-02-05 10:22:55 message: View [errors.404] not found. #0 /Users/apple/Code/Swoole_Chat/swoole_framework/vendor/illuminate/view/FileViewFinder.php(79): Illuminate\View\FileViewFinder->findInPaths('errors.404', Array)
#1 /Users/apple/Code/Swoole_Chat/swoole_framework/vendor/illuminate/view/Factory.php(128): Illuminate\View\FileViewFinder->find('errors.404')
#2 /Users/apple/Code/Swoole_Chat/swoole_framework/vendor/jenssegers/blade/src/Blade.php(79): Illuminate\View\Factory->make('errors.404', Array, Array)
#3 /Users/apple/Code/Swoole_Chat/swoole_framework/App/Bll/IndexController.php(16): Jenssegers\Blade\Blade->render('errors.404', Array)
#4 /Users/apple/Code/Swoole_Chat/swoole_framework/App/Com/Traits/AbstractControllerTraits.php(19): App\Bll\IndexController->View('errors.404')
#5 /Users/apple/Code/Swoole_Chat/swoole_framework/Core/AbstractInterface/AbstractREST.php(44): App\Bll\UserCenter\UserCenterController->actionNotFound('OPTIONSLogin', NULL)
#6 /Users/apple/Code/Swoole_Chat/swoole_framework/Core/Http/Dispatcher.php(137): Core\AbstractInterface\AbstractREST->__call('OPTIONSLogin', NULL)
#7 /Users/apple/Code/Swoole_Chat/swoole_framework/Core/Swoole/Server.php(96): Core\Http\Dispatcher->dispatch()
#8 {main}
time : 18-02-05 10:23:03 message: Swoole\WebSocket\Server::push(): connection[6] is not a websocket client. in file /Users/apple/Code/Swoole_Chat/swoole_framework/App/Bll/WebSocket/Register.php line 32
time : 18-02-05 10:23:11 message: Swoole\WebSocket\Server::push(): connection[6] is not a websocket client. in file /Users/apple/Code/Swoole_Chat/swoole_framework/App/Bll/WebSocket/Register.php line 32
